mode: set
github.com/IBM/ibmcloud-volume-vpc/common/vpcclient/client/payload/body_provider.go:31.59,33.2 1 0
github.com/IBM/ibmcloud-volume-vpc/common/vpcclient/client/payload/body_provider.go:36.49,38.2 1 0
github.com/IBM/ibmcloud-volume-vpc/common/vpcclient/client/payload/body_provider.go:41.54,45.16 3 0
github.com/IBM/ibmcloud-volume-vpc/common/vpcclient/client/payload/body_provider.go:45.16,47.3 1 0
github.com/IBM/ibmcloud-volume-vpc/common/vpcclient/client/payload/body_provider.go:49.2,49.17 1 0
github.com/IBM/ibmcloud-volume-vpc/common/vpcclient/client/payload/body_provider.go:62.79,71.2 2 0
github.com/IBM/ibmcloud-volume-vpc/common/vpcclient/client/payload/body_provider.go:74.50,76.2 1 0
github.com/IBM/ibmcloud-volume-vpc/common/vpcclient/client/payload/body_provider.go:79.55,82.2 2 0
github.com/IBM/ibmcloud-volume-vpc/common/vpcclient/client/payload/body_provider.go:84.40,88.16 3 0
github.com/IBM/ibmcloud-volume-vpc/common/vpcclient/client/payload/body_provider.go:88.16,90.3 1 0
github.com/IBM/ibmcloud-volume-vpc/common/vpcclient/client/payload/body_provider.go:92.2,93.16 2 0
github.com/IBM/ibmcloud-volume-vpc/common/vpcclient/client/payload/body_provider.go:93.16,95.3 1 0
github.com/IBM/ibmcloud-volume-vpc/common/vpcclient/client/payload/body_provider.go:99.37,102.2 2 0
github.com/IBM/ibmcloud-volume-vpc/common/vpcclient/client/payload/response_consumer.go:29.58,31.2 1 0
github.com/IBM/ibmcloud-volume-vpc/common/vpcclient/client/payload/response_consumer.go:34.56,37.2 2 0
github.com/IBM/ibmcloud-volume-vpc/common/vpcclient/client/payload/response_consumer.go:40.47,42.2 1 0
github.com/IBM/ibmcloud-volume-vpc/common/registry/registry.go:42.85,44.17 2 0
github.com/IBM/ibmcloud-volume-vpc/common/registry/registry.go:44.17,46.3 1 0
github.com/IBM/ibmcloud-volume-vpc/common/registry/registry.go:47.2,47.8 1 0
github.com/IBM/ibmcloud-volume-vpc/common/registry/registry.go:51.75,52.25 1 0
github.com/IBM/ibmcloud-volume-vpc/common/registry/registry.go:52.25,54.3 1 0
github.com/IBM/ibmcloud-volume-vpc/common/registry/registry.go:55.2,55.30 1 0
github.com/IBM/ibmcloud-volume-vpc/common/messages/messages.go:31.68,33.16 1 0
github.com/IBM/ibmcloud-volume-vpc/common/messages/messages.go:33.16,35.3 1 0
github.com/IBM/ibmcloud-volume-vpc/common/messages/messages.go:36.2,38.16 3 0
github.com/IBM/ibmcloud-volume-vpc/common/messages/messages.go:42.64,44.19 2 0
github.com/IBM/ibmcloud-volume-vpc/common/messages/messages.go:44.19,46.3 1 0
github.com/IBM/ibmcloud-volume-vpc/common/messages/messages.go:47.2,47.16 1 0
github.com/IBM/ibmcloud-volume-vpc/common/messages/messages.go:51.70,54.16 2 0
github.com/IBM/ibmcloud-volume-vpc/common/messages/messages.go:54.16,56.3 1 0
github.com/IBM/ibmcloud-volume-vpc/common/messages/messages.go:57.2,57.16 1 0
github.com/IBM/ibmcloud-volume-vpc/common/messages/messages.go:61.41,62.48 1 0
github.com/IBM/ibmcloud-volume-vpc/common/messages/messages.go:62.48,63.36 1 0
github.com/IBM/ibmcloud-volume-vpc/common/messages/messages.go:63.36,65.4 1 0
github.com/IBM/ibmcloud-volume-vpc/common/messages/messages.go:67.2,67.45 1 0
github.com/IBM/ibmcloud-volume-vpc/common/messages/messages_en.go:281.45,283.2 1 0
github.com/IBM/ibmcloud-volume-vpc/common/vpcclient/client/fakes/client.go:73.79,81.32 6 0
github.com/IBM/ibmcloud-volume-vpc/common/vpcclient/client/fakes/client.go:81.32,83.3 1 0
github.com/IBM/ibmcloud-volume-vpc/common/vpcclient/client/fakes/client.go:84.2,84.20 1 0
github.com/IBM/ibmcloud-volume-vpc/common/vpcclient/client/fakes/client.go:84.20,86.3 1 0
github.com/IBM/ibmcloud-volume-vpc/common/vpcclient/client/fakes/client.go:87.2,88.28 2 0
github.com/IBM/ibmcloud-volume-vpc/common/vpcclient/client/fakes/client.go:91.54,95.2 3 0
github.com/IBM/ibmcloud-volume-vpc/common/vpcclient/client/fakes/client.go:97.90,101.2 3 0
github.com/IBM/ibmcloud-volume-vpc/common/vpcclient/client/fakes/client.go:103.75,108.2 4 0
github.com/IBM/ibmcloud-volume-vpc/common/vpcclient/client/fakes/client.go:110.71,117.2 4 0
github.com/IBM/ibmcloud-volume-vpc/common/vpcclient/client/fakes/client.go:119.84,123.41 4 0
github.com/IBM/ibmcloud-volume-vpc/common/vpcclient/client/fakes/client.go:123.41,127.3 1 0
github.com/IBM/ibmcloud-volume-vpc/common/vpcclient/client/fakes/client.go:128.2,130.12 1 0
github.com/IBM/ibmcloud-volume-vpc/common/vpcclient/client/fakes/client.go:133.76,141.35 6 0
github.com/IBM/ibmcloud-volume-vpc/common/vpcclient/client/fakes/client.go:141.35,143.3 1 0
github.com/IBM/ibmcloud-volume-vpc/common/vpcclient/client/fakes/client.go:144.2,144.20 1 0
github.com/IBM/ibmcloud-volume-vpc/common/vpcclient/client/fakes/client.go:144.20,146.3 1 0
github.com/IBM/ibmcloud-volume-vpc/common/vpcclient/client/fakes/client.go:147.2,148.28 2 0
github.com/IBM/ibmcloud-volume-vpc/common/vpcclient/client/fakes/client.go:151.57,155.2 3 0
github.com/IBM/ibmcloud-volume-vpc/common/vpcclient/client/fakes/client.go:157.87,161.2 3 0
github.com/IBM/ibmcloud-volume-vpc/common/vpcclient/client/fakes/client.go:163.67,168.2 4 0
github.com/IBM/ibmcloud-volume-vpc/common/vpcclient/client/fakes/client.go:170.79,177.2 4 0
github.com/IBM/ibmcloud-volume-vpc/common/vpcclient/client/fakes/client.go:179.92,183.44 4 0
github.com/IBM/ibmcloud-volume-vpc/common/vpcclient/client/fakes/client.go:183.44,187.3 1 0
github.com/IBM/ibmcloud-volume-vpc/common/vpcclient/client/fakes/client.go:188.2,190.12 1 0
github.com/IBM/ibmcloud-volume-vpc/common/vpcclient/client/fakes/client.go:193.75,201.31 6 0
github.com/IBM/ibmcloud-volume-vpc/common/vpcclient/client/fakes/client.go:201.31,203.3 1 0
github.com/IBM/ibmcloud-volume-vpc/common/vpcclient/client/fakes/client.go:204.2,204.20 1 0
github.com/IBM/ibmcloud-volume-vpc/common/vpcclient/client/fakes/client.go:204.20,206.3 1 0
github.com/IBM/ibmcloud-volume-vpc/common/vpcclient/client/fakes/client.go:207.2,208.28 2 0
github.com/IBM/ibmcloud-volume-vpc/common/vpcclient/client/fakes/client.go:211.53,215.2 3 0
github.com/IBM/ibmcloud-volume-vpc/common/vpcclient/client/fakes/client.go:217.86,221.2 3 0
github.com/IBM/ibmcloud-volume-vpc/common/vpcclient/client/fakes/client.go:223.66,228.2 4 0
github.com/IBM/ibmcloud-volume-vpc/common/vpcclient/client/fakes/client.go:230.75,237.2 4 0
github.com/IBM/ibmcloud-volume-vpc/common/vpcclient/client/fakes/client.go:239.88,243.40 4 0
github.com/IBM/ibmcloud-volume-vpc/common/vpcclient/client/fakes/client.go:243.40,247.3 1 0
github.com/IBM/ibmcloud-volume-vpc/common/vpcclient/client/fakes/client.go:248.2,250.12 1 0
github.com/IBM/ibmcloud-volume-vpc/common/vpcclient/client/fakes/client.go:253.93,262.39 6 0
github.com/IBM/ibmcloud-volume-vpc/common/vpcclient/client/fakes/client.go:262.39,264.3 1 0
github.com/IBM/ibmcloud-volume-vpc/common/vpcclient/client/fakes/client.go:265.2,265.20 1 0
github.com/IBM/ibmcloud-volume-vpc/common/vpcclient/client/fakes/client.go:265.20,267.3 1 0
github.com/IBM/ibmcloud-volume-vpc/common/vpcclient/client/fakes/client.go:268.2,269.28 2 0
github.com/IBM/ibmcloud-volume-vpc/common/vpcclient/client/fakes/client.go:272.61,276.2 3 0
github.com/IBM/ibmcloud-volume-vpc/common/vpcclient/client/fakes/client.go:278.99,282.2 3 0
github.com/IBM/ibmcloud-volume-vpc/common/vpcclient/client/fakes/client.go:284.81,289.2 4 0
github.com/IBM/ibmcloud-volume-vpc/common/vpcclient/client/fakes/client.go:291.83,298.2 4 0
github.com/IBM/ibmcloud-volume-vpc/common/vpcclient/client/fakes/client.go:300.96,304.48 4 0
github.com/IBM/ibmcloud-volume-vpc/common/vpcclient/client/fakes/client.go:304.48,308.3 1 0
github.com/IBM/ibmcloud-volume-vpc/common/vpcclient/client/fakes/client.go:309.2,311.12 1 0
github.com/IBM/ibmcloud-volume-vpc/common/vpcclient/client/fakes/client.go:314.90,323.36 6 0
github.com/IBM/ibmcloud-volume-vpc/common/vpcclient/client/fakes/client.go:323.36,325.3 1 0
github.com/IBM/ibmcloud-volume-vpc/common/vpcclient/client/fakes/client.go:326.2,326.20 1 0
github.com/IBM/ibmcloud-volume-vpc/common/vpcclient/client/fakes/client.go:326.20,328.3 1 0
github.com/IBM/ibmcloud-volume-vpc/common/vpcclient/client/fakes/client.go:329.2,330.28 2 0
github.com/IBM/ibmcloud-volume-vpc/common/vpcclient/client/fakes/client.go:333.58,337.2 3 0
github.com/IBM/ibmcloud-volume-vpc/common/vpcclient/client/fakes/client.go:339.96,343.2 3 0
github.com/IBM/ibmcloud-volume-vpc/common/vpcclient/client/fakes/client.go:345.78,350.2 4 0
github.com/IBM/ibmcloud-volume-vpc/common/vpcclient/client/fakes/client.go:352.80,359.2 4 0
github.com/IBM/ibmcloud-volume-vpc/common/vpcclient/client/fakes/client.go:361.93,365.45 4 0
github.com/IBM/ibmcloud-volume-vpc/common/vpcclient/client/fakes/client.go:365.45,369.3 1 0
github.com/IBM/ibmcloud-volume-vpc/common/vpcclient/client/fakes/client.go:370.2,372.12 1 0
github.com/IBM/ibmcloud-volume-vpc/common/vpcclient/client/fakes/client.go:375.69,389.43 14 0
github.com/IBM/ibmcloud-volume-vpc/common/vpcclient/client/fakes/client.go:389.43,391.3 1 0
github.com/IBM/ibmcloud-volume-vpc/common/vpcclient/client/fakes/client.go:392.2,392.26 1 0
github.com/IBM/ibmcloud-volume-vpc/common/vpcclient/client/fakes/client.go:395.77,398.29 3 0
github.com/IBM/ibmcloud-volume-vpc/common/vpcclient/client/fakes/client.go:398.29,400.3 1 0
github.com/IBM/ibmcloud-volume-vpc/common/vpcclient/client/fakes/client.go:401.2,401.34 1 0
github.com/IBM/ibmcloud-volume-vpc/common/vpcclient/client/fakes/client.go:401.34,403.3 1 0
github.com/IBM/ibmcloud-volume-vpc/common/vpcclient/client/fakes/client.go:404.2,404.61 1 0
github.com/IBM/ibmcloud-volume-vpc/common/vpcclient/client/authentication.go:34.64,37.23 2 1
github.com/IBM/ibmcloud-volume-vpc/common/vpcclient/client/authentication.go:37.23,39.3 1 0
github.com/IBM/ibmcloud-volume-vpc/common/vpcclient/client/authentication.go:40.2,41.12 2 1
github.com/IBM/ibmcloud-volume-vpc/common/vpcclient/client/client.go:58.152,69.2 1 1
github.com/IBM/ibmcloud-volume-vpc/common/vpcclient/client/client.go:72.60,76.23 4 1
github.com/IBM/ibmcloud-volume-vpc/common/vpcclient/client/client.go:76.23,79.3 2 1
github.com/IBM/ibmcloud-volume-vpc/common/vpcclient/client/client.go:81.2,81.27 1 1
github.com/IBM/ibmcloud-volume-vpc/common/vpcclient/client/client.go:81.27,83.3 1 1
github.com/IBM/ibmcloud-volume-vpc/common/vpcclient/client/client.go:86.2,87.34 2 1
github.com/IBM/ibmcloud-volume-vpc/common/vpcclient/client/client.go:87.34,89.3 1 1
github.com/IBM/ibmcloud-volume-vpc/common/vpcclient/client/client.go:91.2,102.3 1 1
github.com/IBM/ibmcloud-volume-vpc/common/vpcclient/client/client.go:106.60,109.2 2 1
github.com/IBM/ibmcloud-volume-vpc/common/vpcclient/client/client.go:112.64,117.2 2 1
github.com/IBM/ibmcloud-volume-vpc/common/vpcclient/client/client.go:120.70,123.2 2 1
github.com/IBM/ibmcloud-volume-vpc/common/vpcclient/client/client.go:126.67,129.2 2 1
github.com/IBM/ibmcloud-volume-vpc/common/vpcclient/client/params.go:24.31,26.22 2 1
github.com/IBM/ibmcloud-volume-vpc/common/vpcclient/client/params.go:26.22,28.3 1 1
github.com/IBM/ibmcloud-volume-vpc/common/vpcclient/client/params.go:29.2,29.15 1 1
github.com/IBM/ibmcloud-volume-vpc/common/vpcclient/client/request.go:79.33,81.33 2 1
github.com/IBM/ibmcloud-volume-vpc/common/vpcclient/client/request.go:81.33,83.3 1 0
github.com/IBM/ibmcloud-volume-vpc/common/vpcclient/client/request.go:84.2,84.13 1 1
github.com/IBM/ibmcloud-volume-vpc/common/vpcclient/client/request.go:88.32,90.20 2 1
github.com/IBM/ibmcloud-volume-vpc/common/vpcclient/client/request.go:90.20,92.3 1 1
github.com/IBM/ibmcloud-volume-vpc/common/vpcclient/client/request.go:93.2,93.43 1 1
github.com/IBM/ibmcloud-volume-vpc/common/vpcclient/client/request.go:93.43,95.3 1 1
github.com/IBM/ibmcloud-volume-vpc/common/vpcclient/client/request.go:96.2,97.20 2 1
github.com/IBM/ibmcloud-volume-vpc/common/vpcclient/client/request.go:97.20,99.3 1 1
github.com/IBM/ibmcloud-volume-vpc/common/vpcclient/client/request.go:100.2,103.29 3 1
github.com/IBM/ibmcloud-volume-vpc/common/vpcclient/client/request.go:107.62,110.2 2 0
github.com/IBM/ibmcloud-volume-vpc/common/vpcclient/client/request.go:113.61,114.26 1 1
github.com/IBM/ibmcloud-volume-vpc/common/vpcclient/client/request.go:114.26,116.3 1 0
github.com/IBM/ibmcloud-volume-vpc/common/vpcclient/client/request.go:117.2,118.10 2 1
github.com/IBM/ibmcloud-volume-vpc/common/vpcclient/client/request.go:122.61,123.26 1 0
github.com/IBM/ibmcloud-volume-vpc/common/vpcclient/client/request.go:123.26,125.3 1 0
github.com/IBM/ibmcloud-volume-vpc/common/vpcclient/client/request.go:126.2,127.10 2 0
github.com/IBM/ibmcloud-volume-vpc/common/vpcclient/client/request.go:131.57,134.2 2 0
github.com/IBM/ibmcloud-volume-vpc/common/vpcclient/client/request.go:137.52,138.90 1 1
github.com/IBM/ibmcloud-volume-vpc/common/vpcclient/client/request.go:138.90,142.28 3 0
github.com/IBM/ibmcloud-volume-vpc/common/vpcclient/client/request.go:142.28,144.4 1 0
github.com/IBM/ibmcloud-volume-vpc/common/vpcclient/client/request.go:146.3,146.50 1 0
github.com/IBM/ibmcloud-volume-vpc/common/vpcclient/client/request.go:147.8,149.3 1 1
github.com/IBM/ibmcloud-volume-vpc/common/vpcclient/client/request.go:150.2,150.10 1 1
github.com/IBM/ibmcloud-volume-vpc/common/vpcclient/client/request.go:155.79,158.2 2 1
github.com/IBM/ibmcloud-volume-vpc/common/vpcclient/client/request.go:162.62,165.2 2 1
github.com/IBM/ibmcloud-volume-vpc/common/vpcclient/client/request.go:169.54,172.2 2 1
github.com/IBM/ibmcloud-volume-vpc/common/vpcclient/client/request.go:175.52,177.16 2 1
github.com/IBM/ibmcloud-volume-vpc/common/vpcclient/client/request.go:177.16,179.3 1 0
github.com/IBM/ibmcloud-volume-vpc/common/vpcclient/client/request.go:181.2,182.27 2 1
github.com/IBM/ibmcloud-volume-vpc/common/vpcclient/client/request.go:182.27,184.17 2 1
github.com/IBM/ibmcloud-volume-vpc/common/vpcclient/client/request.go:184.17,186.4 1 0
github.com/IBM/ibmcloud-volume-vpc/common/vpcclient/client/request.go:188.3,188.69 1 1
github.com/IBM/ibmcloud-volume-vpc/common/vpcclient/client/request.go:188.69,190.4 1 1
github.com/IBM/ibmcloud-volume-vpc/common/vpcclient/client/request.go:193.2,194.16 2 1
github.com/IBM/ibmcloud-volume-vpc/common/vpcclient/client/request.go:194.16,196.3 1 0
github.com/IBM/ibmcloud-volume-vpc/common/vpcclient/client/request.go:198.2,198.30 1 1
github.com/IBM/ibmcloud-volume-vpc/common/vpcclient/client/request.go:198.30,200.3 1 1
github.com/IBM/ibmcloud-volume-vpc/common/vpcclient/client/request.go:202.2,205.16 3 1
github.com/IBM/ibmcloud-volume-vpc/common/vpcclient/client/request.go:205.16,207.3 1 0
github.com/IBM/ibmcloud-volume-vpc/common/vpcclient/client/request.go:208.2,212.9 3 1
github.com/IBM/ibmcloud-volume-vpc/common/vpcclient/client/request.go:213.47,214.8 1 0
github.com/IBM/ibmcloud-volume-vpc/common/vpcclient/client/request.go:216.56,217.31 1 1
github.com/IBM/ibmcloud-volume-vpc/common/vpcclient/client/request.go:217.31,219.4 1 1
github.com/IBM/ibmcloud-volume-vpc/common/vpcclient/client/request.go:221.10,222.29 1 1
github.com/IBM/ibmcloud-volume-vpc/common/vpcclient/client/request.go:222.29,224.18 2 1
github.com/IBM/ibmcloud-volume-vpc/common/vpcclient/client/request.go:224.18,227.37 3 1
github.com/IBM/ibmcloud-volume-vpc/common/vpcclient/client/request.go:227.37,229.6 1 1
github.com/IBM/ibmcloud-volume-vpc/common/vpcclient/client/request.go:234.2,234.18 1 1
github.com/IBM/ibmcloud-volume-vpc/common/vpcclient/client/request.go:237.51,238.26 1 1
github.com/IBM/ibmcloud-volume-vpc/common/vpcclient/client/request.go:238.26,240.3 1 0
github.com/IBM/ibmcloud-volume-vpc/common/vpcclient/client/request.go:242.2,244.16 3 1
github.com/IBM/ibmcloud-volume-vpc/common/vpcclient/client/request.go:244.16,247.3 2 0
github.com/IBM/ibmcloud-volume-vpc/common/vpcclient/client/request.go:249.2,250.15 2 1
github.com/IBM/ibmcloud-volume-vpc/common/vpcclient/client/request.go:250.15,252.3 1 1
github.com/IBM/ibmcloud-volume-vpc/common/vpcclient/client/request.go:255.54,256.26 1 1
github.com/IBM/ibmcloud-volume-vpc/common/vpcclient/client/request.go:256.26,258.3 1 0
github.com/IBM/ibmcloud-volume-vpc/common/vpcclient/client/request.go:260.2,261.16 2 1
github.com/IBM/ibmcloud-volume-vpc/common/vpcclient/client/request.go:261.16,264.3 2 0
github.com/IBM/ibmcloud-volume-vpc/common/vpcclient/client/request.go:266.2,266.95 1 1
github.com/IBM/ibmcloud-volume-vpc/common/vpcclient/client/request.go:269.62,271.2 1 1
github.com/IBM/ibmcloud-volume-vpc/common/vpcclient/client/request.go:276.36,293.2 11 1
github.com/IBM/ibmcloud-volume-vpc/common/vpcclient/client/request.go:295.65,298.2 2 1
github.com/IBM/ibmcloud-volume-vpc/common/vpcclient/instances/attach_volume.go:31.153,49.16 10 1
github.com/IBM/ibmcloud-volume-vpc/common/vpcclient/instances/attach_volume.go:49.16,51.3 1 1
github.com/IBM/ibmcloud-volume-vpc/common/vpcclient/instances/attach_volume.go:53.2,54.31 2 1
github.com/IBM/ibmcloud-volume-vpc/common/vpcclient/instances/detach_volume.go:32.143,53.16 12 1
github.com/IBM/ibmcloud-volume-vpc/common/vpcclient/instances/detach_volume.go:53.16,55.60 2 1
github.com/IBM/ibmcloud-volume-vpc/common/vpcclient/instances/detach_volume.go:55.60,59.4 2 1
github.com/IBM/ibmcloud-volume-vpc/common/vpcclient/instances/detach_volume.go:61.2,62.18 2 1
github.com/IBM/ibmcloud-volume-vpc/common/vpcclient/instances/get_volume_attachment.go:31.160,52.16 13 1
github.com/IBM/ibmcloud-volume-vpc/common/vpcclient/instances/get_volume_attachment.go:52.16,55.3 2 0
github.com/IBM/ibmcloud-volume-vpc/common/vpcclient/instances/get_volume_attachment.go:56.2,57.31 2 1
github.com/IBM/ibmcloud-volume-vpc/common/vpcclient/instances/iks_attach_volume.go:30.156,52.16 12 1
github.com/IBM/ibmcloud-volume-vpc/common/vpcclient/instances/iks_attach_volume.go:52.16,54.3 1 0
github.com/IBM/ibmcloud-volume-vpc/common/vpcclient/instances/iks_attach_volume.go:56.2,57.31 2 1
github.com/IBM/ibmcloud-volume-vpc/common/vpcclient/instances/iks_detach_volume.go:31.146,50.16 10 1
github.com/IBM/ibmcloud-volume-vpc/common/vpcclient/instances/iks_detach_volume.go:50.16,52.60 2 0
github.com/IBM/ibmcloud-volume-vpc/common/vpcclient/instances/iks_detach_volume.go:52.60,55.4 1 0
github.com/IBM/ibmcloud-volume-vpc/common/vpcclient/instances/iks_detach_volume.go:58.2,59.18 2 1
github.com/IBM/ibmcloud-volume-vpc/common/vpcclient/instances/iks_get_volume_attachment.go:30.163,50.16 11 1
github.com/IBM/ibmcloud-volume-vpc/common/vpcclient/instances/iks_get_volume_attachment.go:50.16,53.3 2 0
github.com/IBM/ibmcloud-volume-vpc/common/vpcclient/instances/iks_get_volume_attachment.go:54.2,55.31 2 1
github.com/IBM/ibmcloud-volume-vpc/common/vpcclient/instances/iks_list_volume_attachments.go:30.169,50.16 10 1
github.com/IBM/ibmcloud-volume-vpc/common/vpcclient/instances/iks_list_volume_attachments.go:50.16,53.3 2 0
github.com/IBM/ibmcloud-volume-vpc/common/vpcclient/instances/iks_list_volume_attachments.go:54.2,55.35 2 1
github.com/IBM/ibmcloud-volume-vpc/common/vpcclient/instances/list_volume_attachments.go:31.166,51.16 11 1
github.com/IBM/ibmcloud-volume-vpc/common/vpcclient/instances/list_volume_attachments.go:51.16,54.3 2 1
github.com/IBM/ibmcloud-volume-vpc/common/vpcclient/instances/list_volume_attachments.go:55.2,56.35 2 1
github.com/IBM/ibmcloud-volume-vpc/common/vpcclient/instances/volume_mounter_service.go:60.61,66.130 2 1
github.com/IBM/ibmcloud-volume-vpc/common/vpcclient/instances/volume_mounter_service.go:66.130,69.4 2 1
github.com/IBM/ibmcloud-volume-vpc/common/vpcclient/instances/volume_mounter_service.go:76.87,83.2 2 1
github.com/IBM/ibmcloud-volume-vpc/common/vpcclient/instances/fakes/volume_attach_service.go:74.130,85.17 8 0
github.com/IBM/ibmcloud-volume-vpc/common/vpcclient/instances/fakes/volume_attach_service.go:85.17,87.3 1 0
github.com/IBM/ibmcloud-volume-vpc/common/vpcclient/instances/fakes/volume_attach_service.go:88.2,88.20 1 0
github.com/IBM/ibmcloud-volume-vpc/common/vpcclient/instances/fakes/volume_attach_service.go:88.20,90.3 1 0
github.com/IBM/ibmcloud-volume-vpc/common/vpcclient/instances/fakes/volume_attach_service.go:91.2,91.49 1 0
github.com/IBM/ibmcloud-volume-vpc/common/vpcclient/instances/fakes/volume_attach_service.go:94.62,98.2 3 0
github.com/IBM/ibmcloud-volume-vpc/common/vpcclient/instances/fakes/volume_attach_service.go:100.136,104.2 3 0
github.com/IBM/ibmcloud-volume-vpc/common/vpcclient/instances/fakes/volume_attach_service.go:106.105,111.2 4 0
github.com/IBM/ibmcloud-volume-vpc/common/vpcclient/instances/fakes/volume_attach_service.go:113.103,121.2 4 0
github.com/IBM/ibmcloud-volume-vpc/common/vpcclient/instances/fakes/volume_attach_service.go:123.116,127.43 4 0
github.com/IBM/ibmcloud-volume-vpc/common/vpcclient/instances/fakes/volume_attach_service.go:127.43,132.3 1 0
github.com/IBM/ibmcloud-volume-vpc/common/vpcclient/instances/fakes/volume_attach_service.go:133.2,136.21 1 0
github.com/IBM/ibmcloud-volume-vpc/common/vpcclient/instances/fakes/volume_attach_service.go:139.120,150.17 8 0
github.com/IBM/ibmcloud-volume-vpc/common/vpcclient/instances/fakes/volume_attach_service.go:150.17,152.3 1 0
github.com/IBM/ibmcloud-volume-vpc/common/vpcclient/instances/fakes/volume_attach_service.go:153.2,153.20 1 0
github.com/IBM/ibmcloud-volume-vpc/common/vpcclient/instances/fakes/volume_attach_service.go:153.20,155.3 1 0
github.com/IBM/ibmcloud-volume-vpc/common/vpcclient/instances/fakes/volume_attach_service.go:156.2,156.49 1 0
github.com/IBM/ibmcloud-volume-vpc/common/vpcclient/instances/fakes/volume_attach_service.go:159.62,163.2 3 0
github.com/IBM/ibmcloud-volume-vpc/common/vpcclient/instances/fakes/volume_attach_service.go:165.126,169.2 3 0
github.com/IBM/ibmcloud-volume-vpc/common/vpcclient/instances/fakes/volume_attach_service.go:171.105,176.2 4 0
github.com/IBM/ibmcloud-volume-vpc/common/vpcclient/instances/fakes/volume_attach_service.go:178.93,186.2 4 0
github.com/IBM/ibmcloud-volume-vpc/common/vpcclient/instances/fakes/volume_attach_service.go:188.106,192.43 4 0
github.com/IBM/ibmcloud-volume-vpc/common/vpcclient/instances/fakes/volume_attach_service.go:192.43,197.3 1 0
github.com/IBM/ibmcloud-volume-vpc/common/vpcclient/instances/fakes/volume_attach_service.go:198.2,201.21 1 0
github.com/IBM/ibmcloud-volume-vpc/common/vpcclient/instances/fakes/volume_attach_service.go:204.137,215.17 8 0
github.com/IBM/ibmcloud-volume-vpc/common/vpcclient/instances/fakes/volume_attach_service.go:215.17,217.3 1 0
github.com/IBM/ibmcloud-volume-vpc/common/vpcclient/instances/fakes/volume_attach_service.go:218.2,218.20 1 0
github.com/IBM/ibmcloud-volume-vpc/common/vpcclient/instances/fakes/volume_attach_service.go:218.20,220.3 1 0
github.com/IBM/ibmcloud-volume-vpc/common/vpcclient/instances/fakes/volume_attach_service.go:221.2,221.49 1 0
github.com/IBM/ibmcloud-volume-vpc/common/vpcclient/instances/fakes/volume_attach_service.go:224.69,228.2 3 0
github.com/IBM/ibmcloud-volume-vpc/common/vpcclient/instances/fakes/volume_attach_service.go:230.143,234.2 3 0
github.com/IBM/ibmcloud-volume-vpc/common/vpcclient/instances/fakes/volume_attach_service.go:236.112,241.2 4 0
github.com/IBM/ibmcloud-volume-vpc/common/vpcclient/instances/fakes/volume_attach_service.go:243.110,251.2 4 0
github.com/IBM/ibmcloud-volume-vpc/common/vpcclient/instances/fakes/volume_attach_service.go:253.123,257.50 4 0
github.com/IBM/ibmcloud-volume-vpc/common/vpcclient/instances/fakes/volume_attach_service.go:257.50,262.3 1 0
github.com/IBM/ibmcloud-volume-vpc/common/vpcclient/instances/fakes/volume_attach_service.go:263.2,266.21 1 0
github.com/IBM/ibmcloud-volume-vpc/common/vpcclient/instances/fakes/volume_attach_service.go:269.143,280.17 8 0
github.com/IBM/ibmcloud-volume-vpc/common/vpcclient/instances/fakes/volume_attach_service.go:280.17,282.3 1 0
github.com/IBM/ibmcloud-volume-vpc/common/vpcclient/instances/fakes/volume_attach_service.go:283.2,283.20 1 0
github.com/IBM/ibmcloud-volume-vpc/common/vpcclient/instances/fakes/volume_attach_service.go:283.20,285.3 1 0
github.com/IBM/ibmcloud-volume-vpc/common/vpcclient/instances/fakes/volume_attach_service.go:286.2,286.49 1 0
github.com/IBM/ibmcloud-volume-vpc/common/vpcclient/instances/fakes/volume_attach_service.go:289.71,293.2 3 0
github.com/IBM/ibmcloud-volume-vpc/common/vpcclient/instances/fakes/volume_attach_service.go:295.149,299.2 3 0
github.com/IBM/ibmcloud-volume-vpc/common/vpcclient/instances/fakes/volume_attach_service.go:301.114,306.2 4 0
github.com/IBM/ibmcloud-volume-vpc/common/vpcclient/instances/fakes/volume_attach_service.go:308.116,316.2 4 0
github.com/IBM/ibmcloud-volume-vpc/common/vpcclient/instances/fakes/volume_attach_service.go:318.129,322.52 4 0
github.com/IBM/ibmcloud-volume-vpc/common/vpcclient/instances/fakes/volume_attach_service.go:322.52,327.3 1 0
github.com/IBM/ibmcloud-volume-vpc/common/vpcclient/instances/fakes/volume_attach_service.go:328.2,331.21 1 0
github.com/IBM/ibmcloud-volume-vpc/common/vpcclient/instances/fakes/volume_attach_service.go:334.75,346.43 12 0
github.com/IBM/ibmcloud-volume-vpc/common/vpcclient/instances/fakes/volume_attach_service.go:346.43,348.3 1 0
github.com/IBM/ibmcloud-volume-vpc/common/vpcclient/instances/fakes/volume_attach_service.go:349.2,349.26 1 0
github.com/IBM/ibmcloud-volume-vpc/common/vpcclient/instances/fakes/volume_attach_service.go:352.83,355.29 3 0
github.com/IBM/ibmcloud-volume-vpc/common/vpcclient/instances/fakes/volume_attach_service.go:355.29,357.3 1 0
github.com/IBM/ibmcloud-volume-vpc/common/vpcclient/instances/fakes/volume_attach_service.go:358.2,358.34 1 0
github.com/IBM/ibmcloud-volume-vpc/common/vpcclient/instances/fakes/volume_attach_service.go:358.34,360.3 1 0
github.com/IBM/ibmcloud-volume-vpc/common/vpcclient/instances/fakes/volume_attach_service.go:361.2,361.61 1 0
github.com/IBM/ibmcloud-volume-vpc/block/utils/init_provider.go:36.139,41.53 3 0
github.com/IBM/ibmcloud-volume-vpc/block/utils/init_provider.go:41.53,44.17 3 0
github.com/IBM/ibmcloud-volume-vpc/block/utils/init_provider.go:44.17,47.4 2 0
github.com/IBM/ibmcloud-volume-vpc/block/utils/init_provider.go:48.3,49.23 2 0
github.com/IBM/ibmcloud-volume-vpc/block/utils/init_provider.go:53.2,53.53 1 0
github.com/IBM/ibmcloud-volume-vpc/block/utils/init_provider.go:53.53,56.17 3 0
github.com/IBM/ibmcloud-volume-vpc/block/utils/init_provider.go:56.17,59.4 2 0
github.com/IBM/ibmcloud-volume-vpc/block/utils/init_provider.go:60.3,61.23 2 0
github.com/IBM/ibmcloud-volume-vpc/block/utils/init_provider.go:64.2,64.19 1 0
github.com/IBM/ibmcloud-volume-vpc/block/utils/init_provider.go:64.19,67.3 2 0
github.com/IBM/ibmcloud-volume-vpc/block/utils/init_provider.go:69.2,69.51 1 0
github.com/IBM/ibmcloud-volume-vpc/block/utils/init_provider.go:73.211,75.2 1 0
github.com/IBM/ibmcloud-volume-vpc/block/utils/init_provider.go:78.195,81.16 3 0
github.com/IBM/ibmcloud-volume-vpc/block/utils/init_provider.go:81.16,84.3 2 0
github.com/IBM/ibmcloud-volume-vpc/block/utils/init_provider.go:85.2,87.16 3 0
github.com/IBM/ibmcloud-volume-vpc/block/utils/init_provider.go:87.16,90.3 2 0
github.com/IBM/ibmcloud-volume-vpc/block/utils/init_provider.go:92.2,93.16 2 0
github.com/IBM/ibmcloud-volume-vpc/block/utils/init_provider.go:93.16,96.3 2 0
github.com/IBM/ibmcloud-volume-vpc/block/utils/init_provider.go:98.2,99.28 2 0
github.com/IBM/ibmcloud-volume-vpc/block/utils/init_provider.go:103.203,107.9 2 0
github.com/IBM/ibmcloud-volume-vpc/block/utils/init_provider.go:108.84,110.89 2 0
github.com/IBM/ibmcloud-volume-vpc/block/utils/init_provider.go:112.84,113.44 1 0
github.com/IBM/ibmcloud-volume-vpc/block/utils/init_provider.go:115.10,117.46 1 0
github.com/IBM/ibmcloud-volume-vpc/common/vpcclient/riaas/fakes/client_provider.go:28.90,38.17 8 0
github.com/IBM/ibmcloud-volume-vpc/common/vpcclient/riaas/fakes/client_provider.go:38.17,40.3 1 0
github.com/IBM/ibmcloud-volume-vpc/common/vpcclient/riaas/fakes/client_provider.go:41.2,41.20 1 0
github.com/IBM/ibmcloud-volume-vpc/common/vpcclient/riaas/fakes/client_provider.go:41.20,43.3 1 0
github.com/IBM/ibmcloud-volume-vpc/common/vpcclient/riaas/fakes/client_provider.go:44.2,44.49 1 0
github.com/IBM/ibmcloud-volume-vpc/common/vpcclient/riaas/fakes/client_provider.go:47.59,51.2 3 0
github.com/IBM/ibmcloud-volume-vpc/common/vpcclient/riaas/fakes/client_provider.go:53.101,57.2 3 0
github.com/IBM/ibmcloud-volume-vpc/common/vpcclient/riaas/fakes/client_provider.go:59.75,64.2 4 0
github.com/IBM/ibmcloud-volume-vpc/common/vpcclient/riaas/fakes/client_provider.go:66.93,74.2 4 0
github.com/IBM/ibmcloud-volume-vpc/common/vpcclient/riaas/fakes/client_provider.go:76.106,80.34 4 0
github.com/IBM/ibmcloud-volume-vpc/common/vpcclient/riaas/fakes/client_provider.go:80.34,85.3 1 0
github.com/IBM/ibmcloud-volume-vpc/common/vpcclient/riaas/fakes/client_provider.go:86.2,89.21 1 0
github.com/IBM/ibmcloud-volume-vpc/common/vpcclient/riaas/fakes/client_provider.go:92.81,98.43 6 0
github.com/IBM/ibmcloud-volume-vpc/common/vpcclient/riaas/fakes/client_provider.go:98.43,100.3 1 0
github.com/IBM/ibmcloud-volume-vpc/common/vpcclient/riaas/fakes/client_provider.go:101.2,101.26 1 0
github.com/IBM/ibmcloud-volume-vpc/common/vpcclient/riaas/fakes/client_provider.go:104.89,107.29 3 0
github.com/IBM/ibmcloud-volume-vpc/common/vpcclient/riaas/fakes/client_provider.go:107.29,109.3 1 0
github.com/IBM/ibmcloud-volume-vpc/common/vpcclient/riaas/fakes/client_provider.go:110.2,110.34 1 0
github.com/IBM/ibmcloud-volume-vpc/common/vpcclient/riaas/fakes/client_provider.go:110.34,112.3 1 0
github.com/IBM/ibmcloud-volume-vpc/common/vpcclient/riaas/fakes/client_provider.go:113.2,113.61 1 0
github.com/IBM/ibmcloud-volume-vpc/common/vpcclient/riaas/fakes/regional_api.go:68.81,77.17 8 0
github.com/IBM/ibmcloud-volume-vpc/common/vpcclient/riaas/fakes/regional_api.go:77.17,79.3 1 0
github.com/IBM/ibmcloud-volume-vpc/common/vpcclient/riaas/fakes/regional_api.go:80.2,80.20 1 0
github.com/IBM/ibmcloud-volume-vpc/common/vpcclient/riaas/fakes/regional_api.go:80.20,82.3 1 0
github.com/IBM/ibmcloud-volume-vpc/common/vpcclient/riaas/fakes/regional_api.go:83.2,83.28 1 0
github.com/IBM/ibmcloud-volume-vpc/common/vpcclient/riaas/fakes/regional_api.go:86.64,90.2 3 0
github.com/IBM/ibmcloud-volume-vpc/common/vpcclient/riaas/fakes/regional_api.go:92.97,96.2 3 0
github.com/IBM/ibmcloud-volume-vpc/common/vpcclient/riaas/fakes/regional_api.go:98.95,105.2 4 0
github.com/IBM/ibmcloud-volume-vpc/common/vpcclient/riaas/fakes/regional_api.go:107.108,111.53 4 0
github.com/IBM/ibmcloud-volume-vpc/common/vpcclient/riaas/fakes/regional_api.go:111.53,115.3 1 0
github.com/IBM/ibmcloud-volume-vpc/common/vpcclient/riaas/fakes/regional_api.go:116.2,118.12 1 0
github.com/IBM/ibmcloud-volume-vpc/common/vpcclient/riaas/fakes/regional_api.go:121.51,131.17 8 0
github.com/IBM/ibmcloud-volume-vpc/common/vpcclient/riaas/fakes/regional_api.go:131.17,133.3 1 0
github.com/IBM/ibmcloud-volume-vpc/common/vpcclient/riaas/fakes/regional_api.go:134.2,134.20 1 0
github.com/IBM/ibmcloud-volume-vpc/common/vpcclient/riaas/fakes/regional_api.go:134.20,136.3 1 0
github.com/IBM/ibmcloud-volume-vpc/common/vpcclient/riaas/fakes/regional_api.go:137.2,137.28 1 0
github.com/IBM/ibmcloud-volume-vpc/common/vpcclient/riaas/fakes/regional_api.go:140.47,144.2 3 0
github.com/IBM/ibmcloud-volume-vpc/common/vpcclient/riaas/fakes/regional_api.go:146.62,150.2 3 0
github.com/IBM/ibmcloud-volume-vpc/common/vpcclient/riaas/fakes/regional_api.go:152.57,157.2 4 0
github.com/IBM/ibmcloud-volume-vpc/common/vpcclient/riaas/fakes/regional_api.go:159.54,166.2 4 0
github.com/IBM/ibmcloud-volume-vpc/common/vpcclient/riaas/fakes/regional_api.go:168.67,172.36 4 0
github.com/IBM/ibmcloud-volume-vpc/common/vpcclient/riaas/fakes/regional_api.go:172.36,176.3 1 0
github.com/IBM/ibmcloud-volume-vpc/common/vpcclient/riaas/fakes/regional_api.go:177.2,179.12 1 0
github.com/IBM/ibmcloud-volume-vpc/common/vpcclient/riaas/fakes/regional_api.go:182.70,191.17 8 0
github.com/IBM/ibmcloud-volume-vpc/common/vpcclient/riaas/fakes/regional_api.go:191.17,193.3 1 0
github.com/IBM/ibmcloud-volume-vpc/common/vpcclient/riaas/fakes/regional_api.go:194.2,194.20 1 0
github.com/IBM/ibmcloud-volume-vpc/common/vpcclient/riaas/fakes/regional_api.go:194.20,196.3 1 0
github.com/IBM/ibmcloud-volume-vpc/common/vpcclient/riaas/fakes/regional_api.go:197.2,197.28 1 0
github.com/IBM/ibmcloud-volume-vpc/common/vpcclient/riaas/fakes/regional_api.go:200.57,204.2 3 0
github.com/IBM/ibmcloud-volume-vpc/common/vpcclient/riaas/fakes/regional_api.go:206.86,210.2 3 0
github.com/IBM/ibmcloud-volume-vpc/common/vpcclient/riaas/fakes/regional_api.go:212.84,219.2 4 0
github.com/IBM/ibmcloud-volume-vpc/common/vpcclient/riaas/fakes/regional_api.go:221.97,225.46 4 0
github.com/IBM/ibmcloud-volume-vpc/common/vpcclient/riaas/fakes/regional_api.go:225.46,229.3 1 0
github.com/IBM/ibmcloud-volume-vpc/common/vpcclient/riaas/fakes/regional_api.go:230.2,232.12 1 0
github.com/IBM/ibmcloud-volume-vpc/common/vpcclient/riaas/fakes/regional_api.go:235.78,244.17 8 0
github.com/IBM/ibmcloud-volume-vpc/common/vpcclient/riaas/fakes/regional_api.go:244.17,246.3 1 0
github.com/IBM/ibmcloud-volume-vpc/common/vpcclient/riaas/fakes/regional_api.go:247.2,247.20 1 0
github.com/IBM/ibmcloud-volume-vpc/common/vpcclient/riaas/fakes/regional_api.go:247.20,249.3 1 0
github.com/IBM/ibmcloud-volume-vpc/common/vpcclient/riaas/fakes/regional_api.go:250.2,250.28 1 0
github.com/IBM/ibmcloud-volume-vpc/common/vpcclient/riaas/fakes/regional_api.go:253.61,257.2 3 0
github.com/IBM/ibmcloud-volume-vpc/common/vpcclient/riaas/fakes/regional_api.go:259.94,263.2 3 0
github.com/IBM/ibmcloud-volume-vpc/common/vpcclient/riaas/fakes/regional_api.go:265.92,272.2 4 0
github.com/IBM/ibmcloud-volume-vpc/common/vpcclient/riaas/fakes/regional_api.go:274.105,278.50 4 0
github.com/IBM/ibmcloud-volume-vpc/common/vpcclient/riaas/fakes/regional_api.go:278.50,282.3 1 0
github.com/IBM/ibmcloud-volume-vpc/common/vpcclient/riaas/fakes/regional_api.go:283.2,285.12 1 0
github.com/IBM/ibmcloud-volume-vpc/common/vpcclient/riaas/fakes/regional_api.go:288.66,297.17 8 0
github.com/IBM/ibmcloud-volume-vpc/common/vpcclient/riaas/fakes/regional_api.go:297.17,299.3 1 0
github.com/IBM/ibmcloud-volume-vpc/common/vpcclient/riaas/fakes/regional_api.go:300.2,300.20 1 0
github.com/IBM/ibmcloud-volume-vpc/common/vpcclient/riaas/fakes/regional_api.go:300.20,302.3 1 0
github.com/IBM/ibmcloud-volume-vpc/common/vpcclient/riaas/fakes/regional_api.go:303.2,303.28 1 0
github.com/IBM/ibmcloud-volume-vpc/common/vpcclient/riaas/fakes/regional_api.go:306.55,310.2 3 0
github.com/IBM/ibmcloud-volume-vpc/common/vpcclient/riaas/fakes/regional_api.go:312.82,316.2 3 0
github.com/IBM/ibmcloud-volume-vpc/common/vpcclient/riaas/fakes/regional_api.go:318.80,325.2 4 0
github.com/IBM/ibmcloud-volume-vpc/common/vpcclient/riaas/fakes/regional_api.go:327.93,331.44 4 0
github.com/IBM/ibmcloud-volume-vpc/common/vpcclient/riaas/fakes/regional_api.go:331.44,335.3 1 0
github.com/IBM/ibmcloud-volume-vpc/common/vpcclient/riaas/fakes/regional_api.go:336.2,338.12 1 0
github.com/IBM/ibmcloud-volume-vpc/common/vpcclient/riaas/fakes/regional_api.go:341.67,355.43 14 0
github.com/IBM/ibmcloud-volume-vpc/common/vpcclient/riaas/fakes/regional_api.go:355.43,357.3 1 0
github.com/IBM/ibmcloud-volume-vpc/common/vpcclient/riaas/fakes/regional_api.go:358.2,358.26 1 0
github.com/IBM/ibmcloud-volume-vpc/common/vpcclient/riaas/fakes/regional_api.go:361.75,364.29 3 0
github.com/IBM/ibmcloud-volume-vpc/common/vpcclient/riaas/fakes/regional_api.go:364.29,366.3 1 0
github.com/IBM/ibmcloud-volume-vpc/common/vpcclient/riaas/fakes/regional_api.go:367.2,367.34 1 0
github.com/IBM/ibmcloud-volume-vpc/common/vpcclient/riaas/fakes/regional_api.go:367.34,369.3 1 0
github.com/IBM/ibmcloud-volume-vpc/common/vpcclient/riaas/fakes/regional_api.go:370.2,370.61 1 0
github.com/IBM/ibmcloud-volume-vpc/common/vpcclient/riaas/test/test_util.go:36.92,46.20 6 0
github.com/IBM/ibmcloud-volume-vpc/common/vpcclient/riaas/test/test_util.go:46.20,49.3 2 0
github.com/IBM/ibmcloud-volume-vpc/common/vpcclient/riaas/test/test_util.go:51.2,51.8 1 0
github.com/IBM/ibmcloud-volume-vpc/common/vpcclient/riaas/test/test_util.go:55.189,56.66 1 0
github.com/IBM/ibmcloud-volume-vpc/common/vpcclient/riaas/test/test_util.go:56.66,65.29 6 0
github.com/IBM/ibmcloud-volume-vpc/common/vpcclient/riaas/test/test_util.go:65.29,68.4 2 0
github.com/IBM/ibmcloud-volume-vpc/common/vpcclient/riaas/test/test_util.go:70.3,73.17 3 0
github.com/IBM/ibmcloud-volume-vpc/common/vpcclient/riaas/test/test_util.go:73.17,75.4 1 0
github.com/IBM/ibmcloud-volume-vpc/common/vpcclient/riaas/test/test_util.go:77.3,77.20 1 0
github.com/IBM/ibmcloud-volume-vpc/common/vpcclient/riaas/test/test_util.go:77.20,79.4 1 0
github.com/IBM/ibmcloud-volume-vpc/common/vpcclient/riaas/test/test_util.go:84.53,85.16 1 0
github.com/IBM/ibmcloud-volume-vpc/common/vpcclient/riaas/test/test_util.go:85.16,87.3 1 0
github.com/IBM/ibmcloud-volume-vpc/common/auth/factory.go:29.152,36.16 3 1
github.com/IBM/ibmcloud-volume-vpc/common/auth/factory.go:36.16,38.3 1 0
github.com/IBM/ibmcloud-volume-vpc/common/auth/factory.go:39.2,39.55 1 1
github.com/IBM/ibmcloud-volume-vpc/common/auth/factory.go:39.55,46.17 3 1
github.com/IBM/ibmcloud-volume-vpc/common/auth/factory.go:46.17,48.4 1 0
github.com/IBM/ibmcloud-volume-vpc/common/auth/factory.go:50.2,50.17 1 1
github.com/IBM/ibmcloud-volume-vpc/common/vpcclient/models/error.go:27.37,27.58 1 0
github.com/IBM/ibmcloud-volume-vpc/common/vpcclient/models/error.go:39.37,39.58 1 0
github.com/IBM/ibmcloud-volume-vpc/common/vpcclient/models/error.go:64.36,66.2 1 0
github.com/IBM/ibmcloud-volume-vpc/common/vpcclient/models/error.go:69.31,70.23 1 0
github.com/IBM/ibmcloud-volume-vpc/common/vpcclient/models/error.go:70.23,72.3 1 0
github.com/IBM/ibmcloud-volume-vpc/common/vpcclient/models/error.go:74.2,74.24 1 0
github.com/IBM/ibmcloud-volume-vpc/common/vpcclient/models/error.go:95.39,97.2 1 0
github.com/IBM/ibmcloud-volume-vpc/common/vpcclient/models/generation.go:24.41,24.61 1 0
github.com/IBM/ibmcloud-volume-vpc/common/vpcclient/models/volume.go:84.54,97.31 2 0
github.com/IBM/ibmcloud-volume-vpc/common/vpcclient/models/volume.go:97.31,99.3 1 0
github.com/IBM/ibmcloud-volume-vpc/common/vpcclient/models/volume.go:100.2,100.35 1 0
github.com/IBM/ibmcloud-volume-vpc/common/vpcclient/models/volume.go:100.35,102.3 1 0
github.com/IBM/ibmcloud-volume-vpc/common/vpcclient/models/volume.go:103.2,103.44 1 0
github.com/IBM/ibmcloud-volume-vpc/common/vpcclient/models/volume.go:103.44,107.3 1 0
github.com/IBM/ibmcloud-volume-vpc/common/vpcclient/models/volume.go:108.2,108.50 1 0
github.com/IBM/ibmcloud-volume-vpc/common/vpcclient/models/volume.go:108.50,113.3 1 0
github.com/IBM/ibmcloud-volume-vpc/common/vpcclient/models/volume.go:115.2,115.31 1 0
github.com/IBM/ibmcloud-volume-vpc/common/vpcclient/models/volume.go:115.31,117.17 2 0
github.com/IBM/ibmcloud-volume-vpc/common/vpcclient/models/volume.go:117.17,119.4 1 0
github.com/IBM/ibmcloud-volume-vpc/common/vpcclient/models/volume.go:120.3,120.22 1 0
github.com/IBM/ibmcloud-volume-vpc/common/vpcclient/models/volume.go:122.2,122.116 1 0
github.com/IBM/ibmcloud-volume-vpc/common/vpcclient/models/volume.go:122.116,125.3 2 0
github.com/IBM/ibmcloud-volume-vpc/common/vpcclient/models/volume.go:127.2,129.15 3 0
github.com/IBM/ibmcloud-volume-vpc/common/vpcclient/models/volume_attachment.go:55.101,62.56 2 0
github.com/IBM/ibmcloud-volume-vpc/common/vpcclient/models/volume_attachment.go:62.56,67.3 4 0
github.com/IBM/ibmcloud-volume-vpc/common/vpcclient/models/volume_attachment.go:68.2,68.56 1 0
github.com/IBM/ibmcloud-volume-vpc/common/vpcclient/models/volume_attachment.go:68.56,70.3 1 0
github.com/IBM/ibmcloud-volume-vpc/common/vpcclient/models/volume_attachment.go:71.2,71.11 1 0
github.com/IBM/ibmcloud-volume-vpc/common/vpcclient/models/volume_attachment.go:75.112,90.26 2 0
github.com/IBM/ibmcloud-volume-vpc/common/vpcclient/models/volume_attachment.go:90.26,92.3 1 0
github.com/IBM/ibmcloud-volume-vpc/common/vpcclient/models/volume_attachment.go:95.2,95.75 1 0
github.com/IBM/ibmcloud-volume-vpc/common/vpcclient/models/volume_attachment.go:95.75,96.30 1 0
github.com/IBM/ibmcloud-volume-vpc/common/vpcclient/models/volume_attachment.go:96.30,97.50 1 0
github.com/IBM/ibmcloud-volume-vpc/common/vpcclient/models/volume_attachment.go:97.50,99.5 1 0
github.com/IBM/ibmcloud-volume-vpc/common/vpcclient/models/volume_attachment.go:100.9,102.4 1 0
github.com/IBM/ibmcloud-volume-vpc/common/vpcclient/models/volume_attachment.go:104.2,104.13 1 0
github.com/IBM/ibmcloud-volume-vpc/common/vpcclient/vpcvolume/fakes/snapshot.go:144.110,157.17 8 0
github.com/IBM/ibmcloud-volume-vpc/common/vpcclient/vpcvolume/fakes/snapshot.go:157.17,159.3 1 0
github.com/IBM/ibmcloud-volume-vpc/common/vpcclient/vpcvolume/fakes/snapshot.go:160.2,160.20 1 0
github.com/IBM/ibmcloud-volume-vpc/common/vpcclient/vpcvolume/fakes/snapshot.go:160.20,162.3 1 0
github.com/IBM/ibmcloud-volume-vpc/common/vpcclient/vpcvolume/fakes/snapshot.go:163.2,163.28 1 0
github.com/IBM/ibmcloud-volume-vpc/common/vpcclient/vpcvolume/fakes/snapshot.go:166.62,170.2 3 0
github.com/IBM/ibmcloud-volume-vpc/common/vpcclient/vpcvolume/fakes/snapshot.go:172.106,176.2 3 0
github.com/IBM/ibmcloud-volume-vpc/common/vpcclient/vpcvolume/fakes/snapshot.go:178.103,183.2 4 0
github.com/IBM/ibmcloud-volume-vpc/common/vpcclient/vpcvolume/fakes/snapshot.go:185.69,192.2 4 0
github.com/IBM/ibmcloud-volume-vpc/common/vpcclient/vpcvolume/fakes/snapshot.go:194.82,198.47 4 0
github.com/IBM/ibmcloud-volume-vpc/common/vpcclient/vpcvolume/fakes/snapshot.go:198.47,202.3 1 0
github.com/IBM/ibmcloud-volume-vpc/common/vpcclient/vpcvolume/fakes/snapshot.go:203.2,205.12 1 0
github.com/IBM/ibmcloud-volume-vpc/common/vpcclient/vpcvolume/fakes/snapshot.go:208.112,219.17 8 0
github.com/IBM/ibmcloud-volume-vpc/common/vpcclient/vpcvolume/fakes/snapshot.go:219.17,221.3 1 0
github.com/IBM/ibmcloud-volume-vpc/common/vpcclient/vpcvolume/fakes/snapshot.go:222.2,222.20 1 0
github.com/IBM/ibmcloud-volume-vpc/common/vpcclient/vpcvolume/fakes/snapshot.go:222.20,224.3 1 0
github.com/IBM/ibmcloud-volume-vpc/common/vpcclient/vpcvolume/fakes/snapshot.go:225.2,225.49 1 0
github.com/IBM/ibmcloud-volume-vpc/common/vpcclient/vpcvolume/fakes/snapshot.go:228.60,232.2 3 0
github.com/IBM/ibmcloud-volume-vpc/common/vpcclient/vpcvolume/fakes/snapshot.go:234.118,238.2 3 0
github.com/IBM/ibmcloud-volume-vpc/common/vpcclient/vpcvolume/fakes/snapshot.go:240.95,245.2 4 0
github.com/IBM/ibmcloud-volume-vpc/common/vpcclient/vpcvolume/fakes/snapshot.go:247.93,255.2 4 0
github.com/IBM/ibmcloud-volume-vpc/common/vpcclient/vpcvolume/fakes/snapshot.go:257.106,261.45 4 0
github.com/IBM/ibmcloud-volume-vpc/common/vpcclient/vpcvolume/fakes/snapshot.go:261.45,266.3 1 0
github.com/IBM/ibmcloud-volume-vpc/common/vpcclient/vpcvolume/fakes/snapshot.go:267.2,270.21 1 0
github.com/IBM/ibmcloud-volume-vpc/common/vpcclient/vpcvolume/fakes/snapshot.go:273.82,284.17 8 0
github.com/IBM/ibmcloud-volume-vpc/common/vpcclient/vpcvolume/fakes/snapshot.go:284.17,286.3 1 0
github.com/IBM/ibmcloud-volume-vpc/common/vpcclient/vpcvolume/fakes/snapshot.go:287.2,287.20 1 0
github.com/IBM/ibmcloud-volume-vpc/common/vpcclient/vpcvolume/fakes/snapshot.go:287.20,289.3 1 0
github.com/IBM/ibmcloud-volume-vpc/common/vpcclient/vpcvolume/fakes/snapshot.go:290.2,290.28 1 0
github.com/IBM/ibmcloud-volume-vpc/common/vpcclient/vpcvolume/fakes/snapshot.go:293.60,297.2 3 0
github.com/IBM/ibmcloud-volume-vpc/common/vpcclient/vpcvolume/fakes/snapshot.go:299.88,303.2 3 0
github.com/IBM/ibmcloud-volume-vpc/common/vpcclient/vpcvolume/fakes/snapshot.go:305.85,310.2 4 0
github.com/IBM/ibmcloud-volume-vpc/common/vpcclient/vpcvolume/fakes/snapshot.go:312.67,319.2 4 0
github.com/IBM/ibmcloud-volume-vpc/common/vpcclient/vpcvolume/fakes/snapshot.go:321.80,325.45 4 0
github.com/IBM/ibmcloud-volume-vpc/common/vpcclient/vpcvolume/fakes/snapshot.go:325.45,329.3 1 0
github.com/IBM/ibmcloud-volume-vpc/common/vpcclient/vpcvolume/fakes/snapshot.go:330.2,332.12 1 0
github.com/IBM/ibmcloud-volume-vpc/common/vpcclient/vpcvolume/fakes/snapshot.go:335.111,348.17 8 0
github.com/IBM/ibmcloud-volume-vpc/common/vpcclient/vpcvolume/fakes/snapshot.go:348.17,350.3 1 0
github.com/IBM/ibmcloud-volume-vpc/common/vpcclient/vpcvolume/fakes/snapshot.go:351.2,351.20 1 0
github.com/IBM/ibmcloud-volume-vpc/common/vpcclient/vpcvolume/fakes/snapshot.go:351.20,353.3 1 0
github.com/IBM/ibmcloud-volume-vpc/common/vpcclient/vpcvolume/fakes/snapshot.go:354.2,354.28 1 0
github.com/IBM/ibmcloud-volume-vpc/common/vpcclient/vpcvolume/fakes/snapshot.go:357.63,361.2 3 0
github.com/IBM/ibmcloud-volume-vpc/common/vpcclient/vpcvolume/fakes/snapshot.go:363.107,367.2 3 0
github.com/IBM/ibmcloud-volume-vpc/common/vpcclient/vpcvolume/fakes/snapshot.go:369.104,374.2 4 0
github.com/IBM/ibmcloud-volume-vpc/common/vpcclient/vpcvolume/fakes/snapshot.go:376.70,383.2 4 0
github.com/IBM/ibmcloud-volume-vpc/common/vpcclient/vpcvolume/fakes/snapshot.go:385.83,389.48 4 0
github.com/IBM/ibmcloud-volume-vpc/common/vpcclient/vpcvolume/fakes/snapshot.go:389.48,393.3 1 0
github.com/IBM/ibmcloud-volume-vpc/common/vpcclient/vpcvolume/fakes/snapshot.go:394.2,396.12 1 0
github.com/IBM/ibmcloud-volume-vpc/common/vpcclient/vpcvolume/fakes/snapshot.go:399.99,410.17 8 0
github.com/IBM/ibmcloud-volume-vpc/common/vpcclient/vpcvolume/fakes/snapshot.go:410.17,412.3 1 0
github.com/IBM/ibmcloud-volume-vpc/common/vpcclient/vpcvolume/fakes/snapshot.go:413.2,413.20 1 0
github.com/IBM/ibmcloud-volume-vpc/common/vpcclient/vpcvolume/fakes/snapshot.go:413.20,415.3 1 0
github.com/IBM/ibmcloud-volume-vpc/common/vpcclient/vpcvolume/fakes/snapshot.go:416.2,416.49 1 0
github.com/IBM/ibmcloud-volume-vpc/common/vpcclient/vpcvolume/fakes/snapshot.go:419.57,423.2 3 0
github.com/IBM/ibmcloud-volume-vpc/common/vpcclient/vpcvolume/fakes/snapshot.go:425.105,429.2 3 0
github.com/IBM/ibmcloud-volume-vpc/common/vpcclient/vpcvolume/fakes/snapshot.go:431.82,436.2 4 0
github.com/IBM/ibmcloud-volume-vpc/common/vpcclient/vpcvolume/fakes/snapshot.go:438.90,446.2 4 0
github.com/IBM/ibmcloud-volume-vpc/common/vpcclient/vpcvolume/fakes/snapshot.go:448.103,452.42 4 0
github.com/IBM/ibmcloud-volume-vpc/common/vpcclient/vpcvolume/fakes/snapshot.go:452.42,457.3 1 0
github.com/IBM/ibmcloud-volume-vpc/common/vpcclient/vpcvolume/fakes/snapshot.go:458.2,461.21 1 0
github.com/IBM/ibmcloud-volume-vpc/common/vpcclient/vpcvolume/fakes/snapshot.go:464.105,475.17 8 0
github.com/IBM/ibmcloud-volume-vpc/common/vpcclient/vpcvolume/fakes/snapshot.go:475.17,477.3 1 0
github.com/IBM/ibmcloud-volume-vpc/common/vpcclient/vpcvolume/fakes/snapshot.go:478.2,478.20 1 0
github.com/IBM/ibmcloud-volume-vpc/common/vpcclient/vpcvolume/fakes/snapshot.go:478.20,480.3 1 0
github.com/IBM/ibmcloud-volume-vpc/common/vpcclient/vpcvolume/fakes/snapshot.go:481.2,481.49 1 0
github.com/IBM/ibmcloud-volume-vpc/common/vpcclient/vpcvolume/fakes/snapshot.go:484.63,488.2 3 0
github.com/IBM/ibmcloud-volume-vpc/common/vpcclient/vpcvolume/fakes/snapshot.go:490.111,494.2 3 0
github.com/IBM/ibmcloud-volume-vpc/common/vpcclient/vpcvolume/fakes/snapshot.go:496.88,501.2 4 0
github.com/IBM/ibmcloud-volume-vpc/common/vpcclient/vpcvolume/fakes/snapshot.go:503.96,511.2 4 0
github.com/IBM/ibmcloud-volume-vpc/common/vpcclient/vpcvolume/fakes/snapshot.go:513.109,517.48 4 0
github.com/IBM/ibmcloud-volume-vpc/common/vpcclient/vpcvolume/fakes/snapshot.go:517.48,522.3 1 0
github.com/IBM/ibmcloud-volume-vpc/common/vpcclient/vpcvolume/fakes/snapshot.go:523.2,526.21 1 0
github.com/IBM/ibmcloud-volume-vpc/common/vpcclient/vpcvolume/fakes/snapshot.go:529.110,541.17 8 0
github.com/IBM/ibmcloud-volume-vpc/common/vpcclient/vpcvolume/fakes/snapshot.go:541.17,543.3 1 0
github.com/IBM/ibmcloud-volume-vpc/common/vpcclient/vpcvolume/fakes/snapshot.go:544.2,544.20 1 0
github.com/IBM/ibmcloud-volume-vpc/common/vpcclient/vpcvolume/fakes/snapshot.go:544.20,546.3 1 0
github.com/IBM/ibmcloud-volume-vpc/common/vpcclient/vpcvolume/fakes/snapshot.go:547.2,547.49 1 0
github.com/IBM/ibmcloud-volume-vpc/common/vpcclient/vpcvolume/fakes/snapshot.go:550.62,554.2 3 0
github.com/IBM/ibmcloud-volume-vpc/common/vpcclient/vpcvolume/fakes/snapshot.go:556.111,560.2 3 0
github.com/IBM/ibmcloud-volume-vpc/common/vpcclient/vpcvolume/fakes/snapshot.go:562.95,567.2 4 0
github.com/IBM/ibmcloud-volume-vpc/common/vpcclient/vpcvolume/fakes/snapshot.go:569.88,577.2 4 0
github.com/IBM/ibmcloud-volume-vpc/common/vpcclient/vpcvolume/fakes/snapshot.go:579.101,583.47 4 0
github.com/IBM/ibmcloud-volume-vpc/common/vpcclient/vpcvolume/fakes/snapshot.go:583.47,588.3 1 0
github.com/IBM/ibmcloud-volume-vpc/common/vpcclient/vpcvolume/fakes/snapshot.go:589.2,592.21 1 0
github.com/IBM/ibmcloud-volume-vpc/common/vpcclient/vpcvolume/fakes/snapshot.go:595.148,608.17 8 0
github.com/IBM/ibmcloud-volume-vpc/common/vpcclient/vpcvolume/fakes/snapshot.go:608.17,610.3 1 0
github.com/IBM/ibmcloud-volume-vpc/common/vpcclient/vpcvolume/fakes/snapshot.go:611.2,611.20 1 0
github.com/IBM/ibmcloud-volume-vpc/common/vpcclient/vpcvolume/fakes/snapshot.go:611.20,613.3 1 0
github.com/IBM/ibmcloud-volume-vpc/common/vpcclient/vpcvolume/fakes/snapshot.go:614.2,614.49 1 0
github.com/IBM/ibmcloud-volume-vpc/common/vpcclient/vpcvolume/fakes/snapshot.go:617.59,621.2 3 0
github.com/IBM/ibmcloud-volume-vpc/common/vpcclient/vpcvolume/fakes/snapshot.go:623.144,627.2 3 0
github.com/IBM/ibmcloud-volume-vpc/common/vpcclient/vpcvolume/fakes/snapshot.go:629.117,634.2 4 0
github.com/IBM/ibmcloud-volume-vpc/common/vpcclient/vpcvolume/fakes/snapshot.go:636.96,644.2 4 0
github.com/IBM/ibmcloud-volume-vpc/common/vpcclient/vpcvolume/fakes/snapshot.go:646.109,650.44 4 0
github.com/IBM/ibmcloud-volume-vpc/common/vpcclient/vpcvolume/fakes/snapshot.go:650.44,655.3 1 0
github.com/IBM/ibmcloud-volume-vpc/common/vpcclient/vpcvolume/fakes/snapshot.go:656.2,659.21 1 0
github.com/IBM/ibmcloud-volume-vpc/common/vpcclient/vpcvolume/fakes/snapshot.go:662.108,675.17 8 0
github.com/IBM/ibmcloud-volume-vpc/common/vpcclient/vpcvolume/fakes/snapshot.go:675.17,677.3 1 0
github.com/IBM/ibmcloud-volume-vpc/common/vpcclient/vpcvolume/fakes/snapshot.go:678.2,678.20 1 0
github.com/IBM/ibmcloud-volume-vpc/common/vpcclient/vpcvolume/fakes/snapshot.go:678.20,680.3 1 0
github.com/IBM/ibmcloud-volume-vpc/common/vpcclient/vpcvolume/fakes/snapshot.go:681.2,681.28 1 0
github.com/IBM/ibmcloud-volume-vpc/common/vpcclient/vpcvolume/fakes/snapshot.go:684.60,688.2 3 0
github.com/IBM/ibmcloud-volume-vpc/common/vpcclient/vpcvolume/fakes/snapshot.go:690.104,694.2 3 0
github.com/IBM/ibmcloud-volume-vpc/common/vpcclient/vpcvolume/fakes/snapshot.go:696.101,701.2 4 0
github.com/IBM/ibmcloud-volume-vpc/common/vpcclient/vpcvolume/fakes/snapshot.go:703.67,710.2 4 0
github.com/IBM/ibmcloud-volume-vpc/common/vpcclient/vpcvolume/fakes/snapshot.go:712.80,716.45 4 0
github.com/IBM/ibmcloud-volume-vpc/common/vpcclient/vpcvolume/fakes/snapshot.go:716.45,720.3 1 0
github.com/IBM/ibmcloud-volume-vpc/common/vpcclient/vpcvolume/fakes/snapshot.go:721.2,723.12 1 0
github.com/IBM/ibmcloud-volume-vpc/common/vpcclient/vpcvolume/fakes/snapshot.go:726.71,748.43 22 0
github.com/IBM/ibmcloud-volume-vpc/common/vpcclient/vpcvolume/fakes/snapshot.go:748.43,750.3 1 0
github.com/IBM/ibmcloud-volume-vpc/common/vpcclient/vpcvolume/fakes/snapshot.go:751.2,751.26 1 0
github.com/IBM/ibmcloud-volume-vpc/common/vpcclient/vpcvolume/fakes/snapshot.go:754.79,757.29 3 0
github.com/IBM/ibmcloud-volume-vpc/common/vpcclient/vpcvolume/fakes/snapshot.go:757.29,759.3 1 0
github.com/IBM/ibmcloud-volume-vpc/common/vpcclient/vpcvolume/fakes/snapshot.go:760.2,760.34 1 0
github.com/IBM/ibmcloud-volume-vpc/common/vpcclient/vpcvolume/fakes/snapshot.go:760.34,762.3 1 0
github.com/IBM/ibmcloud-volume-vpc/common/vpcclient/vpcvolume/fakes/snapshot.go:763.2,763.61 1 0
github.com/IBM/ibmcloud-volume-vpc/common/vpcclient/vpcvolume/fakes/volume.go:197.93,209.17 8 0
github.com/IBM/ibmcloud-volume-vpc/common/vpcclient/vpcvolume/fakes/volume.go:209.17,211.3 1 0
github.com/IBM/ibmcloud-volume-vpc/common/vpcclient/vpcvolume/fakes/volume.go:212.2,212.20 1 0
github.com/IBM/ibmcloud-volume-vpc/common/vpcclient/vpcvolume/fakes/volume.go:212.20,214.3 1 0
github.com/IBM/ibmcloud-volume-vpc/common/vpcclient/vpcvolume/fakes/volume.go:215.2,215.28 1 0
github.com/IBM/ibmcloud-volume-vpc/common/vpcclient/vpcvolume/fakes/volume.go:218.58,222.2 3 0
github.com/IBM/ibmcloud-volume-vpc/common/vpcclient/vpcvolume/fakes/volume.go:224.94,228.2 3 0
github.com/IBM/ibmcloud-volume-vpc/common/vpcclient/vpcvolume/fakes/volume.go:230.91,235.2 4 0
github.com/IBM/ibmcloud-volume-vpc/common/vpcclient/vpcvolume/fakes/volume.go:237.65,244.2 4 0
github.com/IBM/ibmcloud-volume-vpc/common/vpcclient/vpcvolume/fakes/volume.go:246.78,250.45 4 0
github.com/IBM/ibmcloud-volume-vpc/common/vpcclient/vpcvolume/fakes/volume.go:250.45,254.3 1 0
github.com/IBM/ibmcloud-volume-vpc/common/vpcclient/vpcvolume/fakes/volume.go:255.2,257.12 1 0
github.com/IBM/ibmcloud-volume-vpc/common/vpcclient/vpcvolume/fakes/volume.go:260.104,271.17 8 0
github.com/IBM/ibmcloud-volume-vpc/common/vpcclient/vpcvolume/fakes/volume.go:271.17,273.3 1 0
github.com/IBM/ibmcloud-volume-vpc/common/vpcclient/vpcvolume/fakes/volume.go:274.2,274.20 1 0
github.com/IBM/ibmcloud-volume-vpc/common/vpcclient/vpcvolume/fakes/volume.go:274.20,276.3 1 0
github.com/IBM/ibmcloud-volume-vpc/common/vpcclient/vpcvolume/fakes/volume.go:277.2,277.49 1 0
github.com/IBM/ibmcloud-volume-vpc/common/vpcclient/vpcvolume/fakes/volume.go:280.56,284.2 3 0
github.com/IBM/ibmcloud-volume-vpc/common/vpcclient/vpcvolume/fakes/volume.go:286.110,290.2 3 0
github.com/IBM/ibmcloud-volume-vpc/common/vpcclient/vpcvolume/fakes/volume.go:292.89,297.2 4 0
github.com/IBM/ibmcloud-volume-vpc/common/vpcclient/vpcvolume/fakes/volume.go:299.87,307.2 4 0
github.com/IBM/ibmcloud-volume-vpc/common/vpcclient/vpcvolume/fakes/volume.go:309.100,313.43 4 0
github.com/IBM/ibmcloud-volume-vpc/common/vpcclient/vpcvolume/fakes/volume.go:313.43,318.3 1 0
github.com/IBM/ibmcloud-volume-vpc/common/vpcclient/vpcvolume/fakes/volume.go:319.2,322.21 1 0
github.com/IBM/ibmcloud-volume-vpc/common/vpcclient/vpcvolume/fakes/volume.go:325.78,336.17 8 0
github.com/IBM/ibmcloud-volume-vpc/common/vpcclient/vpcvolume/fakes/volume.go:336.17,338.3 1 0
github.com/IBM/ibmcloud-volume-vpc/common/vpcclient/vpcvolume/fakes/volume.go:339.2,339.20 1 0
github.com/IBM/ibmcloud-volume-vpc/common/vpcclient/vpcvolume/fakes/volume.go:339.20,341.3 1 0
github.com/IBM/ibmcloud-volume-vpc/common/vpcclient/vpcvolume/fakes/volume.go:342.2,342.28 1 0
github.com/IBM/ibmcloud-volume-vpc/common/vpcclient/vpcvolume/fakes/volume.go:345.56,349.2 3 0
github.com/IBM/ibmcloud-volume-vpc/common/vpcclient/vpcvolume/fakes/volume.go:351.84,355.2 3 0
github.com/IBM/ibmcloud-volume-vpc/common/vpcclient/vpcvolume/fakes/volume.go:357.81,362.2 4 0
github.com/IBM/ibmcloud-volume-vpc/common/vpcclient/vpcvolume/fakes/volume.go:364.63,371.2 4 0
github.com/IBM/ibmcloud-volume-vpc/common/vpcclient/vpcvolume/fakes/volume.go:373.76,377.43 4 0
github.com/IBM/ibmcloud-volume-vpc/common/vpcclient/vpcvolume/fakes/volume.go:377.43,381.3 1 0
github.com/IBM/ibmcloud-volume-vpc/common/vpcclient/vpcvolume/fakes/volume.go:382.2,384.12 1 0
github.com/IBM/ibmcloud-volume-vpc/common/vpcclient/vpcvolume/fakes/volume.go:387.94,399.17 8 0
github.com/IBM/ibmcloud-volume-vpc/common/vpcclient/vpcvolume/fakes/volume.go:399.17,401.3 1 0
github.com/IBM/ibmcloud-volume-vpc/common/vpcclient/vpcvolume/fakes/volume.go:402.2,402.20 1 0
github.com/IBM/ibmcloud-volume-vpc/common/vpcclient/vpcvolume/fakes/volume.go:402.20,404.3 1 0
github.com/IBM/ibmcloud-volume-vpc/common/vpcclient/vpcvolume/fakes/volume.go:405.2,405.28 1 0
github.com/IBM/ibmcloud-volume-vpc/common/vpcclient/vpcvolume/fakes/volume.go:408.59,412.2 3 0
github.com/IBM/ibmcloud-volume-vpc/common/vpcclient/vpcvolume/fakes/volume.go:414.95,418.2 3 0
github.com/IBM/ibmcloud-volume-vpc/common/vpcclient/vpcvolume/fakes/volume.go:420.92,425.2 4 0
github.com/IBM/ibmcloud-volume-vpc/common/vpcclient/vpcvolume/fakes/volume.go:427.66,434.2 4 0
github.com/IBM/ibmcloud-volume-vpc/common/vpcclient/vpcvolume/fakes/volume.go:436.79,440.46 4 0
github.com/IBM/ibmcloud-volume-vpc/common/vpcclient/vpcvolume/fakes/volume.go:440.46,444.3 1 0
github.com/IBM/ibmcloud-volume-vpc/common/vpcclient/vpcvolume/fakes/volume.go:445.2,447.12 1 0
github.com/IBM/ibmcloud-volume-vpc/common/vpcclient/vpcvolume/fakes/volume.go:450.117,462.17 8 0
github.com/IBM/ibmcloud-volume-vpc/common/vpcclient/vpcvolume/fakes/volume.go:462.17,464.3 1 0
github.com/IBM/ibmcloud-volume-vpc/common/vpcclient/vpcvolume/fakes/volume.go:465.2,465.20 1 0
github.com/IBM/ibmcloud-volume-vpc/common/vpcclient/vpcvolume/fakes/volume.go:465.20,467.3 1 0
github.com/IBM/ibmcloud-volume-vpc/common/vpcclient/vpcvolume/fakes/volume.go:468.2,468.49 1 0
github.com/IBM/ibmcloud-volume-vpc/common/vpcclient/vpcvolume/fakes/volume.go:471.56,475.2 3 0
github.com/IBM/ibmcloud-volume-vpc/common/vpcclient/vpcvolume/fakes/volume.go:477.118,481.2 3 0
github.com/IBM/ibmcloud-volume-vpc/common/vpcclient/vpcvolume/fakes/volume.go:483.97,488.2 4 0
github.com/IBM/ibmcloud-volume-vpc/common/vpcclient/vpcvolume/fakes/volume.go:490.87,498.2 4 0
github.com/IBM/ibmcloud-volume-vpc/common/vpcclient/vpcvolume/fakes/volume.go:500.100,504.43 4 0
github.com/IBM/ibmcloud-volume-vpc/common/vpcclient/vpcvolume/fakes/volume.go:504.43,509.3 1 0
github.com/IBM/ibmcloud-volume-vpc/common/vpcclient/vpcvolume/fakes/volume.go:510.2,513.21 1 0
github.com/IBM/ibmcloud-volume-vpc/common/vpcclient/vpcvolume/fakes/volume.go:516.93,527.17 8 0
github.com/IBM/ibmcloud-volume-vpc/common/vpcclient/vpcvolume/fakes/volume.go:527.17,529.3 1 0
github.com/IBM/ibmcloud-volume-vpc/common/vpcclient/vpcvolume/fakes/volume.go:530.2,530.20 1 0
github.com/IBM/ibmcloud-volume-vpc/common/vpcclient/vpcvolume/fakes/volume.go:530.20,532.3 1 0
github.com/IBM/ibmcloud-volume-vpc/common/vpcclient/vpcvolume/fakes/volume.go:533.2,533.49 1 0
github.com/IBM/ibmcloud-volume-vpc/common/vpcclient/vpcvolume/fakes/volume.go:536.53,540.2 3 0
github.com/IBM/ibmcloud-volume-vpc/common/vpcclient/vpcvolume/fakes/volume.go:542.99,546.2 3 0
github.com/IBM/ibmcloud-volume-vpc/common/vpcclient/vpcvolume/fakes/volume.go:548.78,553.2 4 0
github.com/IBM/ibmcloud-volume-vpc/common/vpcclient/vpcvolume/fakes/volume.go:555.84,563.2 4 0
github.com/IBM/ibmcloud-volume-vpc/common/vpcclient/vpcvolume/fakes/volume.go:565.97,569.40 4 0
github.com/IBM/ibmcloud-volume-vpc/common/vpcclient/vpcvolume/fakes/volume.go:569.40,574.3 1 0
github.com/IBM/ibmcloud-volume-vpc/common/vpcclient/vpcvolume/fakes/volume.go:575.2,578.21 1 0
github.com/IBM/ibmcloud-volume-vpc/common/vpcclient/vpcvolume/fakes/volume.go:581.99,592.17 8 0
github.com/IBM/ibmcloud-volume-vpc/common/vpcclient/vpcvolume/fakes/volume.go:592.17,594.3 1 0
github.com/IBM/ibmcloud-volume-vpc/common/vpcclient/vpcvolume/fakes/volume.go:595.2,595.20 1 0
github.com/IBM/ibmcloud-volume-vpc/common/vpcclient/vpcvolume/fakes/volume.go:595.20,597.3 1 0
github.com/IBM/ibmcloud-volume-vpc/common/vpcclient/vpcvolume/fakes/volume.go:598.2,598.49 1 0
github.com/IBM/ibmcloud-volume-vpc/common/vpcclient/vpcvolume/fakes/volume.go:601.59,605.2 3 0
github.com/IBM/ibmcloud-volume-vpc/common/vpcclient/vpcvolume/fakes/volume.go:607.105,611.2 3 0
github.com/IBM/ibmcloud-volume-vpc/common/vpcclient/vpcvolume/fakes/volume.go:613.84,618.2 4 0
github.com/IBM/ibmcloud-volume-vpc/common/vpcclient/vpcvolume/fakes/volume.go:620.90,628.2 4 0
github.com/IBM/ibmcloud-volume-vpc/common/vpcclient/vpcvolume/fakes/volume.go:630.103,634.46 4 0
github.com/IBM/ibmcloud-volume-vpc/common/vpcclient/vpcvolume/fakes/volume.go:634.46,639.3 1 0
github.com/IBM/ibmcloud-volume-vpc/common/vpcclient/vpcvolume/fakes/volume.go:640.2,643.21 1 0
github.com/IBM/ibmcloud-volume-vpc/common/vpcclient/vpcvolume/fakes/volume.go:646.105,657.17 8 0
github.com/IBM/ibmcloud-volume-vpc/common/vpcclient/vpcvolume/fakes/volume.go:657.17,659.3 1 0
github.com/IBM/ibmcloud-volume-vpc/common/vpcclient/vpcvolume/fakes/volume.go:660.2,660.20 1 0
github.com/IBM/ibmcloud-volume-vpc/common/vpcclient/vpcvolume/fakes/volume.go:660.20,662.3 1 0
github.com/IBM/ibmcloud-volume-vpc/common/vpcclient/vpcvolume/fakes/volume.go:663.2,663.70 1 0
github.com/IBM/ibmcloud-volume-vpc/common/vpcclient/vpcvolume/fakes/volume.go:666.57,670.2 3 0
github.com/IBM/ibmcloud-volume-vpc/common/vpcclient/vpcvolume/fakes/volume.go:672.111,676.2 3 0
github.com/IBM/ibmcloud-volume-vpc/common/vpcclient/vpcvolume/fakes/volume.go:678.82,683.2 4 0
github.com/IBM/ibmcloud-volume-vpc/common/vpcclient/vpcvolume/fakes/volume.go:685.104,694.2 4 0
github.com/IBM/ibmcloud-volume-vpc/common/vpcclient/vpcvolume/fakes/volume.go:696.117,700.44 4 0
github.com/IBM/ibmcloud-volume-vpc/common/vpcclient/vpcvolume/fakes/volume.go:700.44,706.3 1 0
github.com/IBM/ibmcloud-volume-vpc/common/vpcclient/vpcvolume/fakes/volume.go:707.2,711.30 1 0
github.com/IBM/ibmcloud-volume-vpc/common/vpcclient/vpcvolume/fakes/volume.go:714.93,725.17 8 0
github.com/IBM/ibmcloud-volume-vpc/common/vpcclient/vpcvolume/fakes/volume.go:725.17,727.3 1 0
github.com/IBM/ibmcloud-volume-vpc/common/vpcclient/vpcvolume/fakes/volume.go:728.2,728.20 1 0
github.com/IBM/ibmcloud-volume-vpc/common/vpcclient/vpcvolume/fakes/volume.go:728.20,730.3 1 0
github.com/IBM/ibmcloud-volume-vpc/common/vpcclient/vpcvolume/fakes/volume.go:731.2,731.49 1 0
github.com/IBM/ibmcloud-volume-vpc/common/vpcclient/vpcvolume/fakes/volume.go:734.58,738.2 3 0
github.com/IBM/ibmcloud-volume-vpc/common/vpcclient/vpcvolume/fakes/volume.go:740.99,744.2 3 0
github.com/IBM/ibmcloud-volume-vpc/common/vpcclient/vpcvolume/fakes/volume.go:746.83,751.2 4 0
github.com/IBM/ibmcloud-volume-vpc/common/vpcclient/vpcvolume/fakes/volume.go:753.84,761.2 4 0
github.com/IBM/ibmcloud-volume-vpc/common/vpcclient/vpcvolume/fakes/volume.go:763.97,767.45 4 0
github.com/IBM/ibmcloud-volume-vpc/common/vpcclient/vpcvolume/fakes/volume.go:767.45,772.3 1 0
github.com/IBM/ibmcloud-volume-vpc/common/vpcclient/vpcvolume/fakes/volume.go:773.2,776.21 1 0
github.com/IBM/ibmcloud-volume-vpc/common/vpcclient/vpcvolume/fakes/volume.go:779.141,792.17 8 0
github.com/IBM/ibmcloud-volume-vpc/common/vpcclient/vpcvolume/fakes/volume.go:792.17,794.3 1 0
github.com/IBM/ibmcloud-volume-vpc/common/vpcclient/vpcvolume/fakes/volume.go:795.2,795.20 1 0
github.com/IBM/ibmcloud-volume-vpc/common/vpcclient/vpcvolume/fakes/volume.go:795.20,797.3 1 0
github.com/IBM/ibmcloud-volume-vpc/common/vpcclient/vpcvolume/fakes/volume.go:798.2,798.49 1 0
github.com/IBM/ibmcloud-volume-vpc/common/vpcclient/vpcvolume/fakes/volume.go:801.55,805.2 3 0
github.com/IBM/ibmcloud-volume-vpc/common/vpcclient/vpcvolume/fakes/volume.go:807.137,811.2 3 0
github.com/IBM/ibmcloud-volume-vpc/common/vpcclient/vpcvolume/fakes/volume.go:813.112,818.2 4 0
github.com/IBM/ibmcloud-volume-vpc/common/vpcclient/vpcvolume/fakes/volume.go:820.90,828.2 4 0
github.com/IBM/ibmcloud-volume-vpc/common/vpcclient/vpcvolume/fakes/volume.go:830.103,834.42 4 0
github.com/IBM/ibmcloud-volume-vpc/common/vpcclient/vpcvolume/fakes/volume.go:834.42,839.3 1 0
github.com/IBM/ibmcloud-volume-vpc/common/vpcclient/vpcvolume/fakes/volume.go:840.2,843.21 1 0
github.com/IBM/ibmcloud-volume-vpc/common/vpcclient/vpcvolume/fakes/volume.go:846.91,858.17 8 0
github.com/IBM/ibmcloud-volume-vpc/common/vpcclient/vpcvolume/fakes/volume.go:858.17,860.3 1 0
github.com/IBM/ibmcloud-volume-vpc/common/vpcclient/vpcvolume/fakes/volume.go:861.2,861.20 1 0
github.com/IBM/ibmcloud-volume-vpc/common/vpcclient/vpcvolume/fakes/volume.go:861.20,863.3 1 0
github.com/IBM/ibmcloud-volume-vpc/common/vpcclient/vpcvolume/fakes/volume.go:864.2,864.28 1 0
github.com/IBM/ibmcloud-volume-vpc/common/vpcclient/vpcvolume/fakes/volume.go:867.56,871.2 3 0
github.com/IBM/ibmcloud-volume-vpc/common/vpcclient/vpcvolume/fakes/volume.go:873.92,877.2 3 0
github.com/IBM/ibmcloud-volume-vpc/common/vpcclient/vpcvolume/fakes/volume.go:879.89,884.2 4 0
github.com/IBM/ibmcloud-volume-vpc/common/vpcclient/vpcvolume/fakes/volume.go:886.63,893.2 4 0
github.com/IBM/ibmcloud-volume-vpc/common/vpcclient/vpcvolume/fakes/volume.go:895.76,899.43 4 0
github.com/IBM/ibmcloud-volume-vpc/common/vpcclient/vpcvolume/fakes/volume.go:899.43,903.3 1 0
github.com/IBM/ibmcloud-volume-vpc/common/vpcclient/vpcvolume/fakes/volume.go:904.2,906.12 1 0
github.com/IBM/ibmcloud-volume-vpc/common/vpcclient/vpcvolume/fakes/volume.go:909.86,920.17 8 0
github.com/IBM/ibmcloud-volume-vpc/common/vpcclient/vpcvolume/fakes/volume.go:920.17,922.3 1 0
github.com/IBM/ibmcloud-volume-vpc/common/vpcclient/vpcvolume/fakes/volume.go:923.2,923.20 1 0
github.com/IBM/ibmcloud-volume-vpc/common/vpcclient/vpcvolume/fakes/volume.go:923.20,925.3 1 0
github.com/IBM/ibmcloud-volume-vpc/common/vpcclient/vpcvolume/fakes/volume.go:926.2,926.28 1 0
github.com/IBM/ibmcloud-volume-vpc/common/vpcclient/vpcvolume/fakes/volume.go:929.56,933.2 3 0
github.com/IBM/ibmcloud-volume-vpc/common/vpcclient/vpcvolume/fakes/volume.go:935.92,939.2 3 0
github.com/IBM/ibmcloud-volume-vpc/common/vpcclient/vpcvolume/fakes/volume.go:941.89,946.2 4 0
github.com/IBM/ibmcloud-volume-vpc/common/vpcclient/vpcvolume/fakes/volume.go:948.63,955.2 4 0
github.com/IBM/ibmcloud-volume-vpc/common/vpcclient/vpcvolume/fakes/volume.go:957.76,961.43 4 0
github.com/IBM/ibmcloud-volume-vpc/common/vpcclient/vpcvolume/fakes/volume.go:961.43,965.3 1 0
github.com/IBM/ibmcloud-volume-vpc/common/vpcclient/vpcvolume/fakes/volume.go:966.2,968.12 1 0
github.com/IBM/ibmcloud-volume-vpc/common/vpcclient/vpcvolume/fakes/volume.go:971.120,984.17 8 0
github.com/IBM/ibmcloud-volume-vpc/common/vpcclient/vpcvolume/fakes/volume.go:984.17,986.3 1 0
github.com/IBM/ibmcloud-volume-vpc/common/vpcclient/vpcvolume/fakes/volume.go:987.2,987.20 1 0
github.com/IBM/ibmcloud-volume-vpc/common/vpcclient/vpcvolume/fakes/volume.go:987.20,989.3 1 0
github.com/IBM/ibmcloud-volume-vpc/common/vpcclient/vpcvolume/fakes/volume.go:990.2,990.28 1 0
github.com/IBM/ibmcloud-volume-vpc/common/vpcclient/vpcvolume/fakes/volume.go:993.64,997.2 3 0
github.com/IBM/ibmcloud-volume-vpc/common/vpcclient/vpcvolume/fakes/volume.go:999.116,1003.2 3 0
github.com/IBM/ibmcloud-volume-vpc/common/vpcclient/vpcvolume/fakes/volume.go:1005.113,1010.2 4 0
github.com/IBM/ibmcloud-volume-vpc/common/vpcclient/vpcvolume/fakes/volume.go:1012.71,1019.2 4 0
github.com/IBM/ibmcloud-volume-vpc/common/vpcclient/vpcvolume/fakes/volume.go:1021.84,1025.51 4 0
github.com/IBM/ibmcloud-volume-vpc/common/vpcclient/vpcvolume/fakes/volume.go:1025.51,1029.3 1 0
github.com/IBM/ibmcloud-volume-vpc/common/vpcclient/vpcvolume/fakes/volume.go:1030.2,1032.12 1 0
github.com/IBM/ibmcloud-volume-vpc/common/vpcclient/vpcvolume/fakes/volume.go:1035.69,1065.43 30 0
github.com/IBM/ibmcloud-volume-vpc/common/vpcclient/vpcvolume/fakes/volume.go:1065.43,1067.3 1 0
github.com/IBM/ibmcloud-volume-vpc/common/vpcclient/vpcvolume/fakes/volume.go:1068.2,1068.26 1 0
github.com/IBM/ibmcloud-volume-vpc/common/vpcclient/vpcvolume/fakes/volume.go:1071.77,1074.29 3 0
github.com/IBM/ibmcloud-volume-vpc/common/vpcclient/vpcvolume/fakes/volume.go:1074.29,1076.3 1 0
github.com/IBM/ibmcloud-volume-vpc/common/vpcclient/vpcvolume/fakes/volume.go:1077.2,1077.34 1 0
github.com/IBM/ibmcloud-volume-vpc/common/vpcclient/vpcvolume/fakes/volume.go:1077.34,1079.3 1 0
github.com/IBM/ibmcloud-volume-vpc/common/vpcclient/vpcvolume/fakes/volume.go:1080.2,1080.61 1 0
github.com/IBM/ibmcloud-volume-vpc/common/iam/token_exchange_iks.go:55.143,57.16 2 1
github.com/IBM/ibmcloud-volume-vpc/common/iam/token_exchange_iks.go:57.16,59.3 1 0
github.com/IBM/ibmcloud-volume-vpc/common/iam/token_exchange_iks.go:60.2,64.16 3 1
github.com/IBM/ibmcloud-volume-vpc/common/iam/token_exchange_iks.go:64.16,66.3 1 0
github.com/IBM/ibmcloud-volume-vpc/common/iam/token_exchange_iks.go:68.2,72.8 1 1
github.com/IBM/ibmcloud-volume-vpc/common/iam/token_exchange_iks.go:91.139,94.2 2 1
github.com/IBM/ibmcloud-volume-vpc/common/iam/token_exchange_iks.go:97.133,100.16 3 1
github.com/IBM/ibmcloud-volume-vpc/common/iam/token_exchange_iks.go:100.16,103.3 2 1
github.com/IBM/ibmcloud-volume-vpc/common/iam/token_exchange_iks.go:104.2,105.44 2 0
github.com/IBM/ibmcloud-volume-vpc/common/iam/token_exchange_iks.go:109.106,120.2 4 1
github.com/IBM/ibmcloud-volume-vpc/common/iam/token_exchange_iks.go:123.140,125.2 1 1
github.com/IBM/ibmcloud-volume-vpc/common/iam/token_exchange_iks.go:128.127,130.2 1 1
github.com/IBM/ibmcloud-volume-vpc/common/iam/token_exchange_iks.go:132.147,134.2 1 1
github.com/IBM/ibmcloud-volume-vpc/common/iam/token_exchange_iks.go:137.86,140.55 3 1
github.com/IBM/ibmcloud-volume-vpc/common/iam/token_exchange_iks.go:140.55,143.3 2 1
github.com/IBM/ibmcloud-volume-vpc/common/iam/token_exchange_iks.go:144.2,144.16 1 1
github.com/IBM/ibmcloud-volume-vpc/common/iam/token_exchange_iks.go:144.16,146.3 1 1
github.com/IBM/ibmcloud-volume-vpc/common/iam/token_exchange_iks.go:147.2,147.58 1 1
github.com/IBM/ibmcloud-volume-vpc/common/iam/token_exchange_iks.go:151.97,173.16 9 1
github.com/IBM/ibmcloud-volume-vpc/common/iam/token_exchange_iks.go:173.16,176.50 3 1
github.com/IBM/ibmcloud-volume-vpc/common/iam/token_exchange_iks.go:176.50,178.4 1 0
github.com/IBM/ibmcloud-volume-vpc/common/iam/token_exchange_iks.go:178.9,178.52 1 1
github.com/IBM/ibmcloud-volume-vpc/common/iam/token_exchange_iks.go:178.52,180.4 1 0
github.com/IBM/ibmcloud-volume-vpc/common/iam/token_exchange_iks.go:180.9,183.4 1 1
github.com/IBM/ibmcloud-volume-vpc/common/iam/token_exchange_iks.go:186.2,186.43 1 1
github.com/IBM/ibmcloud-volume-vpc/common/iam/token_exchange_iks.go:186.43,189.3 2 1
github.com/IBM/ibmcloud-volume-vpc/common/iam/token_exchange_iks.go:192.2,194.35 2 1
github.com/IBM/ibmcloud-volume-vpc/common/iam/token_exchange_iks.go:194.35,203.3 3 1
github.com/IBM/ibmcloud-volume-vpc/common/iam/token_exchange_iks.go:205.2,210.45 2 1
github.com/IBM/ibmcloud-volume-vpc/common/vpcclient/riaas/config.go:43.43,44.25 1 1
github.com/IBM/ibmcloud-volume-vpc/common/vpcclient/riaas/config.go:44.25,46.3 1 1
github.com/IBM/ibmcloud-volume-vpc/common/vpcclient/riaas/config.go:48.2,48.27 1 1
github.com/IBM/ibmcloud-volume-vpc/common/vpcclient/riaas/config.go:51.34,53.2 1 1
github.com/IBM/ibmcloud-volume-vpc/common/vpcclient/riaas/riaas.go:53.43,55.16 2 1
github.com/IBM/ibmcloud-volume-vpc/common/vpcclient/riaas/riaas.go:55.16,57.3 1 1
github.com/IBM/ibmcloud-volume-vpc/common/vpcclient/riaas/riaas.go:60.2,63.32 2 1
github.com/IBM/ibmcloud-volume-vpc/common/vpcclient/riaas/riaas.go:63.32,65.3 1 1
github.com/IBM/ibmcloud-volume-vpc/common/vpcclient/riaas/riaas.go:68.2,69.30 2 1
github.com/IBM/ibmcloud-volume-vpc/common/vpcclient/riaas/riaas.go:69.30,71.3 1 1
github.com/IBM/ibmcloud-volume-vpc/common/vpcclient/riaas/riaas.go:73.2,80.31 3 1
github.com/IBM/ibmcloud-volume-vpc/common/vpcclient/riaas/riaas.go:80.31,82.3 1 1
github.com/IBM/ibmcloud-volume-vpc/common/vpcclient/riaas/riaas.go:83.2,86.8 1 1
github.com/IBM/ibmcloud-volume-vpc/common/vpcclient/riaas/riaas.go:91.45,94.2 2 1
github.com/IBM/ibmcloud-volume-vpc/common/vpcclient/riaas/riaas.go:97.59,99.2 1 1
github.com/IBM/ibmcloud-volume-vpc/common/vpcclient/riaas/riaas.go:102.71,104.2 1 1
github.com/IBM/ibmcloud-volume-vpc/common/vpcclient/riaas/riaas.go:107.74,109.2 1 0
github.com/IBM/ibmcloud-volume-vpc/common/vpcclient/riaas/riaas.go:112.63,114.2 1 1
github.com/IBM/ibmcloud-volume-vpc/common/vpcclient/riaas/riaas.go:132.83,134.2 1 1
github.com/IBM/ibmcloud-volume-vpc/common/vpcclient/riaas/riaas.go:144.62,146.2 1 0
github.com/IBM/ibmcloud-volume-vpc/common/vpcclient/riaas/riaas.go:156.79,158.34 2 0
github.com/IBM/ibmcloud-volume-vpc/common/vpcclient/riaas/riaas.go:158.34,160.3 1 0
github.com/IBM/ibmcloud-volume-vpc/common/vpcclient/riaas/riaas.go:161.2,164.24 2 0
github.com/IBM/ibmcloud-volume-vpc/common/vpcclient/vpcvolume/check_snapshot_tag.go:30.126,49.16 10 1
github.com/IBM/ibmcloud-volume-vpc/common/vpcclient/vpcvolume/check_snapshot_tag.go:49.16,51.3 1 1
github.com/IBM/ibmcloud-volume-vpc/common/vpcclient/vpcvolume/check_snapshot_tag.go:53.2,53.12 1 1
github.com/IBM/ibmcloud-volume-vpc/common/vpcclient/vpcvolume/check_volume_tag.go:30.103,49.16 10 1
github.com/IBM/ibmcloud-volume-vpc/common/vpcclient/vpcvolume/check_volume_tag.go:49.16,51.3 1 1
github.com/IBM/ibmcloud-volume-vpc/common/vpcclient/vpcvolume/check_volume_tag.go:53.2,53.12 1 1
github.com/IBM/ibmcloud-volume-vpc/common/vpcclient/vpcvolume/create_snapshot.go:30.127,49.16 10 1
github.com/IBM/ibmcloud-volume-vpc/common/vpcclient/vpcvolume/create_snapshot.go:49.16,51.3 1 1
github.com/IBM/ibmcloud-volume-vpc/common/vpcclient/vpcvolume/create_snapshot.go:53.2,53.23 1 1
github.com/IBM/ibmcloud-volume-vpc/common/vpcclient/vpcvolume/create_volume.go:30.117,49.16 10 1
github.com/IBM/ibmcloud-volume-vpc/common/vpcclient/vpcvolume/create_volume.go:49.16,51.3 1 1
github.com/IBM/ibmcloud-volume-vpc/common/vpcclient/vpcvolume/create_volume.go:53.2,53.21 1 1
github.com/IBM/ibmcloud-volume-vpc/common/vpcclient/vpcvolume/delete_snapshot.go:30.91,48.16 9 1
github.com/IBM/ibmcloud-volume-vpc/common/vpcclient/vpcvolume/delete_snapshot.go:48.16,50.3 1 1
github.com/IBM/ibmcloud-volume-vpc/common/vpcclient/vpcvolume/delete_snapshot.go:52.2,52.12 1 1
github.com/IBM/ibmcloud-volume-vpc/common/vpcclient/vpcvolume/delete_snapshot_tag.go:30.127,49.16 10 1
github.com/IBM/ibmcloud-volume-vpc/common/vpcclient/vpcvolume/delete_snapshot_tag.go:49.16,51.3 1 1
github.com/IBM/ibmcloud-volume-vpc/common/vpcclient/vpcvolume/delete_snapshot_tag.go:53.2,53.12 1 0
github.com/IBM/ibmcloud-volume-vpc/common/vpcclient/vpcvolume/delete_volume.go:30.85,48.16 9 1
github.com/IBM/ibmcloud-volume-vpc/common/vpcclient/vpcvolume/delete_volume.go:48.16,50.3 1 1
github.com/IBM/ibmcloud-volume-vpc/common/vpcclient/vpcvolume/delete_volume.go:52.2,52.12 1 1
github.com/IBM/ibmcloud-volume-vpc/common/vpcclient/vpcvolume/delete_volume_tag.go:30.104,49.16 10 1
github.com/IBM/ibmcloud-volume-vpc/common/vpcclient/vpcvolume/delete_volume_tag.go:49.16,51.3 1 1
github.com/IBM/ibmcloud-volume-vpc/common/vpcclient/vpcvolume/delete_volume_tag.go:53.2,53.12 1 1
github.com/IBM/ibmcloud-volume-vpc/common/vpcclient/vpcvolume/expand_volume.go:30.134,49.16 11 1
github.com/IBM/ibmcloud-volume-vpc/common/vpcclient/vpcvolume/expand_volume.go:49.16,51.3 1 1
github.com/IBM/ibmcloud-volume-vpc/common/vpcclient/vpcvolume/expand_volume.go:53.2,53.21 1 1
github.com/IBM/ibmcloud-volume-vpc/common/vpcclient/vpcvolume/get_snapshot.go:30.108,51.16 11 1
github.com/IBM/ibmcloud-volume-vpc/common/vpcclient/vpcvolume/get_snapshot.go:51.16,53.3 1 1
github.com/IBM/ibmcloud-volume-vpc/common/vpcclient/vpcvolume/get_snapshot.go:55.2,55.23 1 1
github.com/IBM/ibmcloud-volume-vpc/common/vpcclient/vpcvolume/get_snapshot.go:59.116,68.16 6 1
github.com/IBM/ibmcloud-volume-vpc/common/vpcclient/vpcvolume/get_snapshot.go:68.16,70.3 1 1
github.com/IBM/ibmcloud-volume-vpc/common/vpcclient/vpcvolume/get_snapshot.go:72.2,72.22 1 1
github.com/IBM/ibmcloud-volume-vpc/common/vpcclient/vpcvolume/get_snapshot.go:72.22,74.28 2 1
github.com/IBM/ibmcloud-volume-vpc/common/vpcclient/vpcvolume/get_snapshot.go:74.28,76.4 1 1
github.com/IBM/ibmcloud-volume-vpc/common/vpcclient/vpcvolume/get_snapshot.go:78.2,78.17 1 1
github.com/IBM/ibmcloud-volume-vpc/common/vpcclient/vpcvolume/get_volume.go:30.100,51.16 11 1
github.com/IBM/ibmcloud-volume-vpc/common/vpcclient/vpcvolume/get_volume.go:51.16,53.3 1 1
github.com/IBM/ibmcloud-volume-vpc/common/vpcclient/vpcvolume/get_volume.go:55.2,55.21 1 1
github.com/IBM/ibmcloud-volume-vpc/common/vpcclient/vpcvolume/get_volume.go:59.108,68.16 6 1
github.com/IBM/ibmcloud-volume-vpc/common/vpcclient/vpcvolume/get_volume.go:68.16,70.3 1 1
github.com/IBM/ibmcloud-volume-vpc/common/vpcclient/vpcvolume/get_volume.go:72.2,72.20 1 1
github.com/IBM/ibmcloud-volume-vpc/common/vpcclient/vpcvolume/get_volume.go:72.20,74.27 2 1
github.com/IBM/ibmcloud-volume-vpc/common/vpcclient/vpcvolume/get_volume.go:74.27,76.4 1 1
github.com/IBM/ibmcloud-volume-vpc/common/vpcclient/vpcvolume/get_volume.go:78.2,78.17 1 1
github.com/IBM/ibmcloud-volume-vpc/common/vpcclient/vpcvolume/get_volume_etag.go:30.112,51.16 11 1
github.com/IBM/ibmcloud-volume-vpc/common/vpcclient/vpcvolume/get_volume_etag.go:51.16,53.3 1 1
github.com/IBM/ibmcloud-volume-vpc/common/vpcclient/vpcvolume/get_volume_etag.go:55.2,55.46 1 1
github.com/IBM/ibmcloud-volume-vpc/common/vpcclient/vpcvolume/iks_update_volume.go:30.102,46.16 9 1
github.com/IBM/ibmcloud-volume-vpc/common/vpcclient/vpcvolume/iks_update_volume.go:46.16,48.3 1 0
github.com/IBM/ibmcloud-volume-vpc/common/vpcclient/vpcvolume/iks_update_volume.go:49.2,49.12 1 1
github.com/IBM/ibmcloud-volume-vpc/common/vpcclient/vpcvolume/iks_volume_service.go:40.69,50.2 3 1
github.com/IBM/ibmcloud-volume-vpc/common/vpcclient/vpcvolume/list_snapshot_tags.go:30.123,50.16 11 1
github.com/IBM/ibmcloud-volume-vpc/common/vpcclient/vpcvolume/list_snapshot_tags.go:50.16,52.3 1 1
github.com/IBM/ibmcloud-volume-vpc/common/vpcclient/vpcvolume/list_snapshot_tags.go:54.2,54.19 1 1
github.com/IBM/ibmcloud-volume-vpc/common/vpcclient/vpcvolume/list_snapshots.go:31.156,51.15 10 1
github.com/IBM/ibmcloud-volume-vpc/common/vpcclient/vpcvolume/list_snapshots.go:51.15,53.3 1 1
github.com/IBM/ibmcloud-volume-vpc/common/vpcclient/vpcvolume/list_snapshots.go:55.2,55.17 1 1
github.com/IBM/ibmcloud-volume-vpc/common/vpcclient/vpcvolume/list_snapshots.go:55.17,57.3 1 1
github.com/IBM/ibmcloud-volume-vpc/common/vpcclient/vpcvolume/list_snapshots.go:59.2,59.20 1 1
github.com/IBM/ibmcloud-volume-vpc/common/vpcclient/vpcvolume/list_snapshots.go:59.20,60.36 1 1
github.com/IBM/ibmcloud-volume-vpc/common/vpcclient/vpcvolume/list_snapshots.go:60.36,62.4 1 1
github.com/IBM/ibmcloud-volume-vpc/common/vpcclient/vpcvolume/list_snapshots.go:63.3,63.25 1 1
github.com/IBM/ibmcloud-volume-vpc/common/vpcclient/vpcvolume/list_snapshots.go:63.25,65.4 1 1
github.com/IBM/ibmcloud-volume-vpc/common/vpcclient/vpcvolume/list_snapshots.go:66.3,66.35 1 1
github.com/IBM/ibmcloud-volume-vpc/common/vpcclient/vpcvolume/list_snapshots.go:66.35,68.4 1 1
github.com/IBM/ibmcloud-volume-vpc/common/vpcclient/vpcvolume/list_snapshots.go:71.2,72.16 2 1
github.com/IBM/ibmcloud-volume-vpc/common/vpcclient/vpcvolume/list_snapshots.go:72.16,74.3 1 1
github.com/IBM/ibmcloud-volume-vpc/common/vpcclient/vpcvolume/list_snapshots.go:76.2,76.24 1 1
github.com/IBM/ibmcloud-volume-vpc/common/vpcclient/vpcvolume/list_volume_tags.go:30.100,50.16 11 1
github.com/IBM/ibmcloud-volume-vpc/common/vpcclient/vpcvolume/list_volume_tags.go:50.16,52.3 1 1
github.com/IBM/ibmcloud-volume-vpc/common/vpcclient/vpcvolume/list_volume_tags.go:54.2,54.19 1 1
github.com/IBM/ibmcloud-volume-vpc/common/vpcclient/vpcvolume/list_volumes.go:31.149,51.15 10 1
github.com/IBM/ibmcloud-volume-vpc/common/vpcclient/vpcvolume/list_volumes.go:51.15,53.3 1 1
github.com/IBM/ibmcloud-volume-vpc/common/vpcclient/vpcvolume/list_volumes.go:55.2,55.17 1 1
github.com/IBM/ibmcloud-volume-vpc/common/vpcclient/vpcvolume/list_volumes.go:55.17,57.3 1 1
github.com/IBM/ibmcloud-volume-vpc/common/vpcclient/vpcvolume/list_volumes.go:59.2,59.20 1 1
github.com/IBM/ibmcloud-volume-vpc/common/vpcclient/vpcvolume/list_volumes.go:59.20,60.36 1 1
github.com/IBM/ibmcloud-volume-vpc/common/vpcclient/vpcvolume/list_volumes.go:60.36,62.4 1 1
github.com/IBM/ibmcloud-volume-vpc/common/vpcclient/vpcvolume/list_volumes.go:63.3,63.24 1 1
github.com/IBM/ibmcloud-volume-vpc/common/vpcclient/vpcvolume/list_volumes.go:63.24,65.4 1 1
github.com/IBM/ibmcloud-volume-vpc/common/vpcclient/vpcvolume/list_volumes.go:66.3,66.29 1 1
github.com/IBM/ibmcloud-volume-vpc/common/vpcclient/vpcvolume/list_volumes.go:66.29,68.4 1 1
github.com/IBM/ibmcloud-volume-vpc/common/vpcclient/vpcvolume/list_volumes.go:69.3,69.31 1 1
github.com/IBM/ibmcloud-volume-vpc/common/vpcclient/vpcvolume/list_volumes.go:69.31,71.4 1 1
github.com/IBM/ibmcloud-volume-vpc/common/vpcclient/vpcvolume/list_volumes.go:74.2,75.16 2 1
github.com/IBM/ibmcloud-volume-vpc/common/vpcclient/vpcvolume/list_volumes.go:75.16,77.3 1 1
github.com/IBM/ibmcloud-volume-vpc/common/vpcclient/vpcvolume/list_volumes.go:79.2,79.22 1 1
github.com/IBM/ibmcloud-volume-vpc/common/vpcclient/vpcvolume/set_snapshot_tag.go:30.124,49.16 10 1
github.com/IBM/ibmcloud-volume-vpc/common/vpcclient/vpcvolume/set_snapshot_tag.go:49.16,51.3 1 1
github.com/IBM/ibmcloud-volume-vpc/common/vpcclient/vpcvolume/set_snapshot_tag.go:53.2,53.12 1 0
github.com/IBM/ibmcloud-volume-vpc/common/vpcclient/vpcvolume/set_volume_tag.go:30.101,49.16 10 1
github.com/IBM/ibmcloud-volume-vpc/common/vpcclient/vpcvolume/set_volume_tag.go:49.16,51.3 1 1
github.com/IBM/ibmcloud-volume-vpc/common/vpcclient/vpcvolume/set_volume_tag.go:53.2,53.12 1 1
github.com/IBM/ibmcloud-volume-vpc/common/vpcclient/vpcvolume/snapshot_service.go:64.70,68.2 1 1
github.com/IBM/ibmcloud-volume-vpc/common/vpcclient/vpcvolume/update_volume.go:28.99,30.2 1 0
github.com/IBM/ibmcloud-volume-vpc/common/vpcclient/vpcvolume/update_volume_with_etag.go:30.137,51.16 11 1
github.com/IBM/ibmcloud-volume-vpc/common/vpcclient/vpcvolume/update_volume_with_etag.go:51.16,53.3 1 1
github.com/IBM/ibmcloud-volume-vpc/common/vpcclient/vpcvolume/update_volume_with_etag.go:55.2,55.12 1 1
github.com/IBM/ibmcloud-volume-vpc/common/vpcclient/vpcvolume/volume_service.go:79.53,83.2 1 1
github.com/IBM/ibmcloud-volume-vpc/iks/provider/provider.go:47.133,51.16 3 1
github.com/IBM/ibmcloud-volume-vpc/iks/provider/provider.go:51.16,54.3 2 0
github.com/IBM/ibmcloud-volume-vpc/iks/provider/provider.go:55.2,59.16 3 1
github.com/IBM/ibmcloud-volume-vpc/iks/provider/provider.go:59.16,62.3 2 0
github.com/IBM/ibmcloud-volume-vpc/iks/provider/provider.go:63.2,75.16 5 1
github.com/IBM/ibmcloud-volume-vpc/iks/provider/provider.go:75.16,78.3 2 0
github.com/IBM/ibmcloud-volume-vpc/iks/provider/provider.go:80.2,80.33 1 1
github.com/IBM/ibmcloud-volume-vpc/iks/provider/provider.go:84.164,87.15 2 0
github.com/IBM/ibmcloud-volume-vpc/iks/provider/provider.go:87.15,89.3 1 0
github.com/IBM/ibmcloud-volume-vpc/iks/provider/provider.go:90.2,94.16 5 0
github.com/IBM/ibmcloud-volume-vpc/iks/provider/provider.go:94.16,96.71 2 0
github.com/IBM/ibmcloud-volume-vpc/iks/provider/provider.go:96.71,99.4 2 0
github.com/IBM/ibmcloud-volume-vpc/iks/provider/provider.go:100.3,100.58 1 0
github.com/IBM/ibmcloud-volume-vpc/iks/provider/provider.go:100.58,103.4 2 0
github.com/IBM/ibmcloud-volume-vpc/iks/provider/provider.go:104.3,104.18 1 0
github.com/IBM/ibmcloud-volume-vpc/iks/provider/provider.go:106.2,107.16 2 0
github.com/IBM/ibmcloud-volume-vpc/iks/provider/provider.go:107.16,110.3 2 0
github.com/IBM/ibmcloud-volume-vpc/iks/provider/provider.go:111.2,119.16 7 0
github.com/IBM/ibmcloud-volume-vpc/iks/provider/provider.go:119.16,125.3 2 0
github.com/IBM/ibmcloud-volume-vpc/iks/provider/provider.go:125.8,127.17 2 0
github.com/IBM/ibmcloud-volume-vpc/iks/provider/provider.go:127.17,129.4 1 0
github.com/IBM/ibmcloud-volume-vpc/iks/provider/provider.go:132.2,133.39 2 0
github.com/IBM/ibmcloud-volume-vpc/iks/provider/provider.go:133.39,135.3 1 0
github.com/IBM/ibmcloud-volume-vpc/iks/provider/provider.go:137.2,142.28 3 0
github.com/IBM/ibmcloud-volume-vpc/iks/provider/provider.go:146.115,148.2 1 0
github.com/IBM/ibmcloud-volume-vpc/iks/provider/session.go:43.39,45.2 0 0
github.com/IBM/ibmcloud-volume-vpc/iks/provider/session.go:48.79,50.2 1 0
github.com/IBM/ibmcloud-volume-vpc/iks/provider/session.go:53.69,55.2 1 0
github.com/IBM/ibmcloud-volume-vpc/iks/provider/session.go:58.57,60.2 1 0
github.com/IBM/ibmcloud-volume-vpc/iks/provider/session.go:63.145,67.2 3 0
github.com/IBM/ibmcloud-volume-vpc/iks/provider/session.go:70.125,74.2 3 0
github.com/IBM/ibmcloud-volume-vpc/iks/provider/session.go:77.152,81.2 3 0
github.com/IBM/ibmcloud-volume-vpc/iks/provider/session.go:84.152,88.2 3 0
github.com/IBM/ibmcloud-volume-vpc/iks/provider/session.go:91.114,95.2 3 0
github.com/IBM/ibmcloud-volume-vpc/iks/provider/update_volume.go:32.86,42.16 7 0
github.com/IBM/ibmcloud-volume-vpc/iks/provider/update_volume.go:42.16,44.3 1 0
github.com/IBM/ibmcloud-volume-vpc/iks/provider/update_volume.go:45.2,48.71 3 0
github.com/IBM/ibmcloud-volume-vpc/iks/provider/update_volume.go:48.71,51.3 2 0
github.com/IBM/ibmcloud-volume-vpc/iks/provider/update_volume.go:53.2,53.16 1 0
github.com/IBM/ibmcloud-volume-vpc/iks/provider/update_volume.go:53.16,56.3 2 0
github.com/IBM/ibmcloud-volume-vpc/iks/provider/update_volume.go:57.2,58.12 2 0
github.com/IBM/ibmcloud-volume-vpc/iks/provider/update_volume.go:62.65,64.38 1 0
github.com/IBM/ibmcloud-volume-vpc/iks/provider/update_volume.go:64.38,66.3 1 0
github.com/IBM/ibmcloud-volume-vpc/iks/provider/update_volume.go:68.2,68.38 1 0
github.com/IBM/ibmcloud-volume-vpc/iks/provider/update_volume.go:68.38,70.3 1 0
github.com/IBM/ibmcloud-volume-vpc/iks/provider/update_volume.go:72.2,72.40 1 0
github.com/IBM/ibmcloud-volume-vpc/iks/provider/update_volume.go:72.40,74.3 1 0
github.com/IBM/ibmcloud-volume-vpc/iks/provider/update_volume.go:76.2,76.12 1 0
github.com/IBM/ibmcloud-volume-vpc/pkg/ibmcloudprovider/fake_volume_provider.go:78.72,97.20 8 1
github.com/IBM/ibmcloud-volume-vpc/pkg/ibmcloudprovider/fake_volume_provider.go:97.20,101.17 3 1
github.com/IBM/ibmcloud-volume-vpc/pkg/ibmcloudprovider/fake_volume_provider.go:101.17,103.4 1 0
github.com/IBM/ibmcloud-volume-vpc/pkg/ibmcloudprovider/fake_volume_provider.go:106.2,106.8 1 1
github.com/IBM/ibmcloud-volume-vpc/pkg/ibmcloudprovider/fake_volume_provider.go:110.114,114.2 1 1
github.com/IBM/ibmcloud-volume-vpc/pkg/ibmcloudprovider/fake_volume_provider.go:117.128,119.2 1 1
github.com/IBM/ibmcloud-volume-vpc/pkg/ibmcloudprovider/fake_volume_provider.go:122.69,124.2 1 1
github.com/IBM/ibmcloud-volume-vpc/pkg/ibmcloudprovider/fake_volume_provider.go:127.64,129.2 1 1
github.com/IBM/ibmcloud-volume-vpc/pkg/ibmcloudprovider/volume_provider.go:49.153,53.16 3 1
github.com/IBM/ibmcloud-volume-vpc/pkg/ibmcloudprovider/volume_provider.go:53.16,56.3 2 1
github.com/IBM/ibmcloud-volume-vpc/pkg/ibmcloudprovider/volume_provider.go:59.2,60.16 2 1
github.com/IBM/ibmcloud-volume-vpc/pkg/ibmcloudprovider/volume_provider.go:60.16,62.3 1 0
github.com/IBM/ibmcloud-volume-vpc/pkg/ibmcloudprovider/volume_provider.go:62.8,65.3 2 1
github.com/IBM/ibmcloud-volume-vpc/pkg/ibmcloudprovider/volume_provider.go:67.2,69.79 3 1
github.com/IBM/ibmcloud-volume-vpc/pkg/ibmcloudprovider/volume_provider.go:69.79,71.17 2 1
github.com/IBM/ibmcloud-volume-vpc/pkg/ibmcloudprovider/volume_provider.go:71.17,74.4 2 1
github.com/IBM/ibmcloud-volume-vpc/pkg/ibmcloudprovider/volume_provider.go:75.3,75.39 1 0
github.com/IBM/ibmcloud-volume-vpc/pkg/ibmcloudprovider/volume_provider.go:79.2,89.16 4 1
github.com/IBM/ibmcloud-volume-vpc/pkg/ibmcloudprovider/volume_provider.go:89.16,92.3 2 1
github.com/IBM/ibmcloud-volume-vpc/pkg/ibmcloudprovider/volume_provider.go:94.2,95.42 2 1
github.com/IBM/ibmcloud-volume-vpc/pkg/ibmcloudprovider/volume_provider.go:95.42,97.3 1 0
github.com/IBM/ibmcloud-volume-vpc/pkg/ibmcloudprovider/volume_provider.go:97.8,97.29 1 1
github.com/IBM/ibmcloud-volume-vpc/pkg/ibmcloudprovider/volume_provider.go:97.29,99.3 1 1
github.com/IBM/ibmcloud-volume-vpc/pkg/ibmcloudprovider/volume_provider.go:101.2,108.27 3 1
github.com/IBM/ibmcloud-volume-vpc/pkg/ibmcloudprovider/volume_provider.go:111.28,113.2 1 1
github.com/IBM/ibmcloud-volume-vpc/pkg/ibmcloudprovider/volume_provider.go:116.123,118.35 2 0
github.com/IBM/ibmcloud-volume-vpc/pkg/ibmcloudprovider/volume_provider.go:118.35,122.3 1 0
github.com/IBM/ibmcloud-volume-vpc/pkg/ibmcloudprovider/volume_provider.go:124.2,125.16 2 0
github.com/IBM/ibmcloud-volume-vpc/pkg/ibmcloudprovider/volume_provider.go:125.16,128.3 2 0
github.com/IBM/ibmcloud-volume-vpc/pkg/ibmcloudprovider/volume_provider.go:131.2,139.16 3 0
github.com/IBM/ibmcloud-volume-vpc/pkg/ibmcloudprovider/volume_provider.go:139.16,142.3 2 0
github.com/IBM/ibmcloud-volume-vpc/pkg/ibmcloudprovider/volume_provider.go:143.2,144.17 2 0
github.com/IBM/ibmcloud-volume-vpc/pkg/ibmcloudprovider/volume_provider.go:148.64,150.2 1 0
github.com/IBM/ibmcloud-volume-vpc/pkg/ibmcloudprovider/volume_provider.go:153.59,155.2 1 0
github.com/IBM/ibmcloud-volume-vpc/pkg/ibmcloudprovider/volume_provider.go:158.60,159.38 1 1
github.com/IBM/ibmcloud-volume-vpc/pkg/ibmcloudprovider/volume_provider.go:159.38,162.3 2 1
github.com/IBM/ibmcloud-volume-vpc/pkg/ibmcloudprovider/volume_provider.go:163.2,163.12 1 1
github.com/IBM/ibmcloud-volume-vpc/pkg/watcher/pv_watcher.go:123.136,130.16 5 0
github.com/IBM/ibmcloud-volume-vpc/pkg/watcher/pv_watcher.go:130.16,132.3 1 0
github.com/IBM/ibmcloud-volume-vpc/pkg/watcher/pv_watcher.go:134.2,135.16 2 0
github.com/IBM/ibmcloud-volume-vpc/pkg/watcher/pv_watcher.go:135.16,137.3 1 0
github.com/IBM/ibmcloud-volume-vpc/pkg/watcher/pv_watcher.go:138.2,152.12 7 0
github.com/IBM/ibmcloud-volume-vpc/pkg/watcher/pv_watcher.go:156.31,171.2 7 0
github.com/IBM/ibmcloud-volume-vpc/pkg/watcher/pv_watcher.go:173.61,175.12 1 1
github.com/IBM/ibmcloud-volume-vpc/pkg/watcher/pv_watcher.go:175.12,180.16 4 1
github.com/IBM/ibmcloud-volume-vpc/pkg/watcher/pv_watcher.go:180.16,181.32 1 1
github.com/IBM/ibmcloud-volume-vpc/pkg/watcher/pv_watcher.go:181.32,183.5 1 0
github.com/IBM/ibmcloud-volume-vpc/pkg/watcher/pv_watcher.go:186.3,189.20 3 1
github.com/IBM/ibmcloud-volume-vpc/pkg/watcher/pv_watcher.go:189.20,197.98 8 1
github.com/IBM/ibmcloud-volume-vpc/pkg/watcher/pv_watcher.go:197.98,200.5 2 1
github.com/IBM/ibmcloud-volume-vpc/pkg/watcher/pv_watcher.go:203.3,204.21 2 0
github.com/IBM/ibmcloud-volume-vpc/pkg/watcher/pv_watcher.go:204.21,207.11 2 0
github.com/IBM/ibmcloud-volume-vpc/pkg/watcher/pv_watcher.go:207.11,210.5 2 0
github.com/IBM/ibmcloud-volume-vpc/pkg/watcher/pv_watcher.go:212.4,216.18 4 0
github.com/IBM/ibmcloud-volume-vpc/pkg/watcher/pv_watcher.go:216.18,219.5 2 0
github.com/IBM/ibmcloud-volume-vpc/pkg/watcher/pv_watcher.go:223.4,223.61 1 0
github.com/IBM/ibmcloud-volume-vpc/pkg/watcher/pv_watcher.go:223.61,226.19 3 0
github.com/IBM/ibmcloud-volume-vpc/pkg/watcher/pv_watcher.go:226.19,229.6 2 0
github.com/IBM/ibmcloud-volume-vpc/pkg/watcher/pv_watcher.go:229.11,232.6 2 0
github.com/IBM/ibmcloud-volume-vpc/pkg/watcher/pv_watcher.go:233.10,235.5 1 0
github.com/IBM/ibmcloud-volume-vpc/pkg/watcher/pv_watcher.go:237.3,237.56 1 0
github.com/IBM/ibmcloud-volume-vpc/pkg/watcher/pv_watcher.go:241.98,247.21 5 1
github.com/IBM/ibmcloud-volume-vpc/pkg/watcher/pv_watcher.go:247.21,249.3 1 1
github.com/IBM/ibmcloud-volume-vpc/pkg/watcher/pv_watcher.go:251.2,259.39 9 1
github.com/IBM/ibmcloud-volume-vpc/pkg/watcher/pv_watcher.go:262.103,273.42 7 1
github.com/IBM/ibmcloud-volume-vpc/pkg/watcher/pv_watcher.go:273.42,276.3 1 0
github.com/IBM/ibmcloud-volume-vpc/pkg/watcher/pv_watcher.go:276.8,285.3 7 1
github.com/IBM/ibmcloud-volume-vpc/pkg/watcher/pv_watcher.go:286.2,287.15 2 1
github.com/IBM/ibmcloud-volume-vpc/pkg/watcher/pv_watcher.go:290.52,294.37 4 0
github.com/IBM/ibmcloud-volume-vpc/pkg/watcher/pv_watcher.go:294.37,296.3 1 0
github.com/IBM/ibmcloud-volume-vpc/pkg/watcher/pv_watcher.go:297.2,298.25 2 0
github.com/IBM/ibmcloud-volume-vpc/pkg/watcher/pv_watcher.go:302.44,304.2 1 1
github.com/IBM/ibmcloud-volume-vpc/pkg/watcher/pv_watcher.go:307.80,309.2 1 1
github.com/IBM/ibmcloud-volume-vpc/pkg/watcher/pv_watcher.go:313.114,320.13 7 1
github.com/IBM/ibmcloud-volume-vpc/pkg/watcher/pv_watcher.go:320.13,322.3 1 0
github.com/IBM/ibmcloud-volume-vpc/pkg/watcher/pv_watcher.go:322.8,324.3 1 1
github.com/IBM/ibmcloud-volume-vpc/pkg/watcher/pv_watcher.go:326.2,327.126 1 1
github.com/IBM/ibmcloud-volume-vpc/pkg/watcher/pv_watcher.go:327.126,329.4 1 1
github.com/IBM/ibmcloud-volume-vpc/pkg/watcher/pv_watcher.go:330.123,332.4 1 1
github.com/IBM/ibmcloud-volume-vpc/pkg/watcher/pv_watcher.go:334.2,336.24 2 1
github.com/IBM/ibmcloud-volume-vpc/pkg/watcher/pv_watcher.go:336.24,341.3 3 1
github.com/IBM/ibmcloud-volume-vpc/pkg/watcher/pv_watcher.go:342.2,343.35 2 1
