mode: set
github.com/IBM/ibmcloud-volume-vpc/common/vpcclient/client/params.go:24.31,26.22 2 1
github.com/IBM/ibmcloud-volume-vpc/common/vpcclient/client/params.go:29.2,29.15 1 1
github.com/IBM/ibmcloud-volume-vpc/common/vpcclient/client/params.go:26.22,28.3 1 1
github.com/IBM/ibmcloud-volume-vpc/common/vpcclient/client/request.go:78.33,80.33 2 1
github.com/IBM/ibmcloud-volume-vpc/common/vpcclient/client/request.go:83.2,83.13 1 1
github.com/IBM/ibmcloud-volume-vpc/common/vpcclient/client/request.go:80.33,82.3 1 0
github.com/IBM/ibmcloud-volume-vpc/common/vpcclient/client/request.go:87.32,89.20 2 1
github.com/IBM/ibmcloud-volume-vpc/common/vpcclient/client/request.go:92.2,92.43 1 1
github.com/IBM/ibmcloud-volume-vpc/common/vpcclient/client/request.go:95.2,96.20 2 1
github.com/IBM/ibmcloud-volume-vpc/common/vpcclient/client/request.go:99.2,102.29 3 1
github.com/IBM/ibmcloud-volume-vpc/common/vpcclient/client/request.go:89.20,91.3 1 1
github.com/IBM/ibmcloud-volume-vpc/common/vpcclient/client/request.go:92.43,94.3 1 1
github.com/IBM/ibmcloud-volume-vpc/common/vpcclient/client/request.go:96.20,98.3 1 1
github.com/IBM/ibmcloud-volume-vpc/common/vpcclient/client/request.go:106.62,109.2 2 0
github.com/IBM/ibmcloud-volume-vpc/common/vpcclient/client/request.go:112.61,113.26 1 1
github.com/IBM/ibmcloud-volume-vpc/common/vpcclient/client/request.go:116.2,117.10 2 1
github.com/IBM/ibmcloud-volume-vpc/common/vpcclient/client/request.go:113.26,115.3 1 0
github.com/IBM/ibmcloud-volume-vpc/common/vpcclient/client/request.go:121.61,122.26 1 0
github.com/IBM/ibmcloud-volume-vpc/common/vpcclient/client/request.go:125.2,126.10 2 0
github.com/IBM/ibmcloud-volume-vpc/common/vpcclient/client/request.go:122.26,124.3 1 0
github.com/IBM/ibmcloud-volume-vpc/common/vpcclient/client/request.go:130.52,131.90 1 1
github.com/IBM/ibmcloud-volume-vpc/common/vpcclient/client/request.go:143.2,143.10 1 1
github.com/IBM/ibmcloud-volume-vpc/common/vpcclient/client/request.go:131.90,135.28 3 0
github.com/IBM/ibmcloud-volume-vpc/common/vpcclient/client/request.go:139.3,139.50 1 0
github.com/IBM/ibmcloud-volume-vpc/common/vpcclient/client/request.go:135.28,137.4 1 0
github.com/IBM/ibmcloud-volume-vpc/common/vpcclient/client/request.go:140.8,142.3 1 1
github.com/IBM/ibmcloud-volume-vpc/common/vpcclient/client/request.go:148.79,151.2 2 1
github.com/IBM/ibmcloud-volume-vpc/common/vpcclient/client/request.go:155.62,158.2 2 1
github.com/IBM/ibmcloud-volume-vpc/common/vpcclient/client/request.go:162.54,165.2 2 1
github.com/IBM/ibmcloud-volume-vpc/common/vpcclient/client/request.go:168.52,170.16 2 1
github.com/IBM/ibmcloud-volume-vpc/common/vpcclient/client/request.go:174.2,175.27 2 1
github.com/IBM/ibmcloud-volume-vpc/common/vpcclient/client/request.go:186.2,187.16 2 1
github.com/IBM/ibmcloud-volume-vpc/common/vpcclient/client/request.go:191.2,191.30 1 1
github.com/IBM/ibmcloud-volume-vpc/common/vpcclient/client/request.go:195.2,198.16 3 1
github.com/IBM/ibmcloud-volume-vpc/common/vpcclient/client/request.go:201.2,205.9 3 1
github.com/IBM/ibmcloud-volume-vpc/common/vpcclient/client/request.go:223.2,223.18 1 1
github.com/IBM/ibmcloud-volume-vpc/common/vpcclient/client/request.go:170.16,172.3 1 0
github.com/IBM/ibmcloud-volume-vpc/common/vpcclient/client/request.go:175.27,177.17 2 1
github.com/IBM/ibmcloud-volume-vpc/common/vpcclient/client/request.go:181.3,181.69 1 1
github.com/IBM/ibmcloud-volume-vpc/common/vpcclient/client/request.go:177.17,179.4 1 0
github.com/IBM/ibmcloud-volume-vpc/common/vpcclient/client/request.go:181.69,183.4 1 1
github.com/IBM/ibmcloud-volume-vpc/common/vpcclient/client/request.go:187.16,189.3 1 0
github.com/IBM/ibmcloud-volume-vpc/common/vpcclient/client/request.go:191.30,193.3 1 1
github.com/IBM/ibmcloud-volume-vpc/common/vpcclient/client/request.go:198.16,200.3 1 0
github.com/IBM/ibmcloud-volume-vpc/common/vpcclient/client/request.go:206.47,207.8 1 0
github.com/IBM/ibmcloud-volume-vpc/common/vpcclient/client/request.go:209.56,210.31 1 1
github.com/IBM/ibmcloud-volume-vpc/common/vpcclient/client/request.go:214.10,215.29 1 1
github.com/IBM/ibmcloud-volume-vpc/common/vpcclient/client/request.go:210.31,212.4 1 1
github.com/IBM/ibmcloud-volume-vpc/common/vpcclient/client/request.go:215.29,217.18 2 1
github.com/IBM/ibmcloud-volume-vpc/common/vpcclient/client/request.go:217.18,219.5 1 1
github.com/IBM/ibmcloud-volume-vpc/common/vpcclient/client/request.go:226.51,227.26 1 1
github.com/IBM/ibmcloud-volume-vpc/common/vpcclient/client/request.go:231.2,233.16 3 1
github.com/IBM/ibmcloud-volume-vpc/common/vpcclient/client/request.go:238.2,239.15 2 1
github.com/IBM/ibmcloud-volume-vpc/common/vpcclient/client/request.go:227.26,229.3 1 0
github.com/IBM/ibmcloud-volume-vpc/common/vpcclient/client/request.go:233.16,236.3 2 0
github.com/IBM/ibmcloud-volume-vpc/common/vpcclient/client/request.go:239.15,241.3 1 1
github.com/IBM/ibmcloud-volume-vpc/common/vpcclient/client/request.go:244.54,245.26 1 1
github.com/IBM/ibmcloud-volume-vpc/common/vpcclient/client/request.go:249.2,250.16 2 1
github.com/IBM/ibmcloud-volume-vpc/common/vpcclient/client/request.go:255.2,255.95 1 1
github.com/IBM/ibmcloud-volume-vpc/common/vpcclient/client/request.go:245.26,247.3 1 0
github.com/IBM/ibmcloud-volume-vpc/common/vpcclient/client/request.go:250.16,253.3 2 0
github.com/IBM/ibmcloud-volume-vpc/common/vpcclient/client/request.go:258.62,260.2 1 1
github.com/IBM/ibmcloud-volume-vpc/common/vpcclient/client/request.go:265.36,282.2 11 1
github.com/IBM/ibmcloud-volume-vpc/common/vpcclient/client/request.go:284.65,287.2 2 1
github.com/IBM/ibmcloud-volume-vpc/common/vpcclient/client/authentication.go:34.64,37.23 2 1
github.com/IBM/ibmcloud-volume-vpc/common/vpcclient/client/authentication.go:40.2,41.12 2 1
github.com/IBM/ibmcloud-volume-vpc/common/vpcclient/client/authentication.go:37.23,39.3 1 0
github.com/IBM/ibmcloud-volume-vpc/common/vpcclient/client/client.go:57.152,68.2 1 1
github.com/IBM/ibmcloud-volume-vpc/common/vpcclient/client/client.go:71.60,75.23 4 1
github.com/IBM/ibmcloud-volume-vpc/common/vpcclient/client/client.go:80.2,80.27 1 1
github.com/IBM/ibmcloud-volume-vpc/common/vpcclient/client/client.go:85.2,86.34 2 1
github.com/IBM/ibmcloud-volume-vpc/common/vpcclient/client/client.go:90.2,101.3 1 1
github.com/IBM/ibmcloud-volume-vpc/common/vpcclient/client/client.go:75.23,78.3 2 1
github.com/IBM/ibmcloud-volume-vpc/common/vpcclient/client/client.go:80.27,82.3 1 1
github.com/IBM/ibmcloud-volume-vpc/common/vpcclient/client/client.go:86.34,88.3 1 1
github.com/IBM/ibmcloud-volume-vpc/common/vpcclient/client/client.go:105.60,108.2 2 1
github.com/IBM/ibmcloud-volume-vpc/common/vpcclient/client/client.go:111.64,116.2 2 1
github.com/IBM/ibmcloud-volume-vpc/common/vpcclient/client/client.go:119.70,122.2 2 1
github.com/IBM/ibmcloud-volume-vpc/common/vpcclient/client/client.go:125.67,128.2 2 1
github.com/IBM/ibmcloud-volume-vpc/common/vpcclient/instances/attach_volume.go:31.153,49.16 10 1
github.com/IBM/ibmcloud-volume-vpc/common/vpcclient/instances/attach_volume.go:53.2,54.31 2 1
github.com/IBM/ibmcloud-volume-vpc/common/vpcclient/instances/attach_volume.go:49.16,51.3 1 1
github.com/IBM/ibmcloud-volume-vpc/common/vpcclient/instances/iks_get_volume_attachment.go:30.163,50.16 11 1
github.com/IBM/ibmcloud-volume-vpc/common/vpcclient/instances/iks_get_volume_attachment.go:54.2,55.31 2 1
github.com/IBM/ibmcloud-volume-vpc/common/vpcclient/instances/iks_get_volume_attachment.go:50.16,53.3 2 0
github.com/IBM/ibmcloud-volume-vpc/common/vpcclient/instances/volume_mounter_service.go:59.61,65.130 2 1
github.com/IBM/ibmcloud-volume-vpc/common/vpcclient/instances/volume_mounter_service.go:65.130,68.4 2 1
github.com/IBM/ibmcloud-volume-vpc/common/vpcclient/instances/volume_mounter_service.go:75.87,82.2 2 1
github.com/IBM/ibmcloud-volume-vpc/common/vpcclient/instances/detach_volume.go:32.143,53.16 12 1
github.com/IBM/ibmcloud-volume-vpc/common/vpcclient/instances/detach_volume.go:61.2,62.18 2 1
github.com/IBM/ibmcloud-volume-vpc/common/vpcclient/instances/detach_volume.go:53.16,55.60 2 1
github.com/IBM/ibmcloud-volume-vpc/common/vpcclient/instances/detach_volume.go:55.60,59.4 2 1
github.com/IBM/ibmcloud-volume-vpc/common/vpcclient/instances/get_volume_attachment.go:31.160,52.16 13 1
github.com/IBM/ibmcloud-volume-vpc/common/vpcclient/instances/get_volume_attachment.go:56.2,57.31 2 1
github.com/IBM/ibmcloud-volume-vpc/common/vpcclient/instances/get_volume_attachment.go:52.16,55.3 2 0
github.com/IBM/ibmcloud-volume-vpc/common/vpcclient/instances/iks_attach_volume.go:30.156,52.16 12 1
github.com/IBM/ibmcloud-volume-vpc/common/vpcclient/instances/iks_attach_volume.go:56.2,57.31 2 1
github.com/IBM/ibmcloud-volume-vpc/common/vpcclient/instances/iks_attach_volume.go:52.16,54.3 1 0
github.com/IBM/ibmcloud-volume-vpc/common/vpcclient/instances/iks_detach_volume.go:31.146,50.16 10 1
github.com/IBM/ibmcloud-volume-vpc/common/vpcclient/instances/iks_detach_volume.go:58.2,59.18 2 1
github.com/IBM/ibmcloud-volume-vpc/common/vpcclient/instances/iks_detach_volume.go:50.16,52.60 2 0
github.com/IBM/ibmcloud-volume-vpc/common/vpcclient/instances/iks_detach_volume.go:52.60,55.4 1 0
github.com/IBM/ibmcloud-volume-vpc/common/vpcclient/instances/iks_list_volume_attachments.go:30.169,50.16 10 1
github.com/IBM/ibmcloud-volume-vpc/common/vpcclient/instances/iks_list_volume_attachments.go:54.2,55.35 2 1
github.com/IBM/ibmcloud-volume-vpc/common/vpcclient/instances/iks_list_volume_attachments.go:50.16,53.3 2 0
github.com/IBM/ibmcloud-volume-vpc/common/vpcclient/instances/list_volume_attachments.go:31.166,51.16 11 1
github.com/IBM/ibmcloud-volume-vpc/common/vpcclient/instances/list_volume_attachments.go:55.2,56.35 2 1
github.com/IBM/ibmcloud-volume-vpc/common/vpcclient/instances/list_volume_attachments.go:51.16,54.3 2 1
github.com/IBM/ibmcloud-volume-vpc/common/vpcclient/riaas/config.go:43.43,44.25 1 1
github.com/IBM/ibmcloud-volume-vpc/common/vpcclient/riaas/config.go:48.2,48.27 1 1
github.com/IBM/ibmcloud-volume-vpc/common/vpcclient/riaas/config.go:44.25,46.3 1 1
github.com/IBM/ibmcloud-volume-vpc/common/vpcclient/riaas/config.go:51.34,53.2 1 1
github.com/IBM/ibmcloud-volume-vpc/common/vpcclient/riaas/riaas.go:52.43,54.16 2 1
github.com/IBM/ibmcloud-volume-vpc/common/vpcclient/riaas/riaas.go:59.2,62.32 2 1
github.com/IBM/ibmcloud-volume-vpc/common/vpcclient/riaas/riaas.go:67.2,68.30 2 1
github.com/IBM/ibmcloud-volume-vpc/common/vpcclient/riaas/riaas.go:72.2,79.31 3 1
github.com/IBM/ibmcloud-volume-vpc/common/vpcclient/riaas/riaas.go:82.2,85.8 1 1
github.com/IBM/ibmcloud-volume-vpc/common/vpcclient/riaas/riaas.go:54.16,56.3 1 1
github.com/IBM/ibmcloud-volume-vpc/common/vpcclient/riaas/riaas.go:62.32,64.3 1 1
github.com/IBM/ibmcloud-volume-vpc/common/vpcclient/riaas/riaas.go:68.30,70.3 1 1
github.com/IBM/ibmcloud-volume-vpc/common/vpcclient/riaas/riaas.go:79.31,81.3 1 1
github.com/IBM/ibmcloud-volume-vpc/common/vpcclient/riaas/riaas.go:90.45,93.2 2 1
github.com/IBM/ibmcloud-volume-vpc/common/vpcclient/riaas/riaas.go:96.59,98.2 1 1
github.com/IBM/ibmcloud-volume-vpc/common/vpcclient/riaas/riaas.go:101.71,103.2 1 1
github.com/IBM/ibmcloud-volume-vpc/common/vpcclient/riaas/riaas.go:106.74,108.2 1 0
github.com/IBM/ibmcloud-volume-vpc/common/vpcclient/riaas/riaas.go:111.63,113.2 1 1
github.com/IBM/ibmcloud-volume-vpc/common/vpcclient/riaas/riaas.go:130.83,132.2 1 1
github.com/IBM/ibmcloud-volume-vpc/common/vpcclient/riaas/riaas.go:142.62,144.2 1 0
github.com/IBM/ibmcloud-volume-vpc/common/vpcclient/riaas/riaas.go:154.79,156.34 2 0
github.com/IBM/ibmcloud-volume-vpc/common/vpcclient/riaas/riaas.go:159.2,162.24 2 0
github.com/IBM/ibmcloud-volume-vpc/common/vpcclient/riaas/riaas.go:156.34,158.3 1 0
github.com/IBM/ibmcloud-volume-vpc/common/vpcclient/vpcvolume/delete_volume_tag.go:30.104,49.16 10 1
github.com/IBM/ibmcloud-volume-vpc/common/vpcclient/vpcvolume/delete_volume_tag.go:53.2,53.12 1 1
github.com/IBM/ibmcloud-volume-vpc/common/vpcclient/vpcvolume/delete_volume_tag.go:49.16,51.3 1 1
github.com/IBM/ibmcloud-volume-vpc/common/vpcclient/vpcvolume/volume_service.go:70.53,74.2 1 1
github.com/IBM/ibmcloud-volume-vpc/common/vpcclient/vpcvolume/check_volume_tag.go:30.103,49.16 10 1
github.com/IBM/ibmcloud-volume-vpc/common/vpcclient/vpcvolume/check_volume_tag.go:53.2,53.12 1 1
github.com/IBM/ibmcloud-volume-vpc/common/vpcclient/vpcvolume/check_volume_tag.go:49.16,51.3 1 1
github.com/IBM/ibmcloud-volume-vpc/common/vpcclient/vpcvolume/create_snapshot.go:30.127,49.16 10 1
github.com/IBM/ibmcloud-volume-vpc/common/vpcclient/vpcvolume/create_snapshot.go:53.2,53.23 1 1
github.com/IBM/ibmcloud-volume-vpc/common/vpcclient/vpcvolume/create_snapshot.go:49.16,51.3 1 1
github.com/IBM/ibmcloud-volume-vpc/common/vpcclient/vpcvolume/get_volume.go:30.100,50.16 11 1
github.com/IBM/ibmcloud-volume-vpc/common/vpcclient/vpcvolume/get_volume.go:54.2,54.21 1 1
github.com/IBM/ibmcloud-volume-vpc/common/vpcclient/vpcvolume/get_volume.go:50.16,52.3 1 1
github.com/IBM/ibmcloud-volume-vpc/common/vpcclient/vpcvolume/get_volume.go:58.108,67.16 6 1
github.com/IBM/ibmcloud-volume-vpc/common/vpcclient/vpcvolume/get_volume.go:71.2,71.20 1 1
github.com/IBM/ibmcloud-volume-vpc/common/vpcclient/vpcvolume/get_volume.go:77.2,77.17 1 1
github.com/IBM/ibmcloud-volume-vpc/common/vpcclient/vpcvolume/get_volume.go:67.16,69.3 1 1
github.com/IBM/ibmcloud-volume-vpc/common/vpcclient/vpcvolume/get_volume.go:71.20,73.27 2 1
github.com/IBM/ibmcloud-volume-vpc/common/vpcclient/vpcvolume/get_volume.go:73.27,75.4 1 1
github.com/IBM/ibmcloud-volume-vpc/common/vpcclient/vpcvolume/iks_update_volume.go:30.102,46.16 9 1
github.com/IBM/ibmcloud-volume-vpc/common/vpcclient/vpcvolume/iks_update_volume.go:49.2,49.12 1 1
github.com/IBM/ibmcloud-volume-vpc/common/vpcclient/vpcvolume/iks_update_volume.go:46.16,48.3 1 0
github.com/IBM/ibmcloud-volume-vpc/common/vpcclient/vpcvolume/list_snapshot_tags.go:30.123,50.16 11 1
github.com/IBM/ibmcloud-volume-vpc/common/vpcclient/vpcvolume/list_snapshot_tags.go:54.2,54.19 1 1
github.com/IBM/ibmcloud-volume-vpc/common/vpcclient/vpcvolume/list_snapshot_tags.go:50.16,52.3 1 1
github.com/IBM/ibmcloud-volume-vpc/common/vpcclient/vpcvolume/list_volume_tags.go:30.100,50.16 11 1
github.com/IBM/ibmcloud-volume-vpc/common/vpcclient/vpcvolume/list_volume_tags.go:54.2,54.19 1 1
github.com/IBM/ibmcloud-volume-vpc/common/vpcclient/vpcvolume/list_volume_tags.go:50.16,52.3 1 1
github.com/IBM/ibmcloud-volume-vpc/common/vpcclient/vpcvolume/list_volumes.go:31.149,51.15 10 1
github.com/IBM/ibmcloud-volume-vpc/common/vpcclient/vpcvolume/list_volumes.go:55.2,55.17 1 1
github.com/IBM/ibmcloud-volume-vpc/common/vpcclient/vpcvolume/list_volumes.go:59.2,59.20 1 1
github.com/IBM/ibmcloud-volume-vpc/common/vpcclient/vpcvolume/list_volumes.go:74.2,75.16 2 1
github.com/IBM/ibmcloud-volume-vpc/common/vpcclient/vpcvolume/list_volumes.go:79.2,79.22 1 1
github.com/IBM/ibmcloud-volume-vpc/common/vpcclient/vpcvolume/list_volumes.go:51.15,53.3 1 1
github.com/IBM/ibmcloud-volume-vpc/common/vpcclient/vpcvolume/list_volumes.go:55.17,57.3 1 1
github.com/IBM/ibmcloud-volume-vpc/common/vpcclient/vpcvolume/list_volumes.go:59.20,60.36 1 1
github.com/IBM/ibmcloud-volume-vpc/common/vpcclient/vpcvolume/list_volumes.go:63.3,63.24 1 1
github.com/IBM/ibmcloud-volume-vpc/common/vpcclient/vpcvolume/list_volumes.go:66.3,66.29 1 1
github.com/IBM/ibmcloud-volume-vpc/common/vpcclient/vpcvolume/list_volumes.go:69.3,69.31 1 1
github.com/IBM/ibmcloud-volume-vpc/common/vpcclient/vpcvolume/list_volumes.go:60.36,62.4 1 1
github.com/IBM/ibmcloud-volume-vpc/common/vpcclient/vpcvolume/list_volumes.go:63.24,65.4 1 1
github.com/IBM/ibmcloud-volume-vpc/common/vpcclient/vpcvolume/list_volumes.go:66.29,68.4 1 1
github.com/IBM/ibmcloud-volume-vpc/common/vpcclient/vpcvolume/list_volumes.go:69.31,71.4 1 1
github.com/IBM/ibmcloud-volume-vpc/common/vpcclient/vpcvolume/list_volumes.go:75.16,77.3 1 1
github.com/IBM/ibmcloud-volume-vpc/common/vpcclient/vpcvolume/set_volume_tag.go:30.101,49.16 10 1
github.com/IBM/ibmcloud-volume-vpc/common/vpcclient/vpcvolume/set_volume_tag.go:53.2,53.12 1 1
github.com/IBM/ibmcloud-volume-vpc/common/vpcclient/vpcvolume/set_volume_tag.go:49.16,51.3 1 1
github.com/IBM/ibmcloud-volume-vpc/common/vpcclient/vpcvolume/create_volume.go:30.117,49.16 10 1
github.com/IBM/ibmcloud-volume-vpc/common/vpcclient/vpcvolume/create_volume.go:53.2,53.21 1 1
github.com/IBM/ibmcloud-volume-vpc/common/vpcclient/vpcvolume/create_volume.go:49.16,51.3 1 1
github.com/IBM/ibmcloud-volume-vpc/common/vpcclient/vpcvolume/delete_snapshot_tag.go:30.127,49.16 10 1
github.com/IBM/ibmcloud-volume-vpc/common/vpcclient/vpcvolume/delete_snapshot_tag.go:53.2,53.12 1 0
github.com/IBM/ibmcloud-volume-vpc/common/vpcclient/vpcvolume/delete_snapshot_tag.go:49.16,51.3 1 1
github.com/IBM/ibmcloud-volume-vpc/common/vpcclient/vpcvolume/get_snapshot.go:30.108,51.16 11 1
github.com/IBM/ibmcloud-volume-vpc/common/vpcclient/vpcvolume/get_snapshot.go:55.2,55.23 1 1
github.com/IBM/ibmcloud-volume-vpc/common/vpcclient/vpcvolume/get_snapshot.go:51.16,53.3 1 1
github.com/IBM/ibmcloud-volume-vpc/common/vpcclient/vpcvolume/get_snapshot.go:59.116,68.16 6 1
github.com/IBM/ibmcloud-volume-vpc/common/vpcclient/vpcvolume/get_snapshot.go:72.2,72.22 1 1
github.com/IBM/ibmcloud-volume-vpc/common/vpcclient/vpcvolume/get_snapshot.go:78.2,78.17 1 1
github.com/IBM/ibmcloud-volume-vpc/common/vpcclient/vpcvolume/get_snapshot.go:68.16,70.3 1 1
github.com/IBM/ibmcloud-volume-vpc/common/vpcclient/vpcvolume/get_snapshot.go:72.22,74.28 2 1
github.com/IBM/ibmcloud-volume-vpc/common/vpcclient/vpcvolume/get_snapshot.go:74.28,76.4 1 1
github.com/IBM/ibmcloud-volume-vpc/common/vpcclient/vpcvolume/iks_volume_service.go:40.69,50.2 3 1
github.com/IBM/ibmcloud-volume-vpc/common/vpcclient/vpcvolume/list_snapshots.go:31.156,51.15 10 1
github.com/IBM/ibmcloud-volume-vpc/common/vpcclient/vpcvolume/list_snapshots.go:55.2,55.17 1 1
github.com/IBM/ibmcloud-volume-vpc/common/vpcclient/vpcvolume/list_snapshots.go:59.2,59.20 1 1
github.com/IBM/ibmcloud-volume-vpc/common/vpcclient/vpcvolume/list_snapshots.go:71.2,72.16 2 1
github.com/IBM/ibmcloud-volume-vpc/common/vpcclient/vpcvolume/list_snapshots.go:76.2,76.24 1 1
github.com/IBM/ibmcloud-volume-vpc/common/vpcclient/vpcvolume/list_snapshots.go:51.15,53.3 1 1
github.com/IBM/ibmcloud-volume-vpc/common/vpcclient/vpcvolume/list_snapshots.go:55.17,57.3 1 1
github.com/IBM/ibmcloud-volume-vpc/common/vpcclient/vpcvolume/list_snapshots.go:59.20,60.36 1 1
github.com/IBM/ibmcloud-volume-vpc/common/vpcclient/vpcvolume/list_snapshots.go:63.3,63.25 1 1
github.com/IBM/ibmcloud-volume-vpc/common/vpcclient/vpcvolume/list_snapshots.go:66.3,66.35 1 1
github.com/IBM/ibmcloud-volume-vpc/common/vpcclient/vpcvolume/list_snapshots.go:60.36,62.4 1 1
github.com/IBM/ibmcloud-volume-vpc/common/vpcclient/vpcvolume/list_snapshots.go:63.25,65.4 1 1
github.com/IBM/ibmcloud-volume-vpc/common/vpcclient/vpcvolume/list_snapshots.go:66.35,68.4 1 1
github.com/IBM/ibmcloud-volume-vpc/common/vpcclient/vpcvolume/list_snapshots.go:72.16,74.3 1 1
github.com/IBM/ibmcloud-volume-vpc/common/vpcclient/vpcvolume/set_snapshot_tag.go:30.124,49.16 10 1
github.com/IBM/ibmcloud-volume-vpc/common/vpcclient/vpcvolume/set_snapshot_tag.go:53.2,53.12 1 0
github.com/IBM/ibmcloud-volume-vpc/common/vpcclient/vpcvolume/set_snapshot_tag.go:49.16,51.3 1 1
github.com/IBM/ibmcloud-volume-vpc/common/vpcclient/vpcvolume/update_volume.go:28.99,30.2 1 0
github.com/IBM/ibmcloud-volume-vpc/common/vpcclient/vpcvolume/check_snapshot_tag.go:30.126,49.16 10 1
github.com/IBM/ibmcloud-volume-vpc/common/vpcclient/vpcvolume/check_snapshot_tag.go:53.2,53.12 1 1
github.com/IBM/ibmcloud-volume-vpc/common/vpcclient/vpcvolume/check_snapshot_tag.go:49.16,51.3 1 1
github.com/IBM/ibmcloud-volume-vpc/common/vpcclient/vpcvolume/delete_volume.go:30.85,48.16 9 1
github.com/IBM/ibmcloud-volume-vpc/common/vpcclient/vpcvolume/delete_volume.go:52.2,52.12 1 1
github.com/IBM/ibmcloud-volume-vpc/common/vpcclient/vpcvolume/delete_volume.go:48.16,50.3 1 1
github.com/IBM/ibmcloud-volume-vpc/common/vpcclient/vpcvolume/expand_volume.go:30.134,49.16 11 1
github.com/IBM/ibmcloud-volume-vpc/common/vpcclient/vpcvolume/expand_volume.go:53.2,53.21 1 1
github.com/IBM/ibmcloud-volume-vpc/common/vpcclient/vpcvolume/expand_volume.go:49.16,51.3 1 1
github.com/IBM/ibmcloud-volume-vpc/common/vpcclient/vpcvolume/snapshot_service.go:64.70,68.2 1 1
github.com/IBM/ibmcloud-volume-vpc/common/vpcclient/vpcvolume/delete_snapshot.go:30.91,48.16 9 1
github.com/IBM/ibmcloud-volume-vpc/common/vpcclient/vpcvolume/delete_snapshot.go:52.2,52.12 1 1
github.com/IBM/ibmcloud-volume-vpc/common/vpcclient/vpcvolume/delete_snapshot.go:48.16,50.3 1 1
github.com/IBM/ibmcloud-volume-vpc/common/auth/factory.go:28.113,35.16 3 1
github.com/IBM/ibmcloud-volume-vpc/common/auth/factory.go:38.2,38.55 1 0
github.com/IBM/ibmcloud-volume-vpc/common/auth/factory.go:49.2,49.17 1 0
github.com/IBM/ibmcloud-volume-vpc/common/auth/factory.go:35.16,37.3 1 1
github.com/IBM/ibmcloud-volume-vpc/common/auth/factory.go:38.55,45.17 3 0
github.com/IBM/ibmcloud-volume-vpc/common/auth/factory.go:45.17,47.4 1 0
github.com/IBM/ibmcloud-volume-vpc/common/iam/token_exchange_iks.go:54.104,56.16 2 1
github.com/IBM/ibmcloud-volume-vpc/common/iam/token_exchange_iks.go:59.2,60.16 2 1
github.com/IBM/ibmcloud-volume-vpc/common/iam/token_exchange_iks.go:63.2,67.8 1 0
github.com/IBM/ibmcloud-volume-vpc/common/iam/token_exchange_iks.go:56.16,58.3 1 0
github.com/IBM/ibmcloud-volume-vpc/common/iam/token_exchange_iks.go:60.16,62.3 1 1
github.com/IBM/ibmcloud-volume-vpc/common/iam/token_exchange_iks.go:86.139,89.2 2 1
github.com/IBM/ibmcloud-volume-vpc/common/iam/token_exchange_iks.go:92.133,95.16 3 1
github.com/IBM/ibmcloud-volume-vpc/common/iam/token_exchange_iks.go:99.2,100.44 2 0
github.com/IBM/ibmcloud-volume-vpc/common/iam/token_exchange_iks.go:95.16,98.3 2 1
github.com/IBM/ibmcloud-volume-vpc/common/iam/token_exchange_iks.go:104.106,115.2 4 1
github.com/IBM/ibmcloud-volume-vpc/common/iam/token_exchange_iks.go:118.140,120.2 1 1
github.com/IBM/ibmcloud-volume-vpc/common/iam/token_exchange_iks.go:123.127,125.2 1 1
github.com/IBM/ibmcloud-volume-vpc/common/iam/token_exchange_iks.go:127.147,129.2 1 1
github.com/IBM/ibmcloud-volume-vpc/common/iam/token_exchange_iks.go:132.86,135.55 3 1
github.com/IBM/ibmcloud-volume-vpc/common/iam/token_exchange_iks.go:139.2,139.16 1 1
github.com/IBM/ibmcloud-volume-vpc/common/iam/token_exchange_iks.go:142.2,142.58 1 1
github.com/IBM/ibmcloud-volume-vpc/common/iam/token_exchange_iks.go:135.55,138.3 2 1
github.com/IBM/ibmcloud-volume-vpc/common/iam/token_exchange_iks.go:139.16,141.3 1 1
github.com/IBM/ibmcloud-volume-vpc/common/iam/token_exchange_iks.go:146.97,168.16 9 1
github.com/IBM/ibmcloud-volume-vpc/common/iam/token_exchange_iks.go:181.2,181.43 1 1
github.com/IBM/ibmcloud-volume-vpc/common/iam/token_exchange_iks.go:187.2,189.35 2 1
github.com/IBM/ibmcloud-volume-vpc/common/iam/token_exchange_iks.go:200.2,205.45 2 1
github.com/IBM/ibmcloud-volume-vpc/common/iam/token_exchange_iks.go:168.16,171.50 3 1
github.com/IBM/ibmcloud-volume-vpc/common/iam/token_exchange_iks.go:171.50,173.4 1 0
github.com/IBM/ibmcloud-volume-vpc/common/iam/token_exchange_iks.go:173.9,173.52 1 1
github.com/IBM/ibmcloud-volume-vpc/common/iam/token_exchange_iks.go:173.52,175.4 1 0
github.com/IBM/ibmcloud-volume-vpc/common/iam/token_exchange_iks.go:175.9,178.4 1 1
github.com/IBM/ibmcloud-volume-vpc/common/iam/token_exchange_iks.go:181.43,184.3 2 1
github.com/IBM/ibmcloud-volume-vpc/common/iam/token_exchange_iks.go:189.35,198.3 3 1
github.com/IBM/ibmcloud-volume-vpc/iks/provider/session.go:43.39,45.2 0 0
github.com/IBM/ibmcloud-volume-vpc/iks/provider/session.go:48.79,50.2 1 0
github.com/IBM/ibmcloud-volume-vpc/iks/provider/session.go:53.69,55.2 1 0
github.com/IBM/ibmcloud-volume-vpc/iks/provider/session.go:58.57,60.2 1 0
github.com/IBM/ibmcloud-volume-vpc/iks/provider/session.go:63.145,67.2 3 0
github.com/IBM/ibmcloud-volume-vpc/iks/provider/session.go:70.125,74.2 3 0
github.com/IBM/ibmcloud-volume-vpc/iks/provider/session.go:77.152,81.2 3 0
github.com/IBM/ibmcloud-volume-vpc/iks/provider/session.go:84.152,88.2 3 0
github.com/IBM/ibmcloud-volume-vpc/iks/provider/session.go:91.114,95.2 3 0
github.com/IBM/ibmcloud-volume-vpc/iks/provider/update_volume.go:32.86,42.16 7 0
github.com/IBM/ibmcloud-volume-vpc/iks/provider/update_volume.go:45.2,48.71 3 0
github.com/IBM/ibmcloud-volume-vpc/iks/provider/update_volume.go:53.2,53.16 1 0
github.com/IBM/ibmcloud-volume-vpc/iks/provider/update_volume.go:58.2,58.12 1 0
github.com/IBM/ibmcloud-volume-vpc/iks/provider/update_volume.go:42.16,44.3 1 0
github.com/IBM/ibmcloud-volume-vpc/iks/provider/update_volume.go:48.71,51.3 2 0
github.com/IBM/ibmcloud-volume-vpc/iks/provider/update_volume.go:53.16,56.3 2 0
github.com/IBM/ibmcloud-volume-vpc/iks/provider/update_volume.go:62.65,64.38 1 0
github.com/IBM/ibmcloud-volume-vpc/iks/provider/update_volume.go:68.2,68.38 1 0
github.com/IBM/ibmcloud-volume-vpc/iks/provider/update_volume.go:72.2,72.40 1 0
github.com/IBM/ibmcloud-volume-vpc/iks/provider/update_volume.go:76.2,76.12 1 0
github.com/IBM/ibmcloud-volume-vpc/iks/provider/update_volume.go:64.38,66.3 1 0
github.com/IBM/ibmcloud-volume-vpc/iks/provider/update_volume.go:68.38,70.3 1 0
github.com/IBM/ibmcloud-volume-vpc/iks/provider/update_volume.go:72.40,74.3 1 0
github.com/IBM/ibmcloud-volume-vpc/iks/provider/provider.go:46.94,50.16 3 1
github.com/IBM/ibmcloud-volume-vpc/iks/provider/provider.go:54.2,58.16 3 0
github.com/IBM/ibmcloud-volume-vpc/iks/provider/provider.go:62.2,74.16 5 0
github.com/IBM/ibmcloud-volume-vpc/iks/provider/provider.go:79.2,79.33 1 0
github.com/IBM/ibmcloud-volume-vpc/iks/provider/provider.go:50.16,53.3 2 1
github.com/IBM/ibmcloud-volume-vpc/iks/provider/provider.go:58.16,61.3 2 0
github.com/IBM/ibmcloud-volume-vpc/iks/provider/provider.go:74.16,77.3 2 0
github.com/IBM/ibmcloud-volume-vpc/iks/provider/provider.go:83.164,86.15 2 0
github.com/IBM/ibmcloud-volume-vpc/iks/provider/provider.go:89.2,93.16 5 0
github.com/IBM/ibmcloud-volume-vpc/iks/provider/provider.go:105.2,106.16 2 0
github.com/IBM/ibmcloud-volume-vpc/iks/provider/provider.go:110.2,118.16 7 0
github.com/IBM/ibmcloud-volume-vpc/iks/provider/provider.go:131.2,132.39 2 0
github.com/IBM/ibmcloud-volume-vpc/iks/provider/provider.go:136.2,141.28 3 0
github.com/IBM/ibmcloud-volume-vpc/iks/provider/provider.go:86.15,88.3 1 0
github.com/IBM/ibmcloud-volume-vpc/iks/provider/provider.go:93.16,95.71 2 0
github.com/IBM/ibmcloud-volume-vpc/iks/provider/provider.go:99.3,99.58 1 0
github.com/IBM/ibmcloud-volume-vpc/iks/provider/provider.go:103.3,103.18 1 0
github.com/IBM/ibmcloud-volume-vpc/iks/provider/provider.go:95.71,98.4 2 0
github.com/IBM/ibmcloud-volume-vpc/iks/provider/provider.go:99.58,102.4 2 0
github.com/IBM/ibmcloud-volume-vpc/iks/provider/provider.go:106.16,109.3 2 0
github.com/IBM/ibmcloud-volume-vpc/iks/provider/provider.go:118.16,124.3 2 0
github.com/IBM/ibmcloud-volume-vpc/iks/provider/provider.go:124.8,126.17 2 0
github.com/IBM/ibmcloud-volume-vpc/iks/provider/provider.go:126.17,128.4 1 0
github.com/IBM/ibmcloud-volume-vpc/iks/provider/provider.go:132.39,134.3 1 0
github.com/IBM/ibmcloud-volume-vpc/iks/provider/provider.go:145.115,147.2 1 0
github.com/IBM/ibmcloud-volume-vpc/block/provider/wait_for_detach_volume.go:31.110,38.51 5 1
github.com/IBM/ibmcloud-volume-vpc/block/provider/wait_for_detach_volume.go:42.2,44.16 3 1
github.com/IBM/ibmcloud-volume-vpc/block/provider/wait_for_detach_volume.go:48.2,48.79 1 1
github.com/IBM/ibmcloud-volume-vpc/block/provider/wait_for_detach_volume.go:60.2,60.16 1 1
github.com/IBM/ibmcloud-volume-vpc/block/provider/wait_for_detach_volume.go:69.2,71.16 3 1
github.com/IBM/ibmcloud-volume-vpc/block/provider/wait_for_detach_volume.go:38.51,40.3 1 1
github.com/IBM/ibmcloud-volume-vpc/block/provider/wait_for_detach_volume.go:44.16,46.3 1 1
github.com/IBM/ibmcloud-volume-vpc/block/provider/wait_for_detach_volume.go:48.79,53.17 2 1
github.com/IBM/ibmcloud-volume-vpc/block/provider/wait_for_detach_volume.go:56.3,56.20 1 1
github.com/IBM/ibmcloud-volume-vpc/block/provider/wait_for_detach_volume.go:53.17,55.4 1 1
github.com/IBM/ibmcloud-volume-vpc/block/provider/wait_for_detach_volume.go:60.16,61.43 1 1
github.com/IBM/ibmcloud-volume-vpc/block/provider/wait_for_detach_volume.go:61.43,62.55 1 1
github.com/IBM/ibmcloud-volume-vpc/block/provider/wait_for_detach_volume.go:62.55,65.5 2 1
github.com/IBM/ibmcloud-volume-vpc/block/provider/create_volume.go:36.114,43.16 6 1
github.com/IBM/ibmcloud-volume-vpc/block/provider/create_volume.go:46.2,63.39 3 1
github.com/IBM/ibmcloud-volume-vpc/block/provider/create_volume.go:67.2,68.116 2 1
github.com/IBM/ibmcloud-volume-vpc/block/provider/create_volume.go:73.2,75.40 3 1
github.com/IBM/ibmcloud-volume-vpc/block/provider/create_volume.go:80.2,80.16 1 1
github.com/IBM/ibmcloud-volume-vpc/block/provider/create_volume.go:85.2,89.16 4 1
github.com/IBM/ibmcloud-volume-vpc/block/provider/create_volume.go:92.2,99.66 4 1
github.com/IBM/ibmcloud-volume-vpc/block/provider/create_volume.go:102.2,103.28 2 1
github.com/IBM/ibmcloud-volume-vpc/block/provider/create_volume.go:43.16,45.3 1 1
github.com/IBM/ibmcloud-volume-vpc/block/provider/create_volume.go:63.39,65.3 1 0
github.com/IBM/ibmcloud-volume-vpc/block/provider/create_volume.go:68.116,71.3 2 1
github.com/IBM/ibmcloud-volume-vpc/block/provider/create_volume.go:75.40,78.3 2 1
github.com/IBM/ibmcloud-volume-vpc/block/provider/create_volume.go:80.16,83.3 2 1
github.com/IBM/ibmcloud-volume-vpc/block/provider/create_volume.go:89.16,91.3 1 1
github.com/IBM/ibmcloud-volume-vpc/block/provider/create_volume.go:99.66,101.3 1 0
github.com/IBM/ibmcloud-volume-vpc/block/provider/create_volume.go:107.124,112.31 4 1
github.com/IBM/ibmcloud-volume-vpc/block/provider/create_volume.go:119.2,119.35 1 1
github.com/IBM/ibmcloud-volume-vpc/block/provider/create_volume.go:126.2,126.31 1 1
github.com/IBM/ibmcloud-volume-vpc/block/provider/create_volume.go:129.2,129.44 1 1
github.com/IBM/ibmcloud-volume-vpc/block/provider/create_volume.go:132.2,132.71 1 1
github.com/IBM/ibmcloud-volume-vpc/block/provider/create_volume.go:137.2,137.50 1 1
github.com/IBM/ibmcloud-volume-vpc/block/provider/create_volume.go:142.2,142.112 1 1
github.com/IBM/ibmcloud-volume-vpc/block/provider/create_volume.go:146.2,146.55 1 1
github.com/IBM/ibmcloud-volume-vpc/block/provider/create_volume.go:149.2,149.57 1 1
github.com/IBM/ibmcloud-volume-vpc/block/provider/create_volume.go:155.2,155.34 1 1
github.com/IBM/ibmcloud-volume-vpc/block/provider/create_volume.go:159.2,159.33 1 1
github.com/IBM/ibmcloud-volume-vpc/block/provider/create_volume.go:112.31,114.3 1 1
github.com/IBM/ibmcloud-volume-vpc/block/provider/create_volume.go:114.8,114.42 1 1
github.com/IBM/ibmcloud-volume-vpc/block/provider/create_volume.go:114.42,116.3 1 1
github.com/IBM/ibmcloud-volume-vpc/block/provider/create_volume.go:119.35,121.3 1 1
github.com/IBM/ibmcloud-volume-vpc/block/provider/create_volume.go:121.8,121.46 1 1
github.com/IBM/ibmcloud-volume-vpc/block/provider/create_volume.go:121.46,123.3 1 1
github.com/IBM/ibmcloud-volume-vpc/block/provider/create_volume.go:126.31,128.3 1 1
github.com/IBM/ibmcloud-volume-vpc/block/provider/create_volume.go:129.44,131.3 1 1
github.com/IBM/ibmcloud-volume-vpc/block/provider/create_volume.go:132.71,134.3 1 1
github.com/IBM/ibmcloud-volume-vpc/block/provider/create_volume.go:137.50,139.3 1 1
github.com/IBM/ibmcloud-volume-vpc/block/provider/create_volume.go:142.112,144.3 1 1
github.com/IBM/ibmcloud-volume-vpc/block/provider/create_volume.go:146.55,148.3 1 1
github.com/IBM/ibmcloud-volume-vpc/block/provider/create_volume.go:149.57,152.3 1 1
github.com/IBM/ibmcloud-volume-vpc/block/provider/create_volume.go:155.34,157.3 1 0
github.com/IBM/ibmcloud-volume-vpc/block/provider/error.go:56.33,58.2 1 1
github.com/IBM/ibmcloud-volume-vpc/block/provider/error.go:61.47,62.32 1 1
github.com/IBM/ibmcloud-volume-vpc/block/provider/error.go:65.2,65.29 1 1
github.com/IBM/ibmcloud-volume-vpc/block/provider/error.go:62.32,64.3 1 1
github.com/IBM/ibmcloud-volume-vpc/block/provider/error.go:69.37,71.2 1 1
github.com/IBM/ibmcloud-volume-vpc/block/provider/error.go:74.49,76.2 1 1
github.com/IBM/ibmcloud-volume-vpc/block/provider/get_volume.go:28.87,35.16 5 1
github.com/IBM/ibmcloud-volume-vpc/block/provider/get_volume.go:39.2,42.40 3 1
github.com/IBM/ibmcloud-volume-vpc/block/provider/get_volume.go:47.2,47.16 1 1
github.com/IBM/ibmcloud-volume-vpc/block/provider/get_volume.go:51.2,55.24 3 1
github.com/IBM/ibmcloud-volume-vpc/block/provider/get_volume.go:35.16,37.3 1 1
github.com/IBM/ibmcloud-volume-vpc/block/provider/get_volume.go:42.40,45.3 2 1
github.com/IBM/ibmcloud-volume-vpc/block/provider/get_volume.go:47.16,49.3 1 1
github.com/IBM/ibmcloud-volume-vpc/block/provider/get_volume.go:59.95,64.20 4 1
github.com/IBM/ibmcloud-volume-vpc/block/provider/get_volume.go:69.2,72.40 3 1
github.com/IBM/ibmcloud-volume-vpc/block/provider/get_volume.go:77.2,77.16 1 1
github.com/IBM/ibmcloud-volume-vpc/block/provider/get_volume.go:81.2,85.24 3 1
github.com/IBM/ibmcloud-volume-vpc/block/provider/get_volume.go:64.20,67.3 2 1
github.com/IBM/ibmcloud-volume-vpc/block/provider/get_volume.go:72.40,75.3 2 1
github.com/IBM/ibmcloud-volume-vpc/block/provider/get_volume.go:77.16,79.3 1 1
github.com/IBM/ibmcloud-volume-vpc/block/provider/get_volume.go:89.52,90.37 1 1
github.com/IBM/ibmcloud-volume-vpc/block/provider/get_volume.go:93.2,94.8 2 1
github.com/IBM/ibmcloud-volume-vpc/block/provider/get_volume.go:90.37,92.3 1 1
github.com/IBM/ibmcloud-volume-vpc/block/provider/get_volume_with_request_id.go:26.90,31.2 3 1
github.com/IBM/ibmcloud-volume-vpc/block/provider/provider.go:73.94,76.27 2 1
github.com/IBM/ibmcloud-volume-vpc/block/provider/provider.go:81.2,85.122 3 1
github.com/IBM/ibmcloud-volume-vpc/block/provider/provider.go:127.2,128.16 2 1
github.com/IBM/ibmcloud-volume-vpc/block/provider/provider.go:131.2,132.50 2 0
github.com/IBM/ibmcloud-volume-vpc/block/provider/provider.go:136.2,137.16 2 0
github.com/IBM/ibmcloud-volume-vpc/block/provider/provider.go:141.2,142.16 2 0
github.com/IBM/ibmcloud-volume-vpc/block/provider/provider.go:148.2,166.22 5 0
github.com/IBM/ibmcloud-volume-vpc/block/provider/provider.go:76.27,78.3 1 0
github.com/IBM/ibmcloud-volume-vpc/block/provider/provider.go:85.122,87.48 1 0
github.com/IBM/ibmcloud-volume-vpc/block/provider/provider.go:94.3,100.45 4 0
github.com/IBM/ibmcloud-volume-vpc/block/provider/provider.go:103.3,106.40 2 0
github.com/IBM/ibmcloud-volume-vpc/block/provider/provider.go:111.3,111.56 1 0
github.com/IBM/ibmcloud-volume-vpc/block/provider/provider.go:116.3,116.50 1 0
github.com/IBM/ibmcloud-volume-vpc/block/provider/provider.go:87.48,89.4 1 0
github.com/IBM/ibmcloud-volume-vpc/block/provider/provider.go:89.9,91.4 1 0
github.com/IBM/ibmcloud-volume-vpc/block/provider/provider.go:100.45,102.4 1 0
github.com/IBM/ibmcloud-volume-vpc/block/provider/provider.go:106.40,108.4 1 0
github.com/IBM/ibmcloud-volume-vpc/block/provider/provider.go:111.56,113.4 1 0
github.com/IBM/ibmcloud-volume-vpc/block/provider/provider.go:116.50,118.4 1 0
github.com/IBM/ibmcloud-volume-vpc/block/provider/provider.go:119.8,122.46 2 1
github.com/IBM/ibmcloud-volume-vpc/block/provider/provider.go:122.46,124.4 1 0
github.com/IBM/ibmcloud-volume-vpc/block/provider/provider.go:128.16,130.3 1 1
github.com/IBM/ibmcloud-volume-vpc/block/provider/provider.go:132.50,135.3 2 0
github.com/IBM/ibmcloud-volume-vpc/block/provider/provider.go:137.16,139.3 1 0
github.com/IBM/ibmcloud-volume-vpc/block/provider/provider.go:142.16,145.3 2 0
github.com/IBM/ibmcloud-volume-vpc/block/provider/provider.go:170.112,173.2 1 1
github.com/IBM/ibmcloud-volume-vpc/block/provider/provider.go:176.161,179.15 3 1
github.com/IBM/ibmcloud-volume-vpc/block/provider/provider.go:184.2,184.41 1 1
github.com/IBM/ibmcloud-volume-vpc/block/provider/provider.go:188.2,188.41 1 1
github.com/IBM/ibmcloud-volume-vpc/block/provider/provider.go:192.2,192.32 1 1
github.com/IBM/ibmcloud-volume-vpc/block/provider/provider.go:195.2,197.56 2 1
github.com/IBM/ibmcloud-volume-vpc/block/provider/provider.go:202.2,203.16 2 1
github.com/IBM/ibmcloud-volume-vpc/block/provider/provider.go:208.2,209.16 2 1
github.com/IBM/ibmcloud-volume-vpc/block/provider/provider.go:212.2,215.16 3 1
github.com/IBM/ibmcloud-volume-vpc/block/provider/provider.go:220.2,220.47 1 1
github.com/IBM/ibmcloud-volume-vpc/block/provider/provider.go:224.2,224.43 1 1
github.com/IBM/ibmcloud-volume-vpc/block/provider/provider.go:229.2,241.24 2 1
github.com/IBM/ibmcloud-volume-vpc/block/provider/provider.go:179.15,181.3 1 1
github.com/IBM/ibmcloud-volume-vpc/block/provider/provider.go:184.41,186.3 1 1
github.com/IBM/ibmcloud-volume-vpc/block/provider/provider.go:188.41,190.3 1 1
github.com/IBM/ibmcloud-volume-vpc/block/provider/provider.go:192.32,194.3 1 1
github.com/IBM/ibmcloud-volume-vpc/block/provider/provider.go:197.56,201.3 2 0
github.com/IBM/ibmcloud-volume-vpc/block/provider/provider.go:203.16,205.3 1 0
github.com/IBM/ibmcloud-volume-vpc/block/provider/provider.go:209.16,211.3 1 0
github.com/IBM/ibmcloud-volume-vpc/block/provider/provider.go:215.16,217.3 1 0
github.com/IBM/ibmcloud-volume-vpc/block/provider/provider.go:220.47,223.3 2 1
github.com/IBM/ibmcloud-volume-vpc/block/provider/provider.go:224.43,227.3 2 1
github.com/IBM/ibmcloud-volume-vpc/block/provider/provider.go:245.112,246.24 1 1
github.com/IBM/ibmcloud-volume-vpc/block/provider/provider.go:252.2,252.8 1 1
github.com/IBM/ibmcloud-volume-vpc/block/provider/provider.go:247.31,248.52 1 1
github.com/IBM/ibmcloud-volume-vpc/block/provider/provider.go:249.10,250.39 1 0
github.com/IBM/ibmcloud-volume-vpc/block/provider/provider.go:256.75,258.54 2 1
github.com/IBM/ibmcloud-volume-vpc/block/provider/provider.go:265.2,265.11 1 1
github.com/IBM/ibmcloud-volume-vpc/block/provider/provider.go:258.54,259.40 1 1
github.com/IBM/ibmcloud-volume-vpc/block/provider/provider.go:259.40,261.4 1 1
github.com/IBM/ibmcloud-volume-vpc/block/provider/provider.go:262.8,264.3 1 1
github.com/IBM/ibmcloud-volume-vpc/block/provider/wait_for_attach_volume.go:30.148,37.51 5 1
github.com/IBM/ibmcloud-volume-vpc/block/provider/wait_for_attach_volume.go:41.2,43.16 3 1
github.com/IBM/ibmcloud-volume-vpc/block/provider/wait_for_attach_volume.go:47.2,48.79 2 1
github.com/IBM/ibmcloud-volume-vpc/block/provider/wait_for_attach_volume.go:59.2,59.98 1 1
github.com/IBM/ibmcloud-volume-vpc/block/provider/wait_for_attach_volume.go:63.2,66.21 3 1
github.com/IBM/ibmcloud-volume-vpc/block/provider/wait_for_attach_volume.go:37.51,39.3 1 1
github.com/IBM/ibmcloud-volume-vpc/block/provider/wait_for_attach_volume.go:43.16,45.3 1 1
github.com/IBM/ibmcloud-volume-vpc/block/provider/wait_for_attach_volume.go:48.79,50.17 2 1
github.com/IBM/ibmcloud-volume-vpc/block/provider/wait_for_attach_volume.go:56.3,56.91 1 1
github.com/IBM/ibmcloud-volume-vpc/block/provider/wait_for_attach_volume.go:50.17,54.4 1 1
github.com/IBM/ibmcloud-volume-vpc/block/provider/wait_for_attach_volume.go:59.98,61.3 1 1
github.com/IBM/ibmcloud-volume-vpc/block/provider/create_volume_from_snapshot.go:26.128,31.2 3 1
github.com/IBM/ibmcloud-volume-vpc/block/provider/delete_snapshot.go:31.75,37.21 5 1
github.com/IBM/ibmcloud-volume-vpc/block/provider/delete_snapshot.go:42.2,43.40 2 1
github.com/IBM/ibmcloud-volume-vpc/block/provider/delete_snapshot.go:48.2,48.16 1 1
github.com/IBM/ibmcloud-volume-vpc/block/provider/delete_snapshot.go:52.2,53.16 2 1
github.com/IBM/ibmcloud-volume-vpc/block/provider/delete_snapshot.go:56.2,57.12 2 1
github.com/IBM/ibmcloud-volume-vpc/block/provider/delete_snapshot.go:37.21,40.3 2 0
github.com/IBM/ibmcloud-volume-vpc/block/provider/delete_snapshot.go:43.40,46.3 2 1
github.com/IBM/ibmcloud-volume-vpc/block/provider/delete_snapshot.go:48.16,50.3 1 1
github.com/IBM/ibmcloud-volume-vpc/block/provider/delete_snapshot.go:53.16,55.3 1 0
github.com/IBM/ibmcloud-volume-vpc/block/provider/delete_snapshot.go:61.79,68.67 5 1
github.com/IBM/ibmcloud-volume-vpc/block/provider/delete_snapshot.go:78.2,78.24 1 1
github.com/IBM/ibmcloud-volume-vpc/block/provider/delete_snapshot.go:81.2,81.12 1 1
github.com/IBM/ibmcloud-volume-vpc/block/provider/delete_snapshot.go:68.67,71.17 2 1
github.com/IBM/ibmcloud-volume-vpc/block/provider/delete_snapshot.go:75.3,75.20 1 1
github.com/IBM/ibmcloud-volume-vpc/block/provider/delete_snapshot.go:71.17,74.4 2 0
github.com/IBM/ibmcloud-volume-vpc/block/provider/delete_snapshot.go:78.24,80.3 1 0
github.com/IBM/ibmcloud-volume-vpc/block/provider/expand_volume.go:36.112,43.16 5 1
github.com/IBM/ibmcloud-volume-vpc/block/provider/expand_volume.go:47.2,47.97 1 1
github.com/IBM/ibmcloud-volume-vpc/block/provider/expand_volume.go:50.2,61.40 6 1
github.com/IBM/ibmcloud-volume-vpc/block/provider/expand_volume.go:66.2,66.16 1 1
github.com/IBM/ibmcloud-volume-vpc/block/provider/expand_volume.go:71.2,73.16 3 1
github.com/IBM/ibmcloud-volume-vpc/block/provider/expand_volume.go:77.2,78.42 2 1
github.com/IBM/ibmcloud-volume-vpc/block/provider/expand_volume.go:43.16,45.3 1 1
github.com/IBM/ibmcloud-volume-vpc/block/provider/expand_volume.go:47.97,49.3 1 1
github.com/IBM/ibmcloud-volume-vpc/block/provider/expand_volume.go:61.40,64.3 2 1
github.com/IBM/ibmcloud-volume-vpc/block/provider/expand_volume.go:66.16,69.3 2 0
github.com/IBM/ibmcloud-volume-vpc/block/provider/expand_volume.go:73.16,75.3 1 0
github.com/IBM/ibmcloud-volume-vpc/block/provider/get_volume_attachment.go:30.147,36.51 4 1
github.com/IBM/ibmcloud-volume-vpc/block/provider/get_volume_attachment.go:40.2,42.16 3 1
github.com/IBM/ibmcloud-volume-vpc/block/provider/get_volume_attachment.go:45.2,47.34 3 1
github.com/IBM/ibmcloud-volume-vpc/block/provider/get_volume_attachment.go:54.2,55.38 2 1
github.com/IBM/ibmcloud-volume-vpc/block/provider/get_volume_attachment.go:36.51,38.3 1 1
github.com/IBM/ibmcloud-volume-vpc/block/provider/get_volume_attachment.go:42.16,44.3 1 1
github.com/IBM/ibmcloud-volume-vpc/block/provider/get_volume_attachment.go:47.34,50.3 1 1
github.com/IBM/ibmcloud-volume-vpc/block/provider/get_volume_attachment.go:50.8,53.3 1 1
github.com/IBM/ibmcloud-volume-vpc/block/provider/get_volume_attachment.go:58.142,69.67 6 1
github.com/IBM/ibmcloud-volume-vpc/block/provider/get_volume_attachment.go:78.2,78.16 1 1
github.com/IBM/ibmcloud-volume-vpc/block/provider/get_volume_attachment.go:84.2,86.38 3 1
github.com/IBM/ibmcloud-volume-vpc/block/provider/get_volume_attachment.go:69.67,72.17 2 1
github.com/IBM/ibmcloud-volume-vpc/block/provider/get_volume_attachment.go:75.3,75.19 1 1
github.com/IBM/ibmcloud-volume-vpc/block/provider/get_volume_attachment.go:72.17,74.4 1 1
github.com/IBM/ibmcloud-volume-vpc/block/provider/get_volume_attachment.go:78.16,82.3 2 1
github.com/IBM/ibmcloud-volume-vpc/block/provider/get_volume_attachment.go:89.148,95.67 6 1
github.com/IBM/ibmcloud-volume-vpc/block/provider/get_volume_attachment.go:104.2,104.16 1 1
github.com/IBM/ibmcloud-volume-vpc/block/provider/get_volume_attachment.go:110.2,110.78 1 1
github.com/IBM/ibmcloud-volume-vpc/block/provider/get_volume_attachment.go:120.2,122.21 3 1
github.com/IBM/ibmcloud-volume-vpc/block/provider/get_volume_attachment.go:95.67,98.17 2 1
github.com/IBM/ibmcloud-volume-vpc/block/provider/get_volume_attachment.go:101.3,101.19 1 1
github.com/IBM/ibmcloud-volume-vpc/block/provider/get_volume_attachment.go:98.17,100.4 1 1
github.com/IBM/ibmcloud-volume-vpc/block/provider/get_volume_attachment.go:104.16,108.3 2 1
github.com/IBM/ibmcloud-volume-vpc/block/provider/get_volume_attachment.go:110.78,112.74 1 1
github.com/IBM/ibmcloud-volume-vpc/block/provider/get_volume_attachment.go:112.74,117.4 4 1
github.com/IBM/ibmcloud-volume-vpc/block/provider/session.go:59.29,61.2 0 1
github.com/IBM/ibmcloud-volume-vpc/block/provider/session.go:64.74,66.2 1 1
github.com/IBM/ibmcloud-volume-vpc/block/provider/session.go:69.64,71.2 1 1
github.com/IBM/ibmcloud-volume-vpc/block/provider/session.go:74.52,76.2 1 1
github.com/IBM/ibmcloud-volume-vpc/block/provider/util.go:70.62,73.39 3 1
github.com/IBM/ibmcloud-volume-vpc/block/provider/util.go:101.2,101.12 1 1
github.com/IBM/ibmcloud-volume-vpc/block/provider/util.go:73.39,74.12 1 1
github.com/IBM/ibmcloud-volume-vpc/block/provider/util.go:77.3,78.17 2 1
github.com/IBM/ibmcloud-volume-vpc/block/provider/util.go:99.3,99.13 1 1
github.com/IBM/ibmcloud-volume-vpc/block/provider/util.go:74.12,76.4 1 1
github.com/IBM/ibmcloud-volume-vpc/block/provider/util.go:78.17,82.11 3 1
github.com/IBM/ibmcloud-volume-vpc/block/provider/util.go:85.4,85.29 1 1
github.com/IBM/ibmcloud-volume-vpc/block/provider/util.go:88.4,88.14 1 1
github.com/IBM/ibmcloud-volume-vpc/block/provider/util.go:94.4,94.33 1 1
github.com/IBM/ibmcloud-volume-vpc/block/provider/util.go:97.4,97.12 1 1
github.com/IBM/ibmcloud-volume-vpc/block/provider/util.go:82.11,83.13 1 1
github.com/IBM/ibmcloud-volume-vpc/block/provider/util.go:85.29,86.10 1 1
github.com/IBM/ibmcloud-volume-vpc/block/provider/util.go:88.14,90.31 2 1
github.com/IBM/ibmcloud-volume-vpc/block/provider/util.go:90.31,92.6 1 1
github.com/IBM/ibmcloud-volume-vpc/block/provider/util.go:94.33,96.5 1 1
github.com/IBM/ibmcloud-volume-vpc/block/provider/util.go:105.40,106.39 1 1
github.com/IBM/ibmcloud-volume-vpc/block/provider/util.go:112.2,112.14 1 1
github.com/IBM/ibmcloud-volume-vpc/block/provider/util.go:106.39,108.9 2 1
github.com/IBM/ibmcloud-volume-vpc/block/provider/util.go:108.9,110.4 1 1
github.com/IBM/ibmcloud-volume-vpc/block/provider/util.go:116.38,118.11 2 0
github.com/IBM/ibmcloud-volume-vpc/block/provider/util.go:124.2,124.14 1 0
github.com/IBM/ibmcloud-volume-vpc/block/provider/util.go:118.11,120.9 2 0
github.com/IBM/ibmcloud-volume-vpc/block/provider/util.go:120.9,122.4 1 0
github.com/IBM/ibmcloud-volume-vpc/block/provider/util.go:128.60,130.11 1 1
github.com/IBM/ibmcloud-volume-vpc/block/provider/util.go:135.2,136.8 2 1
github.com/IBM/ibmcloud-volume-vpc/block/provider/util.go:139.2,139.14 1 1
github.com/IBM/ibmcloud-volume-vpc/block/provider/util.go:130.11,132.3 1 0
github.com/IBM/ibmcloud-volume-vpc/block/provider/util.go:136.8,138.3 1 0
github.com/IBM/ibmcloud-volume-vpc/block/provider/util.go:149.40,155.2 1 1
github.com/IBM/ibmcloud-volume-vpc/block/provider/util.go:158.64,163.2 1 0
github.com/IBM/ibmcloud-volume-vpc/block/provider/util.go:166.98,170.46 4 1
github.com/IBM/ibmcloud-volume-vpc/block/provider/util.go:193.2,193.12 1 1
github.com/IBM/ibmcloud-volume-vpc/block/provider/util.go:170.46,171.12 1 1
github.com/IBM/ibmcloud-volume-vpc/block/provider/util.go:175.3,176.16 2 1
github.com/IBM/ibmcloud-volume-vpc/block/provider/util.go:181.3,181.13 1 1
github.com/IBM/ibmcloud-volume-vpc/block/provider/util.go:187.3,187.39 1 1
github.com/IBM/ibmcloud-volume-vpc/block/provider/util.go:171.12,173.4 1 1
github.com/IBM/ibmcloud-volume-vpc/block/provider/util.go:176.16,177.9 1 1
github.com/IBM/ibmcloud-volume-vpc/block/provider/util.go:181.13,183.37 2 1
github.com/IBM/ibmcloud-volume-vpc/block/provider/util.go:183.37,185.5 1 1
github.com/IBM/ibmcloud-volume-vpc/block/provider/util.go:187.39,191.4 1 1
github.com/IBM/ibmcloud-volume-vpc/block/provider/util.go:197.110,202.36 4 1
github.com/IBM/ibmcloud-volume-vpc/block/provider/util.go:218.2,218.12 1 1
github.com/IBM/ibmcloud-volume-vpc/block/provider/util.go:202.36,203.12 1 1
github.com/IBM/ibmcloud-volume-vpc/block/provider/util.go:207.3,208.16 2 1
github.com/IBM/ibmcloud-volume-vpc/block/provider/util.go:212.3,212.29 1 1
github.com/IBM/ibmcloud-volume-vpc/block/provider/util.go:203.12,205.4 1 1
github.com/IBM/ibmcloud-volume-vpc/block/provider/util.go:208.16,209.9 1 1
github.com/IBM/ibmcloud-volume-vpc/block/provider/util.go:212.29,216.4 1 1
github.com/IBM/ibmcloud-volume-vpc/block/provider/util.go:222.35,224.16 2 1
github.com/IBM/ibmcloud-volume-vpc/block/provider/util.go:227.2,227.14 1 1
github.com/IBM/ibmcloud-volume-vpc/block/provider/util.go:224.16,226.3 1 1
github.com/IBM/ibmcloud-volume-vpc/block/provider/util.go:231.39,233.16 2 1
github.com/IBM/ibmcloud-volume-vpc/block/provider/util.go:236.2,236.14 1 1
github.com/IBM/ibmcloud-volume-vpc/block/provider/util.go:233.16,235.3 1 1
github.com/IBM/ibmcloud-volume-vpc/block/provider/util.go:240.105,244.22 3 1
github.com/IBM/ibmcloud-volume-vpc/block/provider/util.go:249.2,249.27 1 1
github.com/IBM/ibmcloud-volume-vpc/block/provider/util.go:254.2,259.32 5 1
github.com/IBM/ibmcloud-volume-vpc/block/provider/util.go:263.2,271.27 2 1
github.com/IBM/ibmcloud-volume-vpc/block/provider/util.go:274.2,274.37 1 1
github.com/IBM/ibmcloud-volume-vpc/block/provider/util.go:277.2,279.8 3 1
github.com/IBM/ibmcloud-volume-vpc/block/provider/util.go:244.22,247.3 2 0
github.com/IBM/ibmcloud-volume-vpc/block/provider/util.go:249.27,252.3 2 0
github.com/IBM/ibmcloud-volume-vpc/block/provider/util.go:259.32,261.3 1 1
github.com/IBM/ibmcloud-volume-vpc/block/provider/util.go:271.27,273.3 1 1
github.com/IBM/ibmcloud-volume-vpc/block/provider/util.go:274.37,276.3 1 0
github.com/IBM/ibmcloud-volume-vpc/block/provider/util.go:283.115,287.24 3 1
github.com/IBM/ibmcloud-volume-vpc/block/provider/util.go:292.2,295.34 3 1
github.com/IBM/ibmcloud-volume-vpc/block/provider/util.go:298.2,305.54 2 1
github.com/IBM/ibmcloud-volume-vpc/block/provider/util.go:310.2,310.8 1 1
github.com/IBM/ibmcloud-volume-vpc/block/provider/util.go:287.24,290.3 2 0
github.com/IBM/ibmcloud-volume-vpc/block/provider/util.go:295.34,297.3 1 1
github.com/IBM/ibmcloud-volume-vpc/block/provider/util.go:305.54,307.3 1 1
github.com/IBM/ibmcloud-volume-vpc/block/provider/util.go:307.8,309.3 1 1
github.com/IBM/ibmcloud-volume-vpc/block/provider/util.go:314.47,317.2 2 1
github.com/IBM/ibmcloud-volume-vpc/block/provider/util.go:320.54,321.21 1 1
github.com/IBM/ibmcloud-volume-vpc/block/provider/util.go:325.2,325.16 1 1
github.com/IBM/ibmcloud-volume-vpc/block/provider/util.go:321.21,323.3 1 1
github.com/IBM/ibmcloud-volume-vpc/block/provider/util.go:325.16,327.3 1 1
github.com/IBM/ibmcloud-volume-vpc/block/provider/util.go:330.74,332.2 1 1
github.com/IBM/ibmcloud-volume-vpc/block/provider/util.go:335.44,337.2 1 1
github.com/IBM/ibmcloud-volume-vpc/block/provider/util.go:340.58,342.30 1 1
github.com/IBM/ibmcloud-volume-vpc/block/provider/util.go:347.2,347.12 1 1
github.com/IBM/ibmcloud-volume-vpc/block/provider/util.go:342.30,345.3 2 1
github.com/IBM/ibmcloud-volume-vpc/block/provider/authorize_volume.go:26.97,31.2 3 1
github.com/IBM/ibmcloud-volume-vpc/block/provider/create_snapshot.go:34.139,41.16 7 1
github.com/IBM/ibmcloud-volume-vpc/block/provider/create_snapshot.go:44.2,55.40 4 1
github.com/IBM/ibmcloud-volume-vpc/block/provider/create_snapshot.go:59.2,59.16 1 1
github.com/IBM/ibmcloud-volume-vpc/block/provider/create_snapshot.go:63.2,67.30 4 1
github.com/IBM/ibmcloud-volume-vpc/block/provider/create_snapshot.go:41.16,43.3 1 1
github.com/IBM/ibmcloud-volume-vpc/block/provider/create_snapshot.go:55.40,58.3 2 1
github.com/IBM/ibmcloud-volume-vpc/block/provider/create_snapshot.go:59.16,61.3 1 1
github.com/IBM/ibmcloud-volume-vpc/block/provider/create_snapshot.go:71.126,74.30 2 1
github.com/IBM/ibmcloud-volume-vpc/block/provider/create_snapshot.go:79.2,79.12 1 1
github.com/IBM/ibmcloud-volume-vpc/block/provider/create_snapshot.go:74.30,78.3 3 1
github.com/IBM/ibmcloud-volume-vpc/block/provider/delete_volume.go:31.75,38.16 6 1
github.com/IBM/ibmcloud-volume-vpc/block/provider/delete_volume.go:42.2,43.40 2 1
github.com/IBM/ibmcloud-volume-vpc/block/provider/delete_volume.go:47.2,47.16 1 1
github.com/IBM/ibmcloud-volume-vpc/block/provider/delete_volume.go:51.2,52.16 2 1
github.com/IBM/ibmcloud-volume-vpc/block/provider/delete_volume.go:56.2,57.12 2 1
github.com/IBM/ibmcloud-volume-vpc/block/provider/delete_volume.go:38.16,40.3 1 1
github.com/IBM/ibmcloud-volume-vpc/block/provider/delete_volume.go:43.40,46.3 2 1
github.com/IBM/ibmcloud-volume-vpc/block/provider/delete_volume.go:47.16,49.3 1 1
github.com/IBM/ibmcloud-volume-vpc/block/provider/delete_volume.go:52.16,54.3 1 0
github.com/IBM/ibmcloud-volume-vpc/block/provider/delete_volume.go:61.58,62.19 1 1
github.com/IBM/ibmcloud-volume-vpc/block/provider/delete_volume.go:67.2,67.44 1 1
github.com/IBM/ibmcloud-volume-vpc/block/provider/delete_volume.go:70.2,71.8 2 1
github.com/IBM/ibmcloud-volume-vpc/block/provider/delete_volume.go:62.19,65.3 2 1
github.com/IBM/ibmcloud-volume-vpc/block/provider/delete_volume.go:67.44,69.3 1 1
github.com/IBM/ibmcloud-volume-vpc/block/provider/delete_volume.go:75.75,82.67 5 1
github.com/IBM/ibmcloud-volume-vpc/block/provider/delete_volume.go:92.2,92.24 1 1
github.com/IBM/ibmcloud-volume-vpc/block/provider/delete_volume.go:95.2,95.12 1 1
github.com/IBM/ibmcloud-volume-vpc/block/provider/delete_volume.go:82.67,85.17 2 1
github.com/IBM/ibmcloud-volume-vpc/block/provider/delete_volume.go:89.3,89.20 1 1
github.com/IBM/ibmcloud-volume-vpc/block/provider/delete_volume.go:85.17,88.4 2 0
github.com/IBM/ibmcloud-volume-vpc/block/provider/delete_volume.go:92.24,94.3 1 0
github.com/IBM/ibmcloud-volume-vpc/block/provider/detach_volume.go:33.121,40.51 5 1
github.com/IBM/ibmcloud-volume-vpc/block/provider/detach_volume.go:44.2,46.16 3 1
github.com/IBM/ibmcloud-volume-vpc/block/provider/detach_volume.go:50.2,53.67 3 1
github.com/IBM/ibmcloud-volume-vpc/block/provider/detach_volume.go:76.2,76.16 1 1
github.com/IBM/ibmcloud-volume-vpc/block/provider/detach_volume.go:81.2,82.22 2 1
github.com/IBM/ibmcloud-volume-vpc/block/provider/detach_volume.go:40.51,42.3 1 1
github.com/IBM/ibmcloud-volume-vpc/block/provider/detach_volume.go:46.16,48.3 1 1
github.com/IBM/ibmcloud-volume-vpc/block/provider/detach_volume.go:53.67,57.67 3 1
github.com/IBM/ibmcloud-volume-vpc/block/provider/detach_volume.go:69.3,74.19 3 1
github.com/IBM/ibmcloud-volume-vpc/block/provider/detach_volume.go:57.67,65.18 6 1
github.com/IBM/ibmcloud-volume-vpc/block/provider/detach_volume.go:65.18,67.5 1 1
github.com/IBM/ibmcloud-volume-vpc/block/provider/detach_volume.go:76.16,80.3 3 1
github.com/IBM/ibmcloud-volume-vpc/block/provider/list_volumes.go:38.116,43.15 4 1
github.com/IBM/ibmcloud-volume-vpc/block/provider/list_volumes.go:47.2,47.22 1 1
github.com/IBM/ibmcloud-volume-vpc/block/provider/list_volumes.go:52.2,63.40 5 1
github.com/IBM/ibmcloud-volume-vpc/block/provider/list_volumes.go:68.2,68.16 1 1
github.com/IBM/ibmcloud-volume-vpc/block/provider/list_volumes.go:75.2,78.20 3 1
github.com/IBM/ibmcloud-volume-vpc/block/provider/list_volumes.go:98.2,98.29 1 1
github.com/IBM/ibmcloud-volume-vpc/block/provider/list_volumes.go:43.15,45.3 1 1
github.com/IBM/ibmcloud-volume-vpc/block/provider/list_volumes.go:47.22,50.3 2 0
github.com/IBM/ibmcloud-volume-vpc/block/provider/list_volumes.go:63.40,66.3 2 1
github.com/IBM/ibmcloud-volume-vpc/block/provider/list_volumes.go:68.16,69.62 1 1
github.com/IBM/ibmcloud-volume-vpc/block/provider/list_volumes.go:72.3,72.63 1 1
github.com/IBM/ibmcloud-volume-vpc/block/provider/list_volumes.go:69.62,71.4 1 1
github.com/IBM/ibmcloud-volume-vpc/block/provider/list_volumes.go:78.20,79.26 1 1
github.com/IBM/ibmcloud-volume-vpc/block/provider/list_volumes.go:90.3,91.27 2 1
github.com/IBM/ibmcloud-volume-vpc/block/provider/list_volumes.go:79.26,82.53 2 1
github.com/IBM/ibmcloud-volume-vpc/block/provider/list_volumes.go:87.4,87.31 1 1
github.com/IBM/ibmcloud-volume-vpc/block/provider/list_volumes.go:82.53,84.5 1 1
github.com/IBM/ibmcloud-volume-vpc/block/provider/list_volumes.go:84.10,86.5 1 1
github.com/IBM/ibmcloud-volume-vpc/block/provider/list_volumes.go:91.27,92.40 1 1
github.com/IBM/ibmcloud-volume-vpc/block/provider/list_volumes.go:92.40,95.5 2 1
github.com/IBM/ibmcloud-volume-vpc/block/provider/attach_volume.go:41.140,48.51 5 1
github.com/IBM/ibmcloud-volume-vpc/block/provider/attach_volume.go:52.2,54.16 3 1
github.com/IBM/ibmcloud-volume-vpc/block/provider/attach_volume.go:57.2,61.34 3 1
github.com/IBM/ibmcloud-volume-vpc/block/provider/attach_volume.go:64.2,66.67 2 1
github.com/IBM/ibmcloud-volume-vpc/block/provider/attach_volume.go:86.2,86.16 1 1
github.com/IBM/ibmcloud-volume-vpc/block/provider/attach_volume.go:90.2,91.18 2 1
github.com/IBM/ibmcloud-volume-vpc/block/provider/attach_volume.go:48.51,50.3 1 1
github.com/IBM/ibmcloud-volume-vpc/block/provider/attach_volume.go:54.16,56.3 1 1
github.com/IBM/ibmcloud-volume-vpc/block/provider/attach_volume.go:61.34,63.3 1 1
github.com/IBM/ibmcloud-volume-vpc/block/provider/attach_volume.go:66.67,70.98 3 1
github.com/IBM/ibmcloud-volume-vpc/block/provider/attach_volume.go:76.3,79.17 3 1
github.com/IBM/ibmcloud-volume-vpc/block/provider/attach_volume.go:82.3,83.19 2 1
github.com/IBM/ibmcloud-volume-vpc/block/provider/attach_volume.go:70.98,74.4 3 1
github.com/IBM/ibmcloud-volume-vpc/block/provider/attach_volume.go:79.17,81.4 1 1
github.com/IBM/ibmcloud-volume-vpc/block/provider/attach_volume.go:86.16,89.3 2 1
github.com/IBM/ibmcloud-volume-vpc/block/provider/attach_volume.go:95.113,98.46 2 1
github.com/IBM/ibmcloud-volume-vpc/block/provider/attach_volume.go:104.2,104.44 1 1
github.com/IBM/ibmcloud-volume-vpc/block/provider/attach_volume.go:109.2,109.12 1 1
github.com/IBM/ibmcloud-volume-vpc/block/provider/attach_volume.go:98.46,102.3 3 1
github.com/IBM/ibmcloud-volume-vpc/block/provider/attach_volume.go:104.44,108.3 3 1
github.com/IBM/ibmcloud-volume-vpc/block/provider/get_snapshot.go:28.84,36.40 6 1
github.com/IBM/ibmcloud-volume-vpc/block/provider/get_snapshot.go:41.2,41.16 1 1
github.com/IBM/ibmcloud-volume-vpc/block/provider/get_snapshot.go:45.2,48.30 4 1
github.com/IBM/ibmcloud-volume-vpc/block/provider/get_snapshot.go:36.40,39.3 2 1
github.com/IBM/ibmcloud-volume-vpc/block/provider/get_snapshot.go:41.16,43.3 1 1
github.com/IBM/ibmcloud-volume-vpc/block/provider/get_snapshot.go:52.97,57.20 4 1
github.com/IBM/ibmcloud-volume-vpc/block/provider/get_snapshot.go:62.2,65.40 3 1
github.com/IBM/ibmcloud-volume-vpc/block/provider/get_snapshot.go:70.2,70.16 1 1
github.com/IBM/ibmcloud-volume-vpc/block/provider/get_snapshot.go:74.2,77.30 4 1
github.com/IBM/ibmcloud-volume-vpc/block/provider/get_snapshot.go:57.20,60.3 2 1
github.com/IBM/ibmcloud-volume-vpc/block/provider/get_snapshot.go:65.40,68.3 2 1
github.com/IBM/ibmcloud-volume-vpc/block/provider/get_snapshot.go:70.16,72.3 1 1
github.com/IBM/ibmcloud-volume-vpc/block/provider/list_snapshots.go:35.123,40.15 4 1
github.com/IBM/ibmcloud-volume-vpc/block/provider/list_snapshots.go:44.2,44.22 1 1
github.com/IBM/ibmcloud-volume-vpc/block/provider/list_snapshots.go:49.2,59.40 5 1
github.com/IBM/ibmcloud-volume-vpc/block/provider/list_snapshots.go:64.2,64.16 1 1
github.com/IBM/ibmcloud-volume-vpc/block/provider/list_snapshots.go:71.2,74.22 3 1
github.com/IBM/ibmcloud-volume-vpc/block/provider/list_snapshots.go:92.2,92.30 1 1
github.com/IBM/ibmcloud-volume-vpc/block/provider/list_snapshots.go:40.15,42.3 1 1
github.com/IBM/ibmcloud-volume-vpc/block/provider/list_snapshots.go:44.22,47.3 2 0
github.com/IBM/ibmcloud-volume-vpc/block/provider/list_snapshots.go:59.40,62.3 2 1
github.com/IBM/ibmcloud-volume-vpc/block/provider/list_snapshots.go:64.16,65.63 1 1
github.com/IBM/ibmcloud-volume-vpc/block/provider/list_snapshots.go:68.3,68.65 1 1
github.com/IBM/ibmcloud-volume-vpc/block/provider/list_snapshots.go:65.63,67.4 1 0
github.com/IBM/ibmcloud-volume-vpc/block/provider/list_snapshots.go:74.22,75.28 1 1
github.com/IBM/ibmcloud-volume-vpc/block/provider/list_snapshots.go:86.3,87.42 2 1
github.com/IBM/ibmcloud-volume-vpc/block/provider/list_snapshots.go:75.28,78.55 2 1
github.com/IBM/ibmcloud-volume-vpc/block/provider/list_snapshots.go:83.4,83.32 1 1
github.com/IBM/ibmcloud-volume-vpc/block/provider/list_snapshots.go:78.55,80.5 1 1
github.com/IBM/ibmcloud-volume-vpc/block/provider/list_snapshots.go:80.10,82.5 1 1
github.com/IBM/ibmcloud-volume-vpc/block/provider/list_snapshots.go:87.42,90.4 2 1
github.com/IBM/ibmcloud-volume-vpc/block/provider/token_generator.go:48.69,50.15 2 1
github.com/IBM/ibmcloud-volume-vpc/block/provider/token_generator.go:54.2,54.26 1 1
github.com/IBM/ibmcloud-volume-vpc/block/provider/token_generator.go:58.2,61.16 3 1
github.com/IBM/ibmcloud-volume-vpc/block/provider/token_generator.go:66.2,67.16 2 1
github.com/IBM/ibmcloud-volume-vpc/block/provider/token_generator.go:72.2,74.8 2 1
github.com/IBM/ibmcloud-volume-vpc/block/provider/token_generator.go:50.15,52.3 1 1
github.com/IBM/ibmcloud-volume-vpc/block/provider/token_generator.go:54.26,56.3 1 1
github.com/IBM/ibmcloud-volume-vpc/block/provider/token_generator.go:61.16,64.3 2 1
github.com/IBM/ibmcloud-volume-vpc/block/provider/token_generator.go:67.16,70.3 2 0
github.com/IBM/ibmcloud-volume-vpc/block/provider/token_generator.go:78.149,80.15 2 1
github.com/IBM/ibmcloud-volume-vpc/block/provider/token_generator.go:84.2,85.16 2 1
github.com/IBM/ibmcloud-volume-vpc/block/provider/token_generator.go:89.2,96.9 2 1
github.com/IBM/ibmcloud-volume-vpc/block/provider/token_generator.go:110.2,113.8 3 1
github.com/IBM/ibmcloud-volume-vpc/block/provider/token_generator.go:80.15,82.3 1 1
github.com/IBM/ibmcloud-volume-vpc/block/provider/token_generator.go:85.16,87.3 1 1
github.com/IBM/ibmcloud-volume-vpc/block/provider/token_generator.go:97.39,101.9 4 1
github.com/IBM/ibmcloud-volume-vpc/block/provider/token_generator.go:103.52,104.52 1 1
github.com/IBM/ibmcloud-volume-vpc/block/provider/token_generator.go:106.10,107.53 1 1
github.com/IBM/ibmcloud-volume-vpc/block/provider/token_generator.go:117.143,119.16 2 1
github.com/IBM/ibmcloud-volume-vpc/block/provider/token_generator.go:123.2,124.16 2 1
github.com/IBM/ibmcloud-volume-vpc/block/provider/token_generator.go:128.2,130.8 2 1
github.com/IBM/ibmcloud-volume-vpc/block/provider/token_generator.go:119.16,121.3 1 1
github.com/IBM/ibmcloud-volume-vpc/block/provider/token_generator.go:124.16,126.3 1 0
github.com/IBM/ibmcloud-volume-vpc/block/provider/token_generator.go:134.26,139.2 3 1
github.com/IBM/ibmcloud-volume-vpc/block/provider/update_volume.go:27.75,29.2 1 0
github.com/IBM/ibmcloud-volume-vpc/block/provider/wait_for_valid_volume_state.go:34.86,42.22 6 1
github.com/IBM/ibmcloud-volume-vpc/block/provider/wait_for_valid_volume_state.go:46.2,46.40 1 1
github.com/IBM/ibmcloud-volume-vpc/block/provider/wait_for_valid_volume_state.go:62.2,62.16 1 1
github.com/IBM/ibmcloud-volume-vpc/block/provider/wait_for_valid_volume_state.go:67.2,67.12 1 1
github.com/IBM/ibmcloud-volume-vpc/block/provider/wait_for_valid_volume_state.go:42.22,45.3 2 1
github.com/IBM/ibmcloud-volume-vpc/block/provider/wait_for_valid_volume_state.go:46.40,48.17 2 1
github.com/IBM/ibmcloud-volume-vpc/block/provider/wait_for_valid_volume_state.go:51.3,52.58 2 1
github.com/IBM/ibmcloud-volume-vpc/block/provider/wait_for_valid_volume_state.go:59.3,59.72 1 1
github.com/IBM/ibmcloud-volume-vpc/block/provider/wait_for_valid_volume_state.go:48.17,50.4 1 1
github.com/IBM/ibmcloud-volume-vpc/block/provider/wait_for_valid_volume_state.go:52.58,54.36 2 1
github.com/IBM/ibmcloud-volume-vpc/block/provider/wait_for_valid_volume_state.go:57.4,57.14 1 1
github.com/IBM/ibmcloud-volume-vpc/block/provider/wait_for_valid_volume_state.go:54.36,56.5 1 0
github.com/IBM/ibmcloud-volume-vpc/block/provider/wait_for_valid_volume_state.go:62.16,65.3 2 1
